#
# There is insufficient memory for the Java Runtime Environment to continue.
# Native memory allocation (malloc) failed to allocate 32744 bytes for ChunkPool::allocate
# Possible reasons:
#   The system is out of physical RAM or swap space
#   The process is running with CompressedOops enabled, and the Java Heap may be blocking the growth of the native heap
# Possible solutions:
#   Reduce memory load on the system
#   Increase physical memory or swap space
#   Check if swap backing store is full
#   Decrease Java heap size (-Xmx/-Xms)
#   Decrease number of Java threads
#   Decrease Java thread stack sizes (-Xss)
#   Set larger code cache with -XX:ReservedCodeCacheSize=
#   JVM is running with Unscaled Compressed Oops mode in which the Java heap is
#     placed in the first 4GB address space. The Java Heap base address is the
#     maximum limit for the native heap growth. Please use -XX:HeapBaseMinAddress
#     to set the Java Heap base and to place the Java Heap above 4GB virtual address.
# This output file may be truncated or incomplete.
#
#  Out of Memory Error (arena.cpp:78), pid=5752, tid=22548
#
# JRE version: Java(TM) SE Runtime Environment (17.0+35) (build 17+35-LTS-2724)
# Java VM: Java HotSpot(TM) 64-Bit Server VM (17+35-LTS-2724, mixed mode, sharing, tiered, compressed oops, compressed class ptrs, g1 gc, windows-amd64)
# No core dump will be written. Minidumps are not enabled by default on client versions of Windows
#

---------------  S U M M A R Y ------------

Command Line: --module-path=C:\Users\Erika\.m2\repository\org\openjfx\javafx-base\15.0.1\javafx-base-15.0.1-win.jar;C:\Users\Erika\.m2\repository\org\openjfx\javafx-base\15.0.1\javafx-base-15.0.1.jar;C:\Users\Erika\.m2\repository\org\openjfx\javafx-controls\15.0.1\javafx-controls-15.0.1-win.jar;C:\Users\Erika\.m2\repository\org\openjfx\javafx-controls\15.0.1\javafx-controls-15.0.1.jar;C:\Users\Erika\.m2\repository\org\openjfx\javafx-fxml\15.0.1\javafx-fxml-15.0.1-win.jar;C:\Users\Erika\.m2\repository\org\openjfx\javafx-fxml\15.0.1\javafx-fxml-15.0.1.jar;C:\Users\Erika\.m2\repository\org\openjfx\javafx-graphics\15.0.1\javafx-graphics-15.0.1-win.jar;C:\Users\Erika\.m2\repository\org\openjfx\javafx-graphics\15.0.1\javafx-graphics-15.0.1.jar --add-modules=javafx.base,javafx.controls,javafx.fxml,javafx.graphics org.loose.fis.bsa.Main

Host: Intel(R) Core(TM) i7-6700HQ CPU @ 2.60GHz, 8 cores, 7G,  Windows 10 , 64 bit Build 19041 (10.0.19041.1645)
Time: Tue May  3 02:10:15 2022 GTB Daylight Time elapsed time: 2.687023 seconds (0d 0h 0m 2s)

---------------  T H R E A D  ---------------

Current thread (0x000001412ddc08e0):  JavaThread "C2 CompilerThread0" daemon [_thread_in_native, id=22548, stack(0x000000079b600000,0x000000079b700000)]


Current CompileTask:
C2:   2687 1243   !   4       com.sun.javafx.css.ParsedValueImpl::readBinary (688 bytes)

Stack: [0x000000079b600000,0x000000079b700000]
Native frames: (J=compiled Java code, j=interpreted, Vv=VM code, C=native code)
V  [jvm.dll+0x66f8ea]
V  [jvm.dll+0x7ce224]
V  [jvm.dll+0x7cf9ce]
V  [jvm.dll+0x7d0033]
V  [jvm.dll+0x242bb5]
V  [jvm.dll+0xaa2a0]
V  [jvm.dll+0xaa5ec]
V  [jvm.dll+0x364bb2]
V  [jvm.dll+0x55ab39]
V  [jvm.dll+0x329f90]
V  [jvm.dll+0x32940a]
V  [jvm.dll+0x215ca1]
V  [jvm.dll+0x2150c1]
V  [jvm.dll+0x1a168d]
V  [jvm.dll+0x2248f8]
V  [jvm.dll+0x222a5c]
V  [jvm.dll+0x78422b]
V  [jvm.dll+0x77e7ea]
V  [jvm.dll+0x66e715]
C  [ucrtbase.dll+0x21bb2]
C  [KERNEL32.DLL+0x17034]
C  [ntdll.dll+0x52651]


---------------  P R O C E S S  ---------------

Threads class SMR info:
_java_thread_list=0x0000014133f47880, length=18, elements={
0x000001410dd93060, 0x000001412dda0750, 0x000001412dda14d0, 0x000001412ddba8f0,
0x000001412ddbb1b0, 0x000001412ddbba70, 0x000001412ddbc740, 0x000001412ddc08e0,
0x000001412ddc92a0, 0x000001412ddd4380, 0x000001412dd88f70, 0x000001412e9cd380,
0x000001412eee9d70, 0x000001412efeda70, 0x000001412eea7910, 0x000001412f212f00,
0x000001412f1aa8b0, 0x0000014133f32ae0
}

Java Threads: ( => current thread )
  0x000001410dd93060 JavaThread "main" [_thread_blocked, id=18484, stack(0x000000079a900000,0x000000079aa00000)]
  0x000001412dda0750 JavaThread "Reference Handler" daemon [_thread_blocked, id=13644, stack(0x000000079b000000,0x000000079b100000)]
  0x000001412dda14d0 JavaThread "Finalizer" daemon [_thread_blocked, id=11508, stack(0x000000079b100000,0x000000079b200000)]
  0x000001412ddba8f0 JavaThread "Signal Dispatcher" daemon [_thread_blocked, id=5592, stack(0x000000079b200000,0x000000079b300000)]
  0x000001412ddbb1b0 JavaThread "Attach Listener" daemon [_thread_blocked, id=11032, stack(0x000000079b300000,0x000000079b400000)]
  0x000001412ddbba70 JavaThread "Service Thread" daemon [_thread_blocked, id=9108, stack(0x000000079b400000,0x000000079b500000)]
  0x000001412ddbc740 JavaThread "Monitor Deflation Thread" daemon [_thread_blocked, id=20264, stack(0x000000079b500000,0x000000079b600000)]
=>0x000001412ddc08e0 JavaThread "C2 CompilerThread0" daemon [_thread_in_native, id=22548, stack(0x000000079b600000,0x000000079b700000)]
  0x000001412ddc92a0 JavaThread "C1 CompilerThread0" daemon [_thread_blocked, id=14164, stack(0x000000079b700000,0x000000079b800000)]
  0x000001412ddd4380 JavaThread "Sweeper thread" daemon [_thread_blocked, id=21672, stack(0x000000079b800000,0x000000079b900000)]
  0x000001412dd88f70 JavaThread "Common-Cleaner" daemon [_thread_blocked, id=24164, stack(0x000000079b900000,0x000000079ba00000)]
  0x000001412e9cd380 JavaThread "Notification Thread" daemon [_thread_blocked, id=852, stack(0x000000079ba00000,0x000000079bb00000)]
  0x000001412eee9d70 JavaThread "QuantumRenderer-0" daemon [_thread_blocked, id=20876, stack(0x000000079bc00000,0x000000079bd00000)]
  0x000001412efeda70 JavaThread "InvokeLaterDispatcher" daemon [_thread_blocked, id=23732, stack(0x000000079bd00000,0x000000079be00000)]
  0x000001412eea7910 JavaThread "JavaFX Application Thread" [_thread_in_native, id=22140, stack(0x000000079be00000,0x000000079bf00000)]
  0x000001412f212f00 JavaThread "JavaFX-Launcher" [_thread_blocked, id=7056, stack(0x000000079c300000,0x000000079c400000)]
  0x000001412f1aa8b0 JavaThread "Thread-2" daemon [_thread_in_native, id=23656, stack(0x000000079c200000,0x000000079c300000)]
  0x0000014133f32ae0 JavaThread "C2 CompilerThread1" daemon [_thread_blocked, id=24228, stack(0x000000079c900000,0x000000079ca00000)]

Other Threads:
  0x000001412dd9bc40 VMThread "VM Thread" [stack: 0x000000079af00000,0x000000079b000000] [id=22264]
  0x000001410ddff7b0 WatcherThread [stack: 0x000000079bb00000,0x000000079bc00000] [id=14040]
  0x000001410ddd2390 GCTaskThread "GC Thread#0" [stack: 0x000000079aa00000,0x000000079ab00000] [id=23344]
  0x000001412ef6a6f0 GCTaskThread "GC Thread#1" [stack: 0x000000079c400000,0x000000079c500000] [id=20920]
  0x000001412f159eb0 GCTaskThread "GC Thread#2" [stack: 0x000000079c500000,0x000000079c600000] [id=21492]
  0x000001412f2952c0 GCTaskThread "GC Thread#3" [stack: 0x000000079c600000,0x000000079c700000] [id=16196]
  0x000001412f2bc0b0 GCTaskThread "GC Thread#4" [stack: 0x000000079c700000,0x000000079c800000] [id=24092]
  0x000001412f2b9360 GCTaskThread "GC Thread#5" [stack: 0x000000079c800000,0x000000079c900000] [id=19356]
  0x000001410dde2f90 ConcurrentGCThread "G1 Main Marker" [stack: 0x000000079ab00000,0x000000079ac00000] [id=5428]
  0x000001410dde4140 ConcurrentGCThread "G1 Conc#0" [stack: 0x000000079ac00000,0x000000079ad00000] [id=24488]
  0x000001412dc60090 ConcurrentGCThread "G1 Refine#0" [stack: 0x000000079ad00000,0x000000079ae00000] [id=21364]
  0x000001412dc609c0 ConcurrentGCThread "G1 Service" [stack: 0x000000079ae00000,0x000000079af00000] [id=22468]

Threads with active compile tasks:
C2 CompilerThread0     3064 1243   !   4       com.sun.javafx.css.ParsedValueImpl::readBinary (688 bytes)

VM state: not at safepoint (normal execution)

VM Mutex/Monitor currently owned by a thread: None

Heap address: 0x0000000081a00000, size: 2022 MB, Compressed Oops mode: 32-bit

CDS archive(s) mapped at: [0x0000000800000000-0x0000000800bc0000-0x0000000800bc0000), size 12320768, SharedBaseAddress: 0x0000000800000000, ArchiveRelocationMode: 0.
Compressed class space mapped at: 0x0000000800c00000-0x0000000840c00000, reserved size: 1073741824
Narrow klass base: 0x0000000800000000, Narrow klass shift: 0, Narrow klass range: 0x100000000

GC Precious Log:
 CPUs: 8 total, 8 available
 Memory: 8087M
 Large Page Support: Disabled
 NUMA Support: Disabled
 Compressed Oops: Enabled (32-bit)
 Heap Region Size: 1M
 Heap Min Capacity: 8M
 Heap Initial Capacity: 128M
 Heap Max Capacity: 2022M
 Pre-touch: Disabled
 Parallel Workers: 8
 Concurrent Workers: 2
 Concurrent Refinement Workers: 8
 Periodic GC: Disabled

Heap:
 garbage-first heap   total 131072K, used 17994K [0x0000000081a00000, 0x0000000100000000)
  region size 1024K, 16 young (16384K), 3 survivors (3072K)
 Metaspace       used 8660K, committed 8832K, reserved 1064960K
  class space    used 1108K, committed 1152K, reserved 1048576K

Heap Regions: E=young(eden), S=young(survivor), O=old, HS=humongous(starts), HC=humongous(continues), CS=collection set, F=free, OA=open archive, CA=closed archive, TAMS=top-at-mark-start (previous, next)
|   0|0x0000000081a00000, 0x0000000081a92800, 0x0000000081b00000| 57%| O|  |TAMS 0x0000000081a00000, 0x0000000081a00000| Untracked 
|   1|0x0000000081b00000, 0x0000000081c00000, 0x0000000081c00000|100%|HS|  |TAMS 0x0000000081b00000, 0x0000000081b00000| Complete 
|   2|0x0000000081c00000, 0x0000000081d00000, 0x0000000081d00000|100%|HC|  |TAMS 0x0000000081c00000, 0x0000000081c00000| Complete 
|   3|0x0000000081d00000, 0x0000000081d00000, 0x0000000081e00000|  0%| F|  |TAMS 0x0000000081d00000, 0x0000000081d00000| Untracked 
|   4|0x0000000081e00000, 0x0000000081e00000, 0x0000000081f00000|  0%| F|  |TAMS 0x0000000081e00000, 0x0000000081e00000| Untracked 
|   5|0x0000000081f00000, 0x0000000081f00000, 0x0000000082000000|  0%| F|  |TAMS 0x0000000081f00000, 0x0000000081f00000| Untracked 
|   6|0x0000000082000000, 0x0000000082000000, 0x0000000082100000|  0%| F|  |TAMS 0x0000000082000000, 0x0000000082000000| Untracked 
|   7|0x0000000082100000, 0x0000000082100000, 0x0000000082200000|  0%| F|  |TAMS 0x0000000082100000, 0x0000000082100000| Untracked 
|   8|0x0000000082200000, 0x0000000082200000, 0x0000000082300000|  0%| F|  |TAMS 0x0000000082200000, 0x0000000082200000| Untracked 
|   9|0x0000000082300000, 0x0000000082300000, 0x0000000082400000|  0%| F|  |TAMS 0x0000000082300000, 0x0000000082300000| Untracked 
|  10|0x0000000082400000, 0x0000000082400000, 0x0000000082500000|  0%| F|  |TAMS 0x0000000082400000, 0x0000000082400000| Untracked 
|  11|0x0000000082500000, 0x0000000082500000, 0x0000000082600000|  0%| F|  |TAMS 0x0000000082500000, 0x0000000082500000| Untracked 
|  12|0x0000000082600000, 0x0000000082600000, 0x0000000082700000|  0%| F|  |TAMS 0x0000000082600000, 0x0000000082600000| Untracked 
|  13|0x0000000082700000, 0x0000000082700000, 0x0000000082800000|  0%| F|  |TAMS 0x0000000082700000, 0x0000000082700000| Untracked 
|  14|0x0000000082800000, 0x0000000082800000, 0x0000000082900000|  0%| F|  |TAMS 0x0000000082800000, 0x0000000082800000| Untracked 
|  15|0x0000000082900000, 0x0000000082900000, 0x0000000082a00000|  0%| F|  |TAMS 0x0000000082900000, 0x0000000082900000| Untracked 
|  16|0x0000000082a00000, 0x0000000082a00000, 0x0000000082b00000|  0%| F|  |TAMS 0x0000000082a00000, 0x0000000082a00000| Untracked 
|  17|0x0000000082b00000, 0x0000000082b00000, 0x0000000082c00000|  0%| F|  |TAMS 0x0000000082b00000, 0x0000000082b00000| Untracked 
|  18|0x0000000082c00000, 0x0000000082c00000, 0x0000000082d00000|  0%| F|  |TAMS 0x0000000082c00000, 0x0000000082c00000| Untracked 
|  19|0x0000000082d00000, 0x0000000082d00000, 0x0000000082e00000|  0%| F|  |TAMS 0x0000000082d00000, 0x0000000082d00000| Untracked 
|  20|0x0000000082e00000, 0x0000000082e00000, 0x0000000082f00000|  0%| F|  |TAMS 0x0000000082e00000, 0x0000000082e00000| Untracked 
|  21|0x0000000082f00000, 0x0000000082f00000, 0x0000000083000000|  0%| F|  |TAMS 0x0000000082f00000, 0x0000000082f00000| Untracked 
|  22|0x0000000083000000, 0x0000000083000000, 0x0000000083100000|  0%| F|  |TAMS 0x0000000083000000, 0x0000000083000000| Untracked 
|  23|0x0000000083100000, 0x0000000083100000, 0x0000000083200000|  0%| F|  |TAMS 0x0000000083100000, 0x0000000083100000| Untracked 
|  24|0x0000000083200000, 0x0000000083200000, 0x0000000083300000|  0%| F|  |TAMS 0x0000000083200000, 0x0000000083200000| Untracked 
|  25|0x0000000083300000, 0x0000000083300000, 0x0000000083400000|  0%| F|  |TAMS 0x0000000083300000, 0x0000000083300000| Untracked 
|  26|0x0000000083400000, 0x0000000083400000, 0x0000000083500000|  0%| F|  |TAMS 0x0000000083400000, 0x0000000083400000| Untracked 
|  27|0x0000000083500000, 0x0000000083500000, 0x0000000083600000|  0%| F|  |TAMS 0x0000000083500000, 0x0000000083500000| Untracked 
|  28|0x0000000083600000, 0x0000000083600000, 0x0000000083700000|  0%| F|  |TAMS 0x0000000083600000, 0x0000000083600000| Untracked 
|  29|0x0000000083700000, 0x0000000083700000, 0x0000000083800000|  0%| F|  |TAMS 0x0000000083700000, 0x0000000083700000| Untracked 
|  30|0x0000000083800000, 0x0000000083800000, 0x0000000083900000|  0%| F|  |TAMS 0x0000000083800000, 0x0000000083800000| Untracked 
|  31|0x0000000083900000, 0x0000000083900000, 0x0000000083a00000|  0%| F|  |TAMS 0x0000000083900000, 0x0000000083900000| Untracked 
|  32|0x0000000083a00000, 0x0000000083a00000, 0x0000000083b00000|  0%| F|  |TAMS 0x0000000083a00000, 0x0000000083a00000| Untracked 
|  33|0x0000000083b00000, 0x0000000083b00000, 0x0000000083c00000|  0%| F|  |TAMS 0x0000000083b00000, 0x0000000083b00000| Untracked 
|  34|0x0000000083c00000, 0x0000000083c00000, 0x0000000083d00000|  0%| F|  |TAMS 0x0000000083c00000, 0x0000000083c00000| Untracked 
|  35|0x0000000083d00000, 0x0000000083d00000, 0x0000000083e00000|  0%| F|  |TAMS 0x0000000083d00000, 0x0000000083d00000| Untracked 
|  36|0x0000000083e00000, 0x0000000083e00000, 0x0000000083f00000|  0%| F|  |TAMS 0x0000000083e00000, 0x0000000083e00000| Untracked 
|  37|0x0000000083f00000, 0x0000000083f00000, 0x0000000084000000|  0%| F|  |TAMS 0x0000000083f00000, 0x0000000083f00000| Untracked 
|  38|0x0000000084000000, 0x0000000084000000, 0x0000000084100000|  0%| F|  |TAMS 0x0000000084000000, 0x0000000084000000| Untracked 
|  39|0x0000000084100000, 0x0000000084100000, 0x0000000084200000|  0%| F|  |TAMS 0x0000000084100000, 0x0000000084100000| Untracked 
|  40|0x0000000084200000, 0x0000000084200000, 0x0000000084300000|  0%| F|  |TAMS 0x0000000084200000, 0x0000000084200000| Untracked 
|  41|0x0000000084300000, 0x0000000084300000, 0x0000000084400000|  0%| F|  |TAMS 0x0000000084300000, 0x0000000084300000| Untracked 
|  42|0x0000000084400000, 0x0000000084400000, 0x0000000084500000|  0%| F|  |TAMS 0x0000000084400000, 0x0000000084400000| Untracked 
|  43|0x0000000084500000, 0x0000000084500000, 0x0000000084600000|  0%| F|  |TAMS 0x0000000084500000, 0x0000000084500000| Untracked 
|  44|0x0000000084600000, 0x0000000084600000, 0x0000000084700000|  0%| F|  |TAMS 0x0000000084600000, 0x0000000084600000| Untracked 
|  45|0x0000000084700000, 0x0000000084700000, 0x0000000084800000|  0%| F|  |TAMS 0x0000000084700000, 0x0000000084700000| Untracked 
|  46|0x0000000084800000, 0x0000000084800000, 0x0000000084900000|  0%| F|  |TAMS 0x0000000084800000, 0x0000000084800000| Untracked 
|  47|0x0000000084900000, 0x0000000084900000, 0x0000000084a00000|  0%| F|  |TAMS 0x0000000084900000, 0x0000000084900000| Untracked 
|  48|0x0000000084a00000, 0x0000000084a00000, 0x0000000084b00000|  0%| F|  |TAMS 0x0000000084a00000, 0x0000000084a00000| Untracked 
|  49|0x0000000084b00000, 0x0000000084b00000, 0x0000000084c00000|  0%| F|  |TAMS 0x0000000084b00000, 0x0000000084b00000| Untracked 
|  50|0x0000000084c00000, 0x0000000084c00000, 0x0000000084d00000|  0%| F|  |TAMS 0x0000000084c00000, 0x0000000084c00000| Untracked 
|  51|0x0000000084d00000, 0x0000000084d00000, 0x0000000084e00000|  0%| F|  |TAMS 0x0000000084d00000, 0x0000000084d00000| Untracked 
|  52|0x0000000084e00000, 0x0000000084e00000, 0x0000000084f00000|  0%| F|  |TAMS 0x0000000084e00000, 0x0000000084e00000| Untracked 
|  53|0x0000000084f00000, 0x0000000084f00000, 0x0000000085000000|  0%| F|  |TAMS 0x0000000084f00000, 0x0000000084f00000| Untracked 
|  54|0x0000000085000000, 0x0000000085000000, 0x0000000085100000|  0%| F|  |TAMS 0x0000000085000000, 0x0000000085000000| Untracked 
|  55|0x0000000085100000, 0x0000000085100000, 0x0000000085200000|  0%| F|  |TAMS 0x0000000085100000, 0x0000000085100000| Untracked 
|  56|0x0000000085200000, 0x0000000085200000, 0x0000000085300000|  0%| F|  |TAMS 0x0000000085200000, 0x0000000085200000| Untracked 
|  57|0x0000000085300000, 0x0000000085300000, 0x0000000085400000|  0%| F|  |TAMS 0x0000000085300000, 0x0000000085300000| Untracked 
|  58|0x0000000085400000, 0x0000000085400000, 0x0000000085500000|  0%| F|  |TAMS 0x0000000085400000, 0x0000000085400000| Untracked 
|  59|0x0000000085500000, 0x0000000085500000, 0x0000000085600000|  0%| F|  |TAMS 0x0000000085500000, 0x0000000085500000| Untracked 
|  60|0x0000000085600000, 0x0000000085600000, 0x0000000085700000|  0%| F|  |TAMS 0x0000000085600000, 0x0000000085600000| Untracked 
|  61|0x0000000085700000, 0x0000000085700000, 0x0000000085800000|  0%| F|  |TAMS 0x0000000085700000, 0x0000000085700000| Untracked 
|  62|0x0000000085800000, 0x0000000085800000, 0x0000000085900000|  0%| F|  |TAMS 0x0000000085800000, 0x0000000085800000| Untracked 
|  63|0x0000000085900000, 0x0000000085900000, 0x0000000085a00000|  0%| F|  |TAMS 0x0000000085900000, 0x0000000085900000| Untracked 
|  64|0x0000000085a00000, 0x0000000085a00000, 0x0000000085b00000|  0%| F|  |TAMS 0x0000000085a00000, 0x0000000085a00000| Untracked 
|  65|0x0000000085b00000, 0x0000000085b00000, 0x0000000085c00000|  0%| F|  |TAMS 0x0000000085b00000, 0x0000000085b00000| Untracked 
|  66|0x0000000085c00000, 0x0000000085c00000, 0x0000000085d00000|  0%| F|  |TAMS 0x0000000085c00000, 0x0000000085c00000| Untracked 
|  67|0x0000000085d00000, 0x0000000085d00000, 0x0000000085e00000|  0%| F|  |TAMS 0x0000000085d00000, 0x0000000085d00000| Untracked 
|  68|0x0000000085e00000, 0x0000000085e00000, 0x0000000085f00000|  0%| F|  |TAMS 0x0000000085e00000, 0x0000000085e00000| Untracked 
|  69|0x0000000085f00000, 0x0000000085f00000, 0x0000000086000000|  0%| F|  |TAMS 0x0000000085f00000, 0x0000000085f00000| Untracked 
|  70|0x0000000086000000, 0x0000000086000000, 0x0000000086100000|  0%| F|  |TAMS 0x0000000086000000, 0x0000000086000000| Untracked 
|  71|0x0000000086100000, 0x0000000086100000, 0x0000000086200000|  0%| F|  |TAMS 0x0000000086100000, 0x0000000086100000| Untracked 
|  72|0x0000000086200000, 0x0000000086200000, 0x0000000086300000|  0%| F|  |TAMS 0x0000000086200000, 0x0000000086200000| Untracked 
|  73|0x0000000086300000, 0x0000000086300000, 0x0000000086400000|  0%| F|  |TAMS 0x0000000086300000, 0x0000000086300000| Untracked 
|  74|0x0000000086400000, 0x0000000086400000, 0x0000000086500000|  0%| F|  |TAMS 0x0000000086400000, 0x0000000086400000| Untracked 
|  75|0x0000000086500000, 0x0000000086500000, 0x0000000086600000|  0%| F|  |TAMS 0x0000000086500000, 0x0000000086500000| Untracked 
|  76|0x0000000086600000, 0x0000000086600000, 0x0000000086700000|  0%| F|  |TAMS 0x0000000086600000, 0x0000000086600000| Untracked 
|  77|0x0000000086700000, 0x0000000086700000, 0x0000000086800000|  0%| F|  |TAMS 0x0000000086700000, 0x0000000086700000| Untracked 
|  78|0x0000000086800000, 0x0000000086800000, 0x0000000086900000|  0%| F|  |TAMS 0x0000000086800000, 0x0000000086800000| Untracked 
|  79|0x0000000086900000, 0x0000000086900000, 0x0000000086a00000|  0%| F|  |TAMS 0x0000000086900000, 0x0000000086900000| Untracked 
|  80|0x0000000086a00000, 0x0000000086a00000, 0x0000000086b00000|  0%| F|  |TAMS 0x0000000086a00000, 0x0000000086a00000| Untracked 
|  81|0x0000000086b00000, 0x0000000086b00000, 0x0000000086c00000|  0%| F|  |TAMS 0x0000000086b00000, 0x0000000086b00000| Untracked 
|  82|0x0000000086c00000, 0x0000000086c00000, 0x0000000086d00000|  0%| F|  |TAMS 0x0000000086c00000, 0x0000000086c00000| Untracked 
|  83|0x0000000086d00000, 0x0000000086d00000, 0x0000000086e00000|  0%| F|  |TAMS 0x0000000086d00000, 0x0000000086d00000| Untracked 
|  84|0x0000000086e00000, 0x0000000086e00000, 0x0000000086f00000|  0%| F|  |TAMS 0x0000000086e00000, 0x0000000086e00000| Untracked 
|  85|0x0000000086f00000, 0x0000000086f00000, 0x0000000087000000|  0%| F|  |TAMS 0x0000000086f00000, 0x0000000086f00000| Untracked 
|  86|0x0000000087000000, 0x0000000087000000, 0x0000000087100000|  0%| F|  |TAMS 0x0000000087000000, 0x0000000087000000| Untracked 
|  87|0x0000000087100000, 0x0000000087100000, 0x0000000087200000|  0%| F|  |TAMS 0x0000000087100000, 0x0000000087100000| Untracked 
|  88|0x0000000087200000, 0x0000000087200000, 0x0000000087300000|  0%| F|  |TAMS 0x0000000087200000, 0x0000000087200000| Untracked 
|  89|0x0000000087300000, 0x0000000087300000, 0x0000000087400000|  0%| F|  |TAMS 0x0000000087300000, 0x0000000087300000| Untracked 
|  90|0x0000000087400000, 0x0000000087400000, 0x0000000087500000|  0%| F|  |TAMS 0x0000000087400000, 0x0000000087400000| Untracked 
|  91|0x0000000087500000, 0x0000000087500000, 0x0000000087600000|  0%| F|  |TAMS 0x0000000087500000, 0x0000000087500000| Untracked 
|  92|0x0000000087600000, 0x0000000087600000, 0x0000000087700000|  0%| F|  |TAMS 0x0000000087600000, 0x0000000087600000| Untracked 
|  93|0x0000000087700000, 0x0000000087700000, 0x0000000087800000|  0%| F|  |TAMS 0x0000000087700000, 0x0000000087700000| Untracked 
|  94|0x0000000087800000, 0x0000000087800000, 0x0000000087900000|  0%| F|  |TAMS 0x0000000087800000, 0x0000000087800000| Untracked 
|  95|0x0000000087900000, 0x0000000087900000, 0x0000000087a00000|  0%| F|  |TAMS 0x0000000087900000, 0x0000000087900000| Untracked 
|  96|0x0000000087a00000, 0x0000000087a00000, 0x0000000087b00000|  0%| F|  |TAMS 0x0000000087a00000, 0x0000000087a00000| Untracked 
|  97|0x0000000087b00000, 0x0000000087b00000, 0x0000000087c00000|  0%| F|  |TAMS 0x0000000087b00000, 0x0000000087b00000| Untracked 
|  98|0x0000000087c00000, 0x0000000087c00000, 0x0000000087d00000|  0%| F|  |TAMS 0x0000000087c00000, 0x0000000087c00000| Untracked 
|  99|0x0000000087d00000, 0x0000000087d00000, 0x0000000087e00000|  0%| F|  |TAMS 0x0000000087d00000, 0x0000000087d00000| Untracked 
| 100|0x0000000087e00000, 0x0000000087e00000, 0x0000000087f00000|  0%| F|  |TAMS 0x0000000087e00000, 0x0000000087e00000| Untracked 
| 101|0x0000000087f00000, 0x0000000087f00000, 0x0000000088000000|  0%| F|  |TAMS 0x0000000087f00000, 0x0000000087f00000| Untracked 
| 102|0x0000000088000000, 0x0000000088100000, 0x0000000088100000|100%| S|CS|TAMS 0x0000000088000000, 0x0000000088000000| Complete 
| 103|0x0000000088100000, 0x0000000088200000, 0x0000000088200000|100%| S|CS|TAMS 0x0000000088100000, 0x0000000088100000| Complete 
| 104|0x0000000088200000, 0x0000000088300000, 0x0000000088300000|100%| S|CS|TAMS 0x0000000088200000, 0x0000000088200000| Complete 
| 105|0x0000000088300000, 0x0000000088300000, 0x0000000088400000|  0%| F|  |TAMS 0x0000000088300000, 0x0000000088300000| Untracked 
| 106|0x0000000088400000, 0x0000000088400000, 0x0000000088500000|  0%| F|  |TAMS 0x0000000088400000, 0x0000000088400000| Untracked 
| 107|0x0000000088500000, 0x0000000088500000, 0x0000000088600000|  0%| F|  |TAMS 0x0000000088500000, 0x0000000088500000| Untracked 
| 108|0x0000000088600000, 0x0000000088600000, 0x0000000088700000|  0%| F|  |TAMS 0x0000000088600000, 0x0000000088600000| Untracked 
| 109|0x0000000088700000, 0x0000000088700000, 0x0000000088800000|  0%| F|  |TAMS 0x0000000088700000, 0x0000000088700000| Untracked 
| 110|0x0000000088800000, 0x0000000088800000, 0x0000000088900000|  0%| F|  |TAMS 0x0000000088800000, 0x0000000088800000| Untracked 
| 111|0x0000000088900000, 0x0000000088900000, 0x0000000088a00000|  0%| F|  |TAMS 0x0000000088900000, 0x0000000088900000| Untracked 
| 112|0x0000000088a00000, 0x0000000088a00000, 0x0000000088b00000|  0%| F|  |TAMS 0x0000000088a00000, 0x0000000088a00000| Untracked 
| 113|0x0000000088b00000, 0x0000000088b00000, 0x0000000088c00000|  0%| F|  |TAMS 0x0000000088b00000, 0x0000000088b00000| Untracked 
| 114|0x0000000088c00000, 0x0000000088c00000, 0x0000000088d00000|  0%| F|  |TAMS 0x0000000088c00000, 0x0000000088c00000| Untracked 
| 115|0x0000000088d00000, 0x0000000088dcacd0, 0x0000000088e00000| 79%| E|  |TAMS 0x0000000088d00000, 0x0000000088d00000| Complete 
| 116|0x0000000088e00000, 0x0000000088f00000, 0x0000000088f00000|100%| E|CS|TAMS 0x0000000088e00000, 0x0000000088e00000| Complete 
| 117|0x0000000088f00000, 0x0000000089000000, 0x0000000089000000|100%| E|CS|TAMS 0x0000000088f00000, 0x0000000088f00000| Complete 
| 118|0x0000000089000000, 0x0000000089100000, 0x0000000089100000|100%| E|CS|TAMS 0x0000000089000000, 0x0000000089000000| Complete 
| 119|0x0000000089100000, 0x0000000089200000, 0x0000000089200000|100%| E|CS|TAMS 0x0000000089100000, 0x0000000089100000| Complete 
| 120|0x0000000089200000, 0x0000000089300000, 0x0000000089300000|100%| E|CS|TAMS 0x0000000089200000, 0x0000000089200000| Complete 
| 121|0x0000000089300000, 0x0000000089400000, 0x0000000089400000|100%| E|CS|TAMS 0x0000000089300000, 0x0000000089300000| Complete 
| 122|0x0000000089400000, 0x0000000089500000, 0x0000000089500000|100%| E|CS|TAMS 0x0000000089400000, 0x0000000089400000| Complete 
| 123|0x0000000089500000, 0x0000000089600000, 0x0000000089600000|100%| E|CS|TAMS 0x0000000089500000, 0x0000000089500000| Complete 
| 124|0x0000000089600000, 0x0000000089700000, 0x0000000089700000|100%| E|CS|TAMS 0x0000000089600000, 0x0000000089600000| Complete 
| 125|0x0000000089700000, 0x0000000089800000, 0x0000000089800000|100%| E|CS|TAMS 0x0000000089700000, 0x0000000089700000| Complete 
| 126|0x0000000089800000, 0x0000000089900000, 0x0000000089900000|100%| E|CS|TAMS 0x0000000089800000, 0x0000000089800000| Complete 
| 127|0x0000000089900000, 0x0000000089a00000, 0x0000000089a00000|100%| E|CS|TAMS 0x0000000089900000, 0x0000000089900000| Complete 

Card table byte_map: [0x0000014126c00000,0x0000014127000000] _byte_map_base: 0x00000141267f3000

Marking Bits (Prev, Next): (CMBitMap*) 0x000001410ddd29a0, (CMBitMap*) 0x000001410ddd29e0
 Prev Bits: [0x0000014127400000, 0x0000014129398000)
 Next Bits: [0x00000141293a0000, 0x000001412b338000)

Polling page: 0x000001410de70000

Metaspace:

Usage:
  Non-class:      7.38 MB used.
      Class:      1.08 MB used.
       Both:      8.46 MB used.

Virtual space:
  Non-class space:       16.00 MB reserved,       7.50 MB ( 47%) committed,  2 nodes.
      Class space:        1.00 GB reserved,       1.12 MB ( <1%) committed,  1 nodes.
             Both:        1.02 GB reserved,       8.62 MB ( <1%) committed. 

Chunk freelists:
   Non-Class:  3.51 MB
       Class:  2.81 MB
        Both:  6.33 MB

MaxMetaspaceSize: unlimited
CompressedClassSpaceSize: 1.00 GB
Initial GC threshold: 21.00 MB
Current GC threshold: 21.00 MB
CDS: on
MetaspaceReclaimPolicy: balanced
 - commit_granule_bytes: 65536.
 - commit_granule_words: 8192.
 - virtual_space_node_default_size: 1048576.
 - enlarge_chunks_in_place: 1.
 - new_chunks_are_fully_committed: 0.
 - uncommit_free_chunks: 1.
 - use_allocation_guard: 0.
 - handle_deallocations: 1.


Internal statistics:

num_allocs_failed_limit: 0.
num_arena_births: 152.
num_arena_deaths: 0.
num_vsnodes_births: 3.
num_vsnodes_deaths: 0.
num_space_committed: 138.
num_space_uncommitted: 0.
num_chunks_returned_to_freelist: 0.
num_chunks_taken_from_freelist: 402.
num_chunk_merges: 0.
num_chunk_splits: 271.
num_chunks_enlarged: 205.
num_purges: 0.
num_inconsistent_stats: 0.

CodeHeap 'non-profiled nmethods': size=120000Kb used=413Kb max_used=413Kb free=119586Kb
 bounds [0x000001411e870000, 0x000001411eae0000, 0x0000014125da0000]
CodeHeap 'profiled nmethods': size=120000Kb used=2164Kb max_used=2164Kb free=117835Kb
 bounds [0x0000014117340000, 0x00000141175b0000, 0x000001411e870000]
CodeHeap 'non-nmethods': size=5760Kb used=1274Kb max_used=1291Kb free=4486Kb
 bounds [0x0000014116da0000, 0x0000014117010000, 0x0000014117340000]
 total_blobs=1889 nmethods=1290 adapters=512
 compilation: enabled
              stopped_count=0, restarted_count=0
 full_count=0

Compilation events (20 events):
Event: 1.538 Thread 0x000001412ddc92a0 1244   !   3       javafx.css.Rule::getUnobservedDeclarationList (197 bytes)
Event: 1.539 Thread 0x000001412ddc92a0 nmethod 1244 0x000001411753eb90 code [0x000001411753ee40, 0x0000014117540028]
Event: 1.539 Thread 0x000001412ddc92a0 1245       3       java.util.HashMap$TreeNode::balanceInsertion (245 bytes)
Event: 1.540 Thread 0x000001412ddc92a0 nmethod 1245 0x0000014117540890 code [0x0000014117540ae0, 0x00000141175414f8]
Event: 1.540 Thread 0x000001412ddc92a0 1235       3       com.sun.javafx.css.SelectorPartitioning$Partition::partition (49 bytes)
Event: 1.540 Thread 0x000001412ddc92a0 nmethod 1235 0x0000014117541910 code [0x0000014117541b80, 0x00000141175429b8]
Event: 1.540 Thread 0x000001412ddc92a0 1236       3       com.sun.javafx.css.SelectorPartitioning$Slot::addSelector (30 bytes)
Event: 1.540 Thread 0x000001412ddc08e0 nmethod 1230 0x000001411e8d4410 code [0x000001411e8d45c0, 0x000001411e8d4ae8]
Event: 1.540 Thread 0x000001412ddc08e0 1243   !   4       com.sun.javafx.css.ParsedValueImpl::readBinary (688 bytes)
Event: 1.541 Thread 0x000001412ddc92a0 nmethod 1236 0x0000014117542e10 code [0x0000014117542fe0, 0x0000014117543488]
Event: 1.541 Thread 0x000001412ddc92a0 1241       3       java.util.Collections$UnmodifiableCollection::size (10 bytes)
Event: 1.541 Thread 0x000001412ddc92a0 nmethod 1241 0x0000014117543610 code [0x00000141175437c0, 0x0000014117543988]
Event: 1.541 Thread 0x000001412ddc92a0 1227       1       javafx.css.Rule$Observables::getSelectors (5 bytes)
Event: 1.541 Thread 0x000001412ddc92a0 nmethod 1227 0x000001411e8d4e10 code [0x000001411e8d4fa0, 0x000001411e8d5078]
Event: 1.541 Thread 0x000001412ddc92a0 1246       3       java.util.Collections$UnmodifiableList::get (11 bytes)
Event: 1.541 Thread 0x000001412ddc92a0 nmethod 1246 0x0000014117543a90 code [0x0000014117543c40, 0x0000014117543e08]
Event: 1.541 Thread 0x000001412ddc92a0 1247       3       java.io.ByteArrayInputStream::<init> (26 bytes)
Event: 1.541 Thread 0x000001412ddc92a0 nmethod 1247 0x0000014117543f10 code [0x00000141175440c0, 0x00000141175442f8]
Event: 1.541 Thread 0x000001412ddc92a0 1248       3       java.util.AbstractCollection::isEmpty (13 bytes)
Event: 1.541 Thread 0x000001412ddc92a0 nmethod 1248 0x0000014117544410 code [0x00000141175445c0, 0x00000141175447e8]

GC Heap History (2 events):
Event: 1.167 GC heap before
{Heap before GC invocations=0 (full 0):
 garbage-first heap   total 131072K, used 22528K [0x0000000081a00000, 0x0000000100000000)
  region size 1024K, 23 young (23552K), 0 survivors (0K)
 Metaspace       used 5863K, committed 6080K, reserved 1056768K
  class space    used 675K, committed 768K, reserved 1048576K
}
Event: 1.173 GC heap after
{Heap after GC invocations=1 (full 0):
 garbage-first heap   total 131072K, used 3658K [0x0000000081a00000, 0x0000000100000000)
  region size 1024K, 3 young (3072K), 3 survivors (3072K)
 Metaspace       used 5863K, committed 6080K, reserved 1056768K
  class space    used 675K, committed 768K, reserved 1048576K
}

Deoptimization events (20 events):
Event: 1.494 Thread 0x000001412eea7910 Uncommon trap: trap_request=0xffffffde fr.pc=0x000001411e8cd8dc relative=0x000000000000049c
Event: 1.494 Thread 0x000001412eea7910 Uncommon trap: reason=class_check action=maybe_recompile pc=0x000001411e8cd8dc method=java.io.DataInputStream.readShort()S @ 4 c2
Event: 1.494 Thread 0x000001412eea7910 DEOPT PACKING pc=0x000001411e8cd8dc sp=0x000000079befc6f0
Event: 1.494 Thread 0x000001412eea7910 DEOPT UNPACKING pc=0x0000014116df23a3 sp=0x000000079befc6b0 mode 2
Event: 1.495 Thread 0x000001412eea7910 Uncommon trap: trap_request=0xffffffde fr.pc=0x000001411e8cd8dc relative=0x000000000000049c
Event: 1.495 Thread 0x000001412eea7910 Uncommon trap: reason=class_check action=maybe_recompile pc=0x000001411e8cd8dc method=java.io.DataInputStream.readShort()S @ 4 c2
Event: 1.495 Thread 0x000001412eea7910 DEOPT PACKING pc=0x000001411e8cd8dc sp=0x000000079befc660
Event: 1.495 Thread 0x000001412eea7910 DEOPT UNPACKING pc=0x0000014116df23a3 sp=0x000000079befc620 mode 2
Event: 1.506 Thread 0x000001412eea7910 Uncommon trap: trap_request=0xffffffde fr.pc=0x000001411e8cd8dc relative=0x000000000000049c
Event: 1.506 Thread 0x000001412eea7910 Uncommon trap: reason=class_check action=maybe_recompile pc=0x000001411e8cd8dc method=java.io.DataInputStream.readShort()S @ 4 c2
Event: 1.506 Thread 0x000001412eea7910 DEOPT PACKING pc=0x000001411e8cd8dc sp=0x000000079befc660
Event: 1.506 Thread 0x000001412eea7910 DEOPT UNPACKING pc=0x0000014116df23a3 sp=0x000000079befc620 mode 2
Event: 1.506 Thread 0x000001412eea7910 Uncommon trap: trap_request=0xffffffde fr.pc=0x000001411e8cd8dc relative=0x000000000000049c
Event: 1.506 Thread 0x000001412eea7910 Uncommon trap: reason=class_check action=maybe_recompile pc=0x000001411e8cd8dc method=java.io.DataInputStream.readShort()S @ 4 c2
Event: 1.506 Thread 0x000001412eea7910 DEOPT PACKING pc=0x000001411e8cd8dc sp=0x000000079befc510
Event: 1.506 Thread 0x000001412eea7910 DEOPT UNPACKING pc=0x0000014116df23a3 sp=0x000000079befc4d0 mode 2
Event: 1.515 Thread 0x000001412eea7910 Uncommon trap: trap_request=0xffffff45 fr.pc=0x000001411e8c5358 relative=0x00000000000004d8
Event: 1.515 Thread 0x000001412eea7910 Uncommon trap: reason=unstable_if action=reinterpret pc=0x000001411e8c5358 method=java.util.HashMap.putVal(ILjava/lang/Object;Ljava/lang/Object;ZZ)Ljava/lang/Object; @ 162 c2
Event: 1.515 Thread 0x000001412eea7910 DEOPT PACKING pc=0x000001411e8c5358 sp=0x000000079befc630
Event: 1.515 Thread 0x000001412eea7910 DEOPT UNPACKING pc=0x0000014116df23a3 sp=0x000000079befc5d0 mode 2

Classes unloaded (0 events):
No events

Classes redefined (0 events):
No events

Internal exceptions (16 events):
Event: 0.202 Thread 0x000001410dd93060 Exception <a 'java/lang/NoSuchMethodError'{0x0000000089393078}: 'java.lang.Object java.lang.invoke.DirectMethodHandle$Holder.invokeStaticInit(java.lang.Object)'> (0x0000000089393078) 
thrown [t:\workspace\open\src\hotspot\share\interpreter\linkResolver.cpp, line 766]
Event: 0.204 Thread 0x000001410dd93060 Exception <a 'java/lang/NoSuchMethodError'{0x0000000089399940}: 'void java.lang.invoke.DirectMethodHandle$Holder.invokeStatic(java.lang.Object, java.lang.Object)'> (0x0000000089399940) 
thrown [t:\workspace\open\src\hotspot\share\interpreter\linkResolver.cpp, line 766]
Event: 0.657 Thread 0x000001410dd93060 Exception <a 'java/lang/NoSuchMethodError'{0x0000000088d590c0}: 'void java.lang.invoke.DirectMethodHandle$Holder.invokeSpecial(java.lang.Object, java.lang.Object, java.lang.Object)'> (0x0000000088d590c0) 
thrown [t:\workspace\open\src\hotspot\share\interpreter\linkResolver.cpp, line 766]
Event: 0.669 Thread 0x000001410dd93060 Exception <a 'java/lang/NoSuchMethodError'{0x0000000088d90020}: 'void java.lang.invoke.DirectMethodHandle$Holder.invokeStatic(java.lang.Object, java.lang.Object, java.lang.Object)'> (0x0000000088d90020) 
thrown [t:\workspace\open\src\hotspot\share\interpreter\linkResolver.cpp, line 766]
Event: 0.825 Thread 0x000001410dd93060 Exception <a 'java/lang/NoSuchMethodError'{0x0000000088dacb50}: 'int java.lang.invoke.DirectMethodHandle$Holder.invokeStaticInit(java.lang.Object, java.lang.Object, java.lang.Object)'> (0x0000000088dacb50) 
thrown [t:\workspace\open\src\hotspot\share\interpreter\linkResolver.cpp, line 766]
Event: 0.854 Thread 0x000001410dd93060 Exception <a 'java/lang/NoSuchMethodError'{0x0000000088cf9520}: 'java.lang.Object java.lang.invoke.DirectMethodHandle$Holder.newInvokeSpecial(java.lang.Object, java.lang.Object, int, java.lang.Object)'> (0x0000000088cf9520) 
thrown [t:\workspace\open\src\hotspot\share\interpreter\linkResolver.cpp, line 766]
Event: 0.855 Thread 0x000001410dd93060 Exception <a 'java/lang/NoSuchMethodError'{0x0000000088cfd900}: 'java.lang.Object java.lang.invoke.DirectMethodHandle$Holder.invokeSpecial(java.lang.Object, java.lang.Object, java.lang.Object, int, java.lang.Object)'> (0x0000000088cfd900) 
thrown [t:\workspace\open\src\hotspot\share\interpreter\linkResolver.cpp, line 766]
Event: 0.972 Thread 0x000001412eea7910 Exception <a 'java/lang/NoSuchMethodError'{0x0000000088994770}: 'void java.lang.invoke.DirectMethodHandle$Holder.invokeStaticInit(java.lang.Object)'> (0x0000000088994770) 
thrown [t:\workspace\open\src\hotspot\share\interpreter\linkResolver.cpp, line 766]
Event: 0.976 Thread 0x000001410dd93060 Exception <a 'java/lang/NoSuchMethodError'{0x0000000088b13438}: 'java.lang.Object java.lang.invoke.DirectMethodHandle$Holder.newInvokeSpecial(java.lang.Object, java.lang.Object, java.lang.Object, java.lang.Object, java.lang.Object, java.lang.Object)'> (0x0000000088b13438) 
thrown [t:\workspace\open\src\hotspot\share\interpreter\linkResolver.cpp, line 766]
Event: 0.984 Thread 0x000001410dd93060 Exception <a 'java/lang/NoSuchMethodError'{0x0000000088b43988}: 'java.lang.Object java.lang.invoke.DirectMethodHandle$Holder.newInvokeSpecial(java.lang.Object, java.lang.Object, java.lang.Object, java.lang.Object, java.lang.Object)'> (0x0000000088b43988) 
thrown [t:\workspace\open\src\hotspot\share\interpreter\linkResolver.cpp, line 766]
Event: 0.987 Thread 0x000001412f212f00 Exception <a 'java/lang/NoSuchMethodError'{0x00000000888042b0}: 'void java.lang.invoke.DirectMethodHandle$Holder.invokeStatic(java.lang.Object, java.lang.Object, java.lang.Object, java.lang.Object)'> (0x00000000888042b0) 
thrown [t:\workspace\open\src\hotspot\share\interpreter\linkResolver.cpp, line 766]
Event: 1.181 Thread 0x000001412eea7910 Exception <a 'java/lang/NoSuchMethodError'{0x0000000089946d00}: 'java.lang.Object java.lang.invoke.DirectMethodHandle$Holder.invokeStaticInit(java.lang.Object, java.lang.Object, java.lang.Object, java.lang.Object)'> (0x0000000089946d00) 
thrown [t:\workspace\open\src\hotspot\share\interpreter\linkResolver.cpp, line 766]
Event: 1.185 Thread 0x000001412eea7910 Exception <a 'java/lang/NullPointerException'{0x00000000899529c8}> (0x00000000899529c8) 
thrown [t:\workspace\open\src\hotspot\share\interpreter\linkResolver.cpp, line 1357]
Event: 1.189 Thread 0x000001412eea7910 Exception <a 'java/lang/NoSuchMethodError'{0x00000000899f7b30}: 'void java.lang.invoke.DirectMethodHandle$Holder.invokeSpecial(java.lang.Object, java.lang.Object, java.lang.Object, java.lang.Object, java.lang.Object)'> (0x00000000899f7b30) 
thrown [t:\workspace\open\src\hotspot\share\interpreter\linkResolver.cpp, line 766]
Event: 1.233 Thread 0x000001412eea7910 Exception <a 'java/lang/NoSuchMethodError'{0x00000000898d9d30}: 'java.lang.Object java.lang.invoke.DirectMethodHandle$Holder.invokeStatic(java.lang.Object, int, java.lang.Object)'> (0x00000000898d9d30) 
thrown [t:\workspace\open\src\hotspot\share\interpreter\linkResolver.cpp, line 766]
Event: 1.241 Thread 0x000001412eea7910 Exception <a 'java/lang/ClassNotFoundException'{0x00000000898ee280}: sun/util/logging/resources/spi/loggingProvider> (0x00000000898ee280) 
thrown [t:\workspace\open\src\hotspot\share\classfile\systemDictionary.cpp, line 256]

VM Operations (13 events):
Event: 0.138 Executing VM operation: HandshakeAllThreads
Event: 0.138 Executing VM operation: HandshakeAllThreads done
Event: 0.179 Executing VM operation: HandshakeAllThreads
Event: 0.179 Executing VM operation: HandshakeAllThreads done
Event: 0.837 Executing VM operation: HandshakeAllThreads
Event: 0.837 Executing VM operation: HandshakeAllThreads done
Event: 1.167 Executing VM operation: G1CollectForAllocation
Event: 1.173 Executing VM operation: G1CollectForAllocation done
Event: 1.255 Executing VM operation: HandshakeAllThreads
Event: 1.255 Executing VM operation: HandshakeAllThreads done
Event: 1.456 Executing VM operation: HandshakeAllThreads
Event: 1.456 Executing VM operation: HandshakeAllThreads done
Event: 2.456 Executing VM operation: Cleanup

Events (20 events):
Event: 1.456 loading class sun/net/www/protocol/jar/URLJarFile$URLJarFileCloseController done
Event: 1.456 loading class sun/net/www/protocol/jar/JarFileFactory done
Event: 1.456 loading class sun/net/www/protocol/jar/URLJarFile
Event: 1.456 loading class sun/net/www/protocol/jar/URLJarFile done
Event: 1.457 loading class sun/net/www/protocol/jar/URLJarFile$URLJarFileEntry
Event: 1.457 loading class sun/net/www/protocol/jar/URLJarFile$URLJarFileEntry done
Event: 1.457 loading class sun/net/www/protocol/jar/JarURLConnection$JarURLInputStream
Event: 1.457 loading class sun/net/www/protocol/jar/JarURLConnection$JarURLInputStream done
Event: 1.486 loading class java/util/AbstractList$RandomAccessSubList
Event: 1.487 loading class java/util/AbstractList$SubList
Event: 1.487 loading class java/util/AbstractList$SubList done
Event: 1.487 loading class java/util/AbstractList$RandomAccessSubList done
Event: 1.487 loading class java/util/AbstractList$SubList$1
Event: 1.487 loading class java/util/AbstractList$SubList$1 done
Event: 1.489 loading class java/util/AbstractList$ListItr
Event: 1.489 loading class java/util/AbstractList$ListItr done
Event: 1.539 loading class java/util/WeakHashMap$Values
Event: 1.957 loading class java/util/WeakHashMap$Values done
Event: 1.958 loading class java/util/WeakHashMap$ValueIterator
Event: 2.607 loading class java/util/WeakHashMap$ValueIterator done


Dynamic libraries:
0x00007ff689480000 - 0x00007ff689490000 	C:\Program Files\Java\jdk-17\bin\java.exe
0x00007ffbe88b0000 - 0x00007ffbe8aa5000 	C:\WINDOWS\SYSTEM32\ntdll.dll
0x00007ffbe7020000 - 0x00007ffbe70de000 	C:\WINDOWS\System32\KERNEL32.DLL
0x00007ffbe6640000 - 0x00007ffbe6908000 	C:\WINDOWS\System32\KERNELBASE.dll
0x00007ffbe6000000 - 0x00007ffbe6100000 	C:\WINDOWS\System32\ucrtbase.dll
0x00007ffbc9f00000 - 0x00007ffbc9f1a000 	C:\Program Files\Java\jdk-17\bin\VCRUNTIME140.dll
0x00007ffbc9f40000 - 0x00007ffbc9f58000 	C:\Program Files\Java\jdk-17\bin\jli.dll
0x00007ffbe7220000 - 0x00007ffbe72ce000 	C:\WINDOWS\System32\ADVAPI32.dll
0x00007ffbe6910000 - 0x00007ffbe69ae000 	C:\WINDOWS\System32\msvcrt.dll
0x00007ffbe82e0000 - 0x00007ffbe837c000 	C:\WINDOWS\System32\sechost.dll
0x00007ffbe73f0000 - 0x00007ffbe7515000 	C:\WINDOWS\System32\RPCRT4.dll
0x00007ffbe7e10000 - 0x00007ffbe7fb0000 	C:\WINDOWS\System32\USER32.dll
0x00007ffbcac30000 - 0x00007ffbcaeca000 	C:\WINDOWS\WinSxS\amd64_microsoft.windows.common-controls_6595b64144ccf1df_6.0.19041.1110_none_60b5254171f9507e\COMCTL32.dll
0x00007ffbe62c0000 - 0x00007ffbe62e2000 	C:\WINDOWS\System32\win32u.dll
0x00007ffbe7520000 - 0x00007ffbe754a000 	C:\WINDOWS\System32\GDI32.dll
0x00007ffbe6100000 - 0x00007ffbe620b000 	C:\WINDOWS\System32\gdi32full.dll
0x00007ffbdf2b0000 - 0x00007ffbdf2ba000 	C:\WINDOWS\SYSTEM32\VERSION.dll
0x00007ffbe65a0000 - 0x00007ffbe663d000 	C:\WINDOWS\System32\msvcp_win.dll
0x00007ffbe6c60000 - 0x00007ffbe6c90000 	C:\WINDOWS\System32\IMM32.DLL
0x00007ffbdd6d0000 - 0x00007ffbdd6dc000 	C:\Program Files\Java\jdk-17\bin\vcruntime140_1.dll
0x00007ffba7750000 - 0x00007ffba77dd000 	C:\Program Files\Java\jdk-17\bin\msvcp140.dll
0x00007ffb69c20000 - 0x00007ffb6a7de000 	C:\Program Files\Java\jdk-17\bin\server\jvm.dll
0x00007ffbe7010000 - 0x00007ffbe7018000 	C:\WINDOWS\System32\PSAPI.DLL
0x00007ffbe05c0000 - 0x00007ffbe05e7000 	C:\WINDOWS\SYSTEM32\WINMM.dll
0x00007ffbc8660000 - 0x00007ffbc8669000 	C:\WINDOWS\SYSTEM32\WSOCK32.dll
0x00007ffbe72d0000 - 0x00007ffbe733b000 	C:\WINDOWS\System32\WS2_32.dll
0x00007ffbe3eb0000 - 0x00007ffbe3ec2000 	C:\WINDOWS\SYSTEM32\kernel.appcore.dll
0x00007ffbdd590000 - 0x00007ffbdd59a000 	C:\Program Files\Java\jdk-17\bin\jimage.dll
0x00007ffbdcb50000 - 0x00007ffbdcd34000 	C:\WINDOWS\SYSTEM32\DBGHELP.DLL
0x00007ffbc4fe0000 - 0x00007ffbc500c000 	C:\WINDOWS\SYSTEM32\dbgcore.DLL
0x00007ffbe62f0000 - 0x00007ffbe6372000 	C:\WINDOWS\System32\bcryptPrimitives.dll
0x00007ffbbc980000 - 0x00007ffbbc9a5000 	C:\Program Files\Java\jdk-17\bin\java.dll
0x00007ffb9f070000 - 0x00007ffb9f146000 	C:\Program Files\Java\jdk-17\bin\svml.dll
0x00007ffbe76c0000 - 0x00007ffbe7e04000 	C:\WINDOWS\System32\SHELL32.dll
0x00007ffbe40b0000 - 0x00007ffbe4844000 	C:\WINDOWS\SYSTEM32\windows.storage.dll
0x00007ffbe6cb0000 - 0x00007ffbe7004000 	C:\WINDOWS\System32\combase.dll
0x00007ffbe5a20000 - 0x00007ffbe5a4c000 	C:\WINDOWS\SYSTEM32\Wldp.dll
0x00007ffbe7340000 - 0x00007ffbe73ed000 	C:\WINDOWS\System32\SHCORE.dll
0x00007ffbe7660000 - 0x00007ffbe76b5000 	C:\WINDOWS\System32\shlwapi.dll
0x00007ffbe5f10000 - 0x00007ffbe5f2f000 	C:\WINDOWS\SYSTEM32\profapi.dll
0x00007ffbc7390000 - 0x00007ffbc73a9000 	C:\Program Files\Java\jdk-17\bin\net.dll
0x00007ffbde950000 - 0x00007ffbdea5a000 	C:\WINDOWS\SYSTEM32\WINHTTP.dll
0x00007ffbe5740000 - 0x00007ffbe57aa000 	C:\WINDOWS\system32\mswsock.dll
0x00007ffbbc160000 - 0x00007ffbbc175000 	C:\Program Files\Java\jdk-17\bin\nio.dll
0x00007ffbb6df0000 - 0x00007ffbb6e08000 	C:\Program Files\Java\jdk-17\bin\zip.dll
0x000001410deb0000 - 0x000001410deb3000 	C:\Users\Erika\.openjfx\cache\15.0.1\api-ms-win-core-console-l1-1-0.dll
0x000001412df70000 - 0x000001412df73000 	C:\Users\Erika\.openjfx\cache\15.0.1\api-ms-win-core-console-l1-2-0.dll
0x000001412df80000 - 0x000001412df83000 	C:\Users\Erika\.openjfx\cache\15.0.1\api-ms-win-core-datetime-l1-1-0.dll
0x000001412df90000 - 0x000001412df93000 	C:\Users\Erika\.openjfx\cache\15.0.1\api-ms-win-core-debug-l1-1-0.dll
0x000001412dfa0000 - 0x000001412dfa3000 	C:\Users\Erika\.openjfx\cache\15.0.1\api-ms-win-core-errorhandling-l1-1-0.dll
0x000001412dfb0000 - 0x000001412dfb4000 	C:\Users\Erika\.openjfx\cache\15.0.1\api-ms-win-core-file-l1-1-0.dll
0x000001412dfc0000 - 0x000001412dfc3000 	C:\Users\Erika\.openjfx\cache\15.0.1\api-ms-win-core-file-l1-2-0.dll
0x000001412dfd0000 - 0x000001412dfd3000 	C:\Users\Erika\.openjfx\cache\15.0.1\api-ms-win-core-file-l2-1-0.dll
0x000001412dfe0000 - 0x000001412dfe3000 	C:\Users\Erika\.openjfx\cache\15.0.1\api-ms-win-core-handle-l1-1-0.dll
0x000001412dff0000 - 0x000001412dff3000 	C:\Users\Erika\.openjfx\cache\15.0.1\api-ms-win-core-heap-l1-1-0.dll
0x000001412f400000 - 0x000001412f403000 	C:\Users\Erika\.openjfx\cache\15.0.1\api-ms-win-core-interlocked-l1-1-0.dll
0x000001412f410000 - 0x000001412f413000 	C:\Users\Erika\.openjfx\cache\15.0.1\api-ms-win-core-libraryloader-l1-1-0.dll
0x000001412f420000 - 0x000001412f423000 	C:\Users\Erika\.openjfx\cache\15.0.1\api-ms-win-core-localization-l1-2-0.dll
0x000001412f430000 - 0x000001412f433000 	C:\Users\Erika\.openjfx\cache\15.0.1\api-ms-win-core-memory-l1-1-0.dll
0x000001412f440000 - 0x000001412f443000 	C:\Users\Erika\.openjfx\cache\15.0.1\api-ms-win-core-namedpipe-l1-1-0.dll
0x000001412f450000 - 0x000001412f453000 	C:\Users\Erika\.openjfx\cache\15.0.1\api-ms-win-core-processenvironment-l1-1-0.dll
0x000001412f460000 - 0x000001412f463000 	C:\Users\Erika\.openjfx\cache\15.0.1\api-ms-win-core-processthreads-l1-1-0.dll
0x000001412f470000 - 0x000001412f473000 	C:\Users\Erika\.openjfx\cache\15.0.1\api-ms-win-core-processthreads-l1-1-1.dll
0x000001412f480000 - 0x000001412f483000 	C:\Users\Erika\.openjfx\cache\15.0.1\api-ms-win-core-profile-l1-1-0.dll
0x000001412f490000 - 0x000001412f493000 	C:\Users\Erika\.openjfx\cache\15.0.1\api-ms-win-core-rtlsupport-l1-1-0.dll
0x000001412f4a0000 - 0x000001412f4a3000 	C:\Users\Erika\.openjfx\cache\15.0.1\api-ms-win-core-string-l1-1-0.dll
0x000001412f4b0000 - 0x000001412f4b3000 	C:\Users\Erika\.openjfx\cache\15.0.1\api-ms-win-core-synch-l1-1-0.dll
0x000001412f4c0000 - 0x000001412f4c3000 	C:\Users\Erika\.openjfx\cache\15.0.1\api-ms-win-core-synch-l1-2-0.dll
0x000001412f4d0000 - 0x000001412f4d3000 	C:\Users\Erika\.openjfx\cache\15.0.1\api-ms-win-core-sysinfo-l1-1-0.dll
0x000001412f4e0000 - 0x000001412f4e3000 	C:\Users\Erika\.openjfx\cache\15.0.1\api-ms-win-core-timezone-l1-1-0.dll
0x000001412f4f0000 - 0x000001412f4f3000 	C:\Users\Erika\.openjfx\cache\15.0.1\api-ms-win-core-util-l1-1-0.dll
0x000001412f500000 - 0x000001412f503000 	C:\Users\Erika\.openjfx\cache\15.0.1\api-ms-win-crt-conio-l1-1-0.dll
0x000001412f510000 - 0x000001412f514000 	C:\Users\Erika\.openjfx\cache\15.0.1\api-ms-win-crt-convert-l1-1-0.dll
0x000001412f520000 - 0x000001412f523000 	C:\Users\Erika\.openjfx\cache\15.0.1\api-ms-win-crt-environment-l1-1-0.dll
0x000001412f530000 - 0x000001412f533000 	C:\Users\Erika\.openjfx\cache\15.0.1\api-ms-win-crt-filesystem-l1-1-0.dll
0x000001412f540000 - 0x000001412f543000 	C:\Users\Erika\.openjfx\cache\15.0.1\api-ms-win-crt-heap-l1-1-0.dll
0x000001412f550000 - 0x000001412f553000 	C:\Users\Erika\.openjfx\cache\15.0.1\api-ms-win-crt-locale-l1-1-0.dll
0x000001412f560000 - 0x000001412f565000 	C:\Users\Erika\.openjfx\cache\15.0.1\api-ms-win-crt-math-l1-1-0.dll
0x000001412f570000 - 0x000001412f575000 	C:\Users\Erika\.openjfx\cache\15.0.1\api-ms-win-crt-multibyte-l1-1-0.dll
0x000001412f580000 - 0x000001412f590000 	C:\Users\Erika\.openjfx\cache\15.0.1\api-ms-win-crt-private-l1-1-0.dll
0x000001412f590000 - 0x000001412f593000 	C:\Users\Erika\.openjfx\cache\15.0.1\api-ms-win-crt-process-l1-1-0.dll
0x000001412f5a0000 - 0x000001412f5a4000 	C:\Users\Erika\.openjfx\cache\15.0.1\api-ms-win-crt-runtime-l1-1-0.dll
0x000001412f5b0000 - 0x000001412f5b4000 	C:\Users\Erika\.openjfx\cache\15.0.1\api-ms-win-crt-stdio-l1-1-0.dll
0x000001412f5c0000 - 0x000001412f5c4000 	C:\Users\Erika\.openjfx\cache\15.0.1\api-ms-win-crt-string-l1-1-0.dll
0x000001412f5d0000 - 0x000001412f5d3000 	C:\Users\Erika\.openjfx\cache\15.0.1\api-ms-win-crt-time-l1-1-0.dll
0x000001412f5e0000 - 0x000001412f5e3000 	C:\Users\Erika\.openjfx\cache\15.0.1\api-ms-win-crt-utility-l1-1-0.dll
0x00007ffba35e0000 - 0x00007ffba36dc000 	C:\Users\Erika\.openjfx\cache\15.0.1\ucrtbase.dll
0x00007ffbb6cd0000 - 0x00007ffbb6ce5000 	C:\Users\Erika\.openjfx\cache\15.0.1\vcruntime140.dll
0x00007ffba3270000 - 0x00007ffba330b000 	C:\Users\Erika\.openjfx\cache\15.0.1\msvcp140.dll
0x00007ffba8680000 - 0x00007ffba86a3000 	C:\Users\Erika\.openjfx\cache\15.0.1\prism_d3d.dll
0x00007ffbd0830000 - 0x00007ffbd09ff000 	C:\WINDOWS\system32\d3d9.dll
0x00007ffbe3ca0000 - 0x00007ffbe3ccf000 	C:\WINDOWS\SYSTEM32\dwmapi.dll
0x00007ffbe39d0000 - 0x00007ffbe3a6e000 	C:\WINDOWS\system32\uxtheme.dll
0x00007ffb8b7c0000 - 0x00007ffb8b962000 	C:\WINDOWS\System32\DriverStore\FileRepository\iigd_dch.inf_amd64_1dc9fc8d5e442f6a\igdumdim64.dll
0x00007ffbe6b30000 - 0x00007ffbe6c5a000 	C:\WINDOWS\System32\ole32.dll
0x00007ffbe5fd0000 - 0x00007ffbe5ff7000 	C:\WINDOWS\System32\bcrypt.dll
0x00007ffb87bb0000 - 0x00007ffb8b7c0000 	C:\WINDOWS\System32\DriverStore\FileRepository\iigd_dch.inf_amd64_1dc9fc8d5e442f6a\igd9dxva64.dll
0x00007ffbe69b0000 - 0x00007ffbe6a7d000 	C:\WINDOWS\System32\OLEAUT32.dll
0x00007ffbe8380000 - 0x00007ffbe87ea000 	C:\WINDOWS\System32\SETUPAPI.dll
0x00007ffbe6550000 - 0x00007ffbe659e000 	C:\WINDOWS\System32\cfgmgr32.dll
0x00007ffbd51d0000 - 0x00007ffbd5597000 	C:\WINDOWS\System32\DriverStore\FileRepository\iigd_dch.inf_amd64_1dc9fc8d5e442f6a\igdgmm64.dll
0x00007ffba82d0000 - 0x00007ffba8315000 	C:\Users\Erika\.openjfx\cache\15.0.1\glass.dll
0x00007ffbe7140000 - 0x00007ffbe721b000 	C:\WINDOWS\System32\COMDLG32.dll
0x00007ffb72260000 - 0x00007ffb7236e000 	C:\Program Files (x86)\Razer\Razer Cortex\x64\k_fps64.dll
0x00007ffb72200000 - 0x00007ffb72257000 	C:\Program Files (x86)\Razer\Razer Cortex\x64\EasyHook64.dll
0x00007ffb72180000 - 0x00007ffb721ff000 	C:\Program Files (x86)\Razer\Razer Cortex\x64\d3dx10_43.dll
0x00007ffb71f10000 - 0x00007ffb7217f000 	C:\Program Files (x86)\Razer\Razer Cortex\x64\D3DCOMPILER_43.dll
0x00007ffbabac0000 - 0x00007ffbabbe6000 	C:\WINDOWS\SYSTEM32\OPENGL32.dll
0x00007ffb71ca0000 - 0x00007ffb71f03000 	C:\Program Files (x86)\Razer\Razer Cortex\x64\d3dx9_43.dll
0x00007ffbaba50000 - 0x00007ffbaba7c000 	C:\WINDOWS\SYSTEM32\GLU32.dll
0x00007ffbe7fb0000 - 0x00007ffbe80c5000 	C:\WINDOWS\System32\MSCTF.dll
0x00007ffbb3750000 - 0x00007ffbb3777000 	C:\WINDOWS\System32\DriverStore\FileRepository\iigd_dch.inf_amd64_1dc9fc8d5e442f6a\igdinfo64.dll
0x00007ffbd1c10000 - 0x00007ffbd51c2000 	C:\WINDOWS\System32\DriverStore\FileRepository\iigd_dch.inf_amd64_1dc9fc8d5e442f6a\igc64.dll
0x00007ffbd9c20000 - 0x00007ffbd9c5b000 	C:\WINDOWS\SYSTEM32\dxcore.dll
0x00007ffba7720000 - 0x00007ffba774c000 	C:\Users\Erika\.openjfx\cache\15.0.1\javafx_iio.dll
0x00007ffbb6cb0000 - 0x00007ffbb6cc4000 	C:\Users\Erika\.openjfx\cache\15.0.1\javafx_font.dll
0x00007ffbcf9f0000 - 0x00007ffbcfc6f000 	C:\WINDOWS\SYSTEM32\dwrite.dll

dbghelp: loaded successfully - version: 4.0.5 - missing functions: none
symbol engine: initialized successfully - sym options: 0x614 - pdb path: .;C:\Program Files\Java\jdk-17\bin;C:\WINDOWS\SYSTEM32;C:\WINDOWS\WinSxS\amd64_microsoft.windows.common-controls_6595b64144ccf1df_6.0.19041.1110_none_60b5254171f9507e;C:\Program Files\Java\jdk-17\bin\server;C:\Users\Erika\.openjfx\cache\15.0.1;C:\WINDOWS\System32\DriverStore\FileRepository\iigd_dch.inf_amd64_1dc9fc8d5e442f6a;C:\Program Files (x86)\Razer\Razer Cortex\x64

VM Arguments:
jvm_args: --module-path=C:\Users\Erika\.m2\repository\org\openjfx\javafx-base\15.0.1\javafx-base-15.0.1-win.jar;C:\Users\Erika\.m2\repository\org\openjfx\javafx-base\15.0.1\javafx-base-15.0.1.jar;C:\Users\Erika\.m2\repository\org\openjfx\javafx-controls\15.0.1\javafx-controls-15.0.1-win.jar;C:\Users\Erika\.m2\repository\org\openjfx\javafx-controls\15.0.1\javafx-controls-15.0.1.jar;C:\Users\Erika\.m2\repository\org\openjfx\javafx-fxml\15.0.1\javafx-fxml-15.0.1-win.jar;C:\Users\Erika\.m2\repository\org\openjfx\javafx-fxml\15.0.1\javafx-fxml-15.0.1.jar;C:\Users\Erika\.m2\repository\org\openjfx\javafx-graphics\15.0.1\javafx-graphics-15.0.1-win.jar;C:\Users\Erika\.m2\repository\org\openjfx\javafx-graphics\15.0.1\javafx-graphics-15.0.1.jar --add-modules=javafx.base,javafx.controls,javafx.fxml,javafx.graphics 
java_command: org.loose.fis.bsa.Main
java_class_path (initial): G:\erika\Facultate\an2\an2sem2\Fund de Ing Software (FIS)\BeautySalonApplication\BeautySalonApp\target\classes;C:\Users\Erika\.m2\repository\com\fasterxml\jackson\core\jackson-annotations\2.10.1\jackson-annotations-2.10.1.jar;C:\Users\Erika\.m2\repository\com\fasterxml\jackson\core\jackson-core\2.10.1\jackson-core-2.10.1.jar;C:\Users\Erika\.m2\repository\com\fasterxml\jackson\core\jackson-databind\2.10.1\jackson-databind-2.10.1.jar;C:\Users\Erika\.m2\repository\com\h2database\h2-mvstore\1.4.200\h2-mvstore-1.4.200.jar;C:\Users\Erika\.m2\repository\com\squareup\okhttp3\okhttp\4.3.1\okhttp-4.3.1.jar;C:\Users\Erika\.m2\repository\com\squareup\okio\okio\2.4.1\okio-2.4.1.jar;C:\Users\Erika\.m2\repository\javax\annotation\javax.annotation-api\1.3.2\javax.annotation-api-1.3.2.jar;C:\Users\Erika\.m2\repository\javax\validation\validation-api\1.1.0.Final\validation-api-1.1.0.Final.jar;C:\Users\Erika\.m2\repository\net\jcip\jcip-annotations\1.0\jcip-annotations-1.0.jar;C:\Users\Erika\.m2\repository\org\apache\commons\commons-lang3\3.8.1\commons-lang3-3.8.1.jar;C:\Users\Erika\.m2\repository\org\dizitart\nitrite\3.4.3\nitrite-3.4.3.jar;C:\Users\Erika\.m2\repository\org\jasypt\jasypt\1.9.3\jasypt-1.9.3.jar;C:\Users\Erika\.m2\repository\org\jetbrains\annotations\13.0\annotations-13.0.jar;C:\Users\Erika\.m2\repository\org\jetbrains\kotlin\kotlin-stdlib\1.3.61\kotlin-stdlib-1.3.61.jar;C:\Users\Erika\.m2\repository\org\jetbrains\kotlin\kotlin-stdlib-common\1.3.50\kotlin-stdlib-common-1.3.50.jar;C:\Users\Erika\.m2\repository\org\objenesis\objenesis\2.6\objenesis-2.6.jar;C:\Users\Erika\.m2\repository\org\slf4j\slf4j-api\1.7.30\slf4j-api-1.7.30.jar;C:\Users\Erika\.m2\repository\uk\co\jemos\podam\podam\7.2.3.RELEASE\podam-7.2.3.RELEASE.jar
Launcher Type: SUN_STANDARD

[Global flags]
     intx CICompilerCount                          = 4                                         {product} {ergonomic}
     uint ConcGCThreads                            = 2                                         {product} {ergonomic}
     uint G1ConcRefinementThreads                  = 8                                         {product} {ergonomic}
   size_t G1HeapRegionSize                         = 1048576                                   {product} {ergonomic}
    uintx GCDrainStackTargetSize                   = 64                                        {product} {ergonomic}
   size_t InitialHeapSize                          = 134217728                                 {product} {ergonomic}
   size_t MarkStackSize                            = 4194304                                   {product} {ergonomic}
   size_t MaxHeapSize                              = 2120220672                                {product} {ergonomic}
   size_t MaxNewSize                               = 1271922688                                {product} {ergonomic}
   size_t MinHeapDeltaBytes                        = 1048576                                   {product} {ergonomic}
   size_t MinHeapSize                              = 8388608                                   {product} {ergonomic}
    uintx NonNMethodCodeHeapSize                   = 5839372                                {pd product} {ergonomic}
    uintx NonProfiledCodeHeapSize                  = 122909434                              {pd product} {ergonomic}
    uintx ProfiledCodeHeapSize                     = 122909434                              {pd product} {ergonomic}
    uintx ReservedCodeCacheSize                    = 251658240                              {pd product} {ergonomic}
     bool SegmentedCodeCache                       = true                                      {product} {ergonomic}
   size_t SoftMaxHeapSize                          = 2120220672                             {manageable} {ergonomic}
     bool UseCompressedClassPointers               = true                           {product lp64_product} {ergonomic}
     bool UseCompressedOops                        = true                           {product lp64_product} {ergonomic}
     bool UseG1GC                                  = true                                      {product} {ergonomic}
     bool UseLargePagesIndividualAllocation        = false                                  {pd product} {ergonomic}

Logging:
Log output configuration:
 #0: stdout all=warning uptime,level,tags
 #1: stderr all=off uptime,level,tags

Environment Variables:
JAVA_HOME=C:\Program Files\Java\jdk-17
PATH=C:\Program Files\Python310\Scripts\;C:\Program Files\Python310\;C:\Program Files\Common Files\Oracle\Java\javapath;C:\Program Files (x86)\Common Files\Oracle\Java\javapath;C:\Program Files (x86)\Common Files\Intel\Shared Libraries\redist\intel64_win\compiler;C:\ProgramData\Oracle\Java\javapath;C:\Windows\system32;C:\Windows;C:\Windows\System32\Wbem;C:\Windows\System32\WindowsPowerShell\v1.0\;C:\Windows\System32\OpenSSH\;C:\Program Files\NVIDIA Corporation\NVIDIA NvDLISR;C:\Program Files (x86)\NVIDIA Corporation\PhysX\Common;C:\WINDOWS\system32;C:\WINDOWS;C:\WINDOWS\System32\Wbem;C:\WINDOWS\System32\WindowsPowerShell\v1.0\;C:\WINDOWS\System32\OpenSSH\;C:\Program Files\MATLAB\R2021b\runtime\win64;C:\Program Files\MATLAB\R2021b\bin;C:\PROGRA~2\TableCurve2Dv5.01;C:\Program Files\Java\jdk-17\bin;C:\Program Files\Git\cmd;C:\Program Files (x86)\dBI\QDD\Drivers;C:\Program Files\Docker\Docker\resources\bin;C:\ProgramData\DockerDesktop\version-bin;C:\Gradle\gradle-7.4.2\bin;C:\Program Files (x86)\Objective Caml\bin;C:\apache-maven-3.8.5\bin;C:\Users\Erika\AppData\Local\Microsoft\WindowsApps;;C:\Users\Erika\AppData\Local\Programs\Microsoft VS Code\bin;C:\Program Files\JetBrains\IntelliJ IDEA Community Edition 2022.1\bin;
USERNAME=Erika
OS=Windows_NT
PROCESSOR_IDENTIFIER=Intel64 Family 6 Model 94 Stepping 3, GenuineIntel



---------------  S Y S T E M  ---------------

OS:
 Windows 10 , 64 bit Build 19041 (10.0.19041.1645)
OS uptime: 0 days 7:32 hours
Hyper-V role detected

CPU: total 8 (initial active 8) (4 cores per cpu, 2 threads per core) family 6 model 94 stepping 3 microcode 0xcc, cx8, cmov, fxsr, ht, mmx, 3dnowpref, sse, sse2, sse3, ssse3, sse4.1, sse4.2, popcnt, lzcnt, tsc, tscinvbit, avx, avx2, aes, erms, clmul, bmi1, bmi2, rtm, adx, fma, vzeroupper, clflush, clflushopt, hv

Memory: 4k page, system-wide physical 8087M (429M free)
TotalPageFile size 16279M (AvailPageFile size 3M)
current process WorkingSet (physical memory assigned to process): 129M, peak: 129M
current process commit charge ("private bytes"): 274M, peak: 274M

vm_info: Java HotSpot(TM) 64-Bit Server VM (17+35-LTS-2724) for windows-amd64 JRE (17+35-LTS-2724), built on Aug  5 2021 23:28:28 by "mach5one" with MS VC++ 16.8 (VS2019)

END.
