#
# There is insufficient memory for the Java Runtime Environment to continue.
# Native memory allocation (mmap) failed to map 1605632 bytes for G1 virtual space
# Possible reasons:
#   The system is out of physical RAM or swap space
#   The process is running with CompressedOops enabled, and the Java Heap may be blocking the growth of the native heap
# Possible solutions:
#   Reduce memory load on the system
#   Increase physical memory or swap space
#   Check if swap backing store is full
#   Decrease Java heap size (-Xmx/-Xms)
#   Decrease number of Java threads
#   Decrease Java thread stack sizes (-Xss)
#   Set larger code cache with -XX:ReservedCodeCacheSize=
#   JVM is running with Unscaled Compressed Oops mode in which the Java heap is
#     placed in the first 4GB address space. The Java Heap base address is the
#     maximum limit for the native heap growth. Please use -XX:HeapBaseMinAddress
#     to set the Java Heap base and to place the Java Heap above 4GB virtual address.
# This output file may be truncated or incomplete.
#
#  Out of Memory Error (os_windows.cpp:3469), pid=18980, tid=16740
#
# JRE version: Java(TM) SE Runtime Environment (17.0+35) (build 17+35-LTS-2724)
# Java VM: Java HotSpot(TM) 64-Bit Server VM (17+35-LTS-2724, mixed mode, sharing, tiered, compressed oops, compressed class ptrs, g1 gc, windows-amd64)
# No core dump will be written. Minidumps are not enabled by default on client versions of Windows
#

---------------  S U M M A R Y ------------

Command Line: -Dmaven.multiModuleProjectDirectory=G:\erika\Facultate\an2\an2sem2\Fund de Ing Software (FIS)\BeautySalonApplication\BeautySalonApp -Dmaven.home=C:\Users\Erika\.m2\wrapper\dists\apache-maven-3.6.3-bin\1iopthnavndlasol9gbrbg6bf2\apache-maven-3.6.3 -Dclassworlds.conf=C:\Users\Erika\.m2\wrapper\dists\apache-maven-3.6.3-bin\1iopthnavndlasol9gbrbg6bf2\apache-maven-3.6.3\bin\m2.conf -Dmaven.ext.class.path=C:\Program Files\JetBrains\IntelliJ IDEA Community Edition 2022.1\plugins\maven\lib\maven-event-listener.jar -javaagent:C:\Program Files\JetBrains\IntelliJ IDEA Community Edition 2022.1\lib\idea_rt.jar=50226:C:\Program Files\JetBrains\IntelliJ IDEA Community Edition 2022.1\bin -Dfile.encoding=UTF-8 org.codehaus.classworlds.Launcher -Didea.version=2022.1 clean install javafx:run

Host: Intel(R) Core(TM) i7-6700HQ CPU @ 2.60GHz, 8 cores, 7G,  Windows 10 , 64 bit Build 19041 (10.0.19041.1706)
Time: Sun May 22 00:42:11 2022 GTB Daylight Time elapsed time: 13.212386 seconds (0d 0h 0m 13s)

---------------  T H R E A D  ---------------

Current thread (0x00000290711c74c0):  VMThread "VM Thread" [stack: 0x0000009e4b500000,0x0000009e4b600000] [id=16740]

Stack: [0x0000009e4b500000,0x0000009e4b600000]
Native frames: (J=compiled Java code, j=interpreted, Vv=VM code, C=native code)
V  [jvm.dll+0x66f8ea]
V  [jvm.dll+0x7ce224]
V  [jvm.dll+0x7cf9ce]
V  [jvm.dll+0x7d0033]
V  [jvm.dll+0x242bb5]
V  [jvm.dll+0x66c909]
V  [jvm.dll+0x6613d2]
V  [jvm.dll+0x30082b]
V  [jvm.dll+0x307db6]
V  [jvm.dll+0x357a23]
V  [jvm.dll+0x357c3f]
V  [jvm.dll+0x2d7ae8]
V  [jvm.dll+0x2d5db4]
V  [jvm.dll+0x2d53bc]
V  [jvm.dll+0x318d1b]
V  [jvm.dll+0x7d44cb]
V  [jvm.dll+0x7d5204]
V  [jvm.dll+0x7d571c]
V  [jvm.dll+0x7d5af4]
V  [jvm.dll+0x7d5bc0]
V  [jvm.dll+0x77e7ea]
V  [jvm.dll+0x66e715]
C  [ucrtbase.dll+0x21bb2]
C  [KERNEL32.DLL+0x17034]
C  [ntdll.dll+0x52651]

VM_Operation (0x0000009e4affbed0): G1CollectForAllocation, mode: safepoint, requested by thread 0x00000290511e02d0


---------------  P R O C E S S  ---------------

Threads class SMR info:
_java_thread_list=0x00000290737020b0, length=14, elements={
0x00000290511e02d0, 0x00000290711cc0c0, 0x00000290711ccf30, 0x00000290711e1b10,
0x00000290711e24c0, 0x00000290711e2e70, 0x00000290711e3820, 0x00000290711ed300,
0x00000290711f8790, 0x00000290711fc0b0, 0x00000290711b7e00, 0x0000029071db67b0,
0x0000029071db7c90, 0x0000029073702450
}

Java Threads: ( => current thread )
  0x00000290511e02d0 JavaThread "main" [_thread_blocked, id=21676, stack(0x0000009e4af00000,0x0000009e4b000000)]
  0x00000290711cc0c0 JavaThread "Reference Handler" daemon [_thread_blocked, id=23892, stack(0x0000009e4b600000,0x0000009e4b700000)]
  0x00000290711ccf30 JavaThread "Finalizer" daemon [_thread_blocked, id=24292, stack(0x0000009e4b700000,0x0000009e4b800000)]
  0x00000290711e1b10 JavaThread "Signal Dispatcher" daemon [_thread_blocked, id=24208, stack(0x0000009e4b800000,0x0000009e4b900000)]
  0x00000290711e24c0 JavaThread "Attach Listener" daemon [_thread_blocked, id=14900, stack(0x0000009e4b900000,0x0000009e4ba00000)]
  0x00000290711e2e70 JavaThread "Service Thread" daemon [_thread_blocked, id=14244, stack(0x0000009e4ba00000,0x0000009e4bb00000)]
  0x00000290711e3820 JavaThread "Monitor Deflation Thread" daemon [_thread_blocked, id=18704, stack(0x0000009e4bb00000,0x0000009e4bc00000)]
  0x00000290711ed300 JavaThread "C2 CompilerThread0" daemon [_thread_blocked, id=20892, stack(0x0000009e4bc00000,0x0000009e4bd00000)]
  0x00000290711f8790 JavaThread "C1 CompilerThread0" daemon [_thread_blocked, id=13104, stack(0x0000009e4bd00000,0x0000009e4be00000)]
  0x00000290711fc0b0 JavaThread "Sweeper thread" daemon [_thread_blocked, id=24340, stack(0x0000009e4be00000,0x0000009e4bf00000)]
  0x00000290711b7e00 JavaThread "Common-Cleaner" daemon [_thread_blocked, id=6208, stack(0x0000009e4bf00000,0x0000009e4c000000)]
  0x0000029071db67b0 JavaThread "Monitor Ctrl-Break" daemon [_thread_in_native, id=24540, stack(0x0000009e4c000000,0x0000009e4c100000)]
  0x0000029071db7c90 JavaThread "Notification Thread" daemon [_thread_blocked, id=23436, stack(0x0000009e4c100000,0x0000009e4c200000)]
  0x0000029073702450 JavaThread "C2 CompilerThread1" daemon [_thread_blocked, id=13152, stack(0x0000009e4c300000,0x0000009e4c400000)]

Other Threads:
=>0x00000290711c74c0 VMThread "VM Thread" [stack: 0x0000009e4b500000,0x0000009e4b600000] [id=16740]
  0x0000029051239d20 WatcherThread [stack: 0x0000009e4c200000,0x0000009e4c300000] [id=22852]
  0x0000029051220410 GCTaskThread "GC Thread#0" [stack: 0x0000009e4b000000,0x0000009e4b100000] [id=25060]
  0x000002907284d2a0 GCTaskThread "GC Thread#1" [stack: 0x0000009e4c400000,0x0000009e4c500000] [id=23692]
  0x00000290728b4b50 GCTaskThread "GC Thread#2" [stack: 0x0000009e4c500000,0x0000009e4c600000] [id=24748]
  0x00000290728d89a0 GCTaskThread "GC Thread#3" [stack: 0x0000009e4c600000,0x0000009e4c700000] [id=25080]
  0x00000290728d8c50 GCTaskThread "GC Thread#4" [stack: 0x0000009e4c700000,0x0000009e4c800000] [id=25084]
  0x0000029072af7f60 GCTaskThread "GC Thread#5" [stack: 0x0000009e4c800000,0x0000009e4c900000] [id=3856]
  0x0000029072af8210 GCTaskThread "GC Thread#6" [stack: 0x0000009e4c900000,0x0000009e4ca00000] [id=24696]
  0x0000029072af8940 GCTaskThread "GC Thread#7" [stack: 0x0000009e4ca00000,0x0000009e4cb00000] [id=14376]
  0x0000029051231010 ConcurrentGCThread "G1 Main Marker" [stack: 0x0000009e4b100000,0x0000009e4b200000] [id=9764]
  0x0000029051232a30 ConcurrentGCThread "G1 Conc#0" [stack: 0x0000009e4b200000,0x0000009e4b300000] [id=15384]
  0x0000029072f3cd00 ConcurrentGCThread "G1 Conc#1" [stack: 0x0000009e4cb00000,0x0000009e4cc00000] [id=2916]
  0x00000290512b0410 ConcurrentGCThread "G1 Refine#0" [stack: 0x0000009e4b300000,0x0000009e4b400000] [id=14908]
  0x0000029073bce480 ConcurrentGCThread "G1 Refine#1" [stack: 0x0000009e4cc00000,0x0000009e4cd00000] [id=11048]
  0x0000029072a728f0 ConcurrentGCThread "G1 Refine#2" [stack: 0x0000009e4cd00000,0x0000009e4ce00000] [id=14452]
  0x000002907251e8d0 ConcurrentGCThread "G1 Refine#3" [stack: 0x0000009e4ce00000,0x0000009e4cf00000] [id=24572]
  0x0000029071090090 ConcurrentGCThread "G1 Service" [stack: 0x0000009e4b400000,0x0000009e4b500000] [id=23960]

Threads with active compile tasks:
C2 CompilerThread0    13276 7286       4       com.sun.tools.javac.jvm.ClassReader::setParameters (334 bytes)
C2 CompilerThread1    13277 7490  s!   4       jdk.internal.loader.URLClassPath::getLoader (194 bytes)

VM state: at safepoint (normal execution)

VM Mutex/Monitor currently owned by a thread:  ([mutex/lock_event])
[0x00000290511dbf50] Threads_lock - owner thread: 0x00000290711c74c0
[0x00000290511dc610] Heap_lock - owner thread: 0x00000290511e02d0

Heap address: 0x0000000081a00000, size: 2022 MB, Compressed Oops mode: 32-bit

CDS archive(s) mapped at: [0x0000000800000000-0x0000000800bc0000-0x0000000800bc0000), size 12320768, SharedBaseAddress: 0x0000000800000000, ArchiveRelocationMode: 0.
Compressed class space mapped at: 0x0000000800c00000-0x0000000840c00000, reserved size: 1073741824
Narrow klass base: 0x0000000800000000, Narrow klass shift: 0, Narrow klass range: 0x100000000

GC Precious Log:
 CPUs: 8 total, 8 available
 Memory: 8087M
 Large Page Support: Disabled
 NUMA Support: Disabled
 Compressed Oops: Enabled (32-bit)
 Heap Region Size: 1M
 Heap Min Capacity: 8M
 Heap Initial Capacity: 128M
 Heap Max Capacity: 2022M
 Pre-touch: Disabled
 Parallel Workers: 8
 Concurrent Workers: 2
 Concurrent Refinement Workers: 8
 Periodic GC: Disabled

Heap:
 garbage-first heap   total 134144K, used 39834K [0x0000000081a00000, 0x0000000100000000)
  region size 1024K, 2 young (2048K), 2 survivors (2048K)
 Metaspace       used 27502K, committed 27904K, reserved 1081344K
  class space    used 2997K, committed 3200K, reserved 1048576K

Heap Regions: E=young(eden), S=young(survivor), O=old, HS=humongous(starts), HC=humongous(continues), CS=collection set, F=free, OA=open archive, CA=closed archive, TAMS=top-at-mark-start (previous, next)
|   0|0x0000000081a00000, 0x0000000081b00000, 0x0000000081b00000|100%| O|  |TAMS 0x0000000081b00000, 0x0000000081b00000| Untracked 
|   1|0x0000000081b00000, 0x0000000081c00000, 0x0000000081c00000|100%| O|  |TAMS 0x0000000081c00000, 0x0000000081c00000| Untracked 
|   2|0x0000000081c00000, 0x0000000081d00000, 0x0000000081d00000|100%| O|  |TAMS 0x0000000081d00000, 0x0000000081d00000| Untracked 
|   3|0x0000000081d00000, 0x0000000081e00000, 0x0000000081e00000|100%| O|  |TAMS 0x0000000081e00000, 0x0000000081e00000| Untracked 
|   4|0x0000000081e00000, 0x0000000081f00000, 0x0000000081f00000|100%| O|  |TAMS 0x0000000081f00000, 0x0000000081f00000| Untracked 
|   5|0x0000000081f00000, 0x0000000082000000, 0x0000000082000000|100%| O|  |TAMS 0x0000000082000000, 0x0000000082000000| Untracked 
|   6|0x0000000082000000, 0x0000000082100000, 0x0000000082100000|100%| O|  |TAMS 0x0000000082100000, 0x0000000082100000| Untracked 
|   7|0x0000000082100000, 0x0000000082200000, 0x0000000082200000|100%| O|  |TAMS 0x0000000082200000, 0x0000000082200000| Untracked 
|   8|0x0000000082200000, 0x0000000082300000, 0x0000000082300000|100%| O|  |TAMS 0x0000000082300000, 0x0000000082300000| Untracked 
|   9|0x0000000082300000, 0x00000000823e4200, 0x0000000082400000| 89%| O|  |TAMS 0x00000000823e4200, 0x00000000823e4200| Untracked 
|  10|0x0000000082400000, 0x0000000082500000, 0x0000000082500000|100%| O|  |TAMS 0x0000000082500000, 0x0000000082500000| Untracked 
|  11|0x0000000082500000, 0x0000000082500000, 0x0000000082600000|  0%| F|  |TAMS 0x0000000082500000, 0x0000000082500000| Untracked 
|  12|0x0000000082600000, 0x0000000082600000, 0x0000000082700000|  0%| F|  |TAMS 0x0000000082600000, 0x0000000082600000| Untracked 
|  13|0x0000000082700000, 0x0000000082700000, 0x0000000082800000|  0%| F|  |TAMS 0x0000000082700000, 0x0000000082700000| Untracked 
|  14|0x0000000082800000, 0x0000000082800000, 0x0000000082900000|  0%| F|  |TAMS 0x0000000082800000, 0x0000000082800000| Untracked 
|  15|0x0000000082900000, 0x0000000082a00000, 0x0000000082a00000|100%| O|  |TAMS 0x0000000082a00000, 0x0000000082a00000| Untracked 
|  16|0x0000000082a00000, 0x0000000082b00000, 0x0000000082b00000|100%| O|  |TAMS 0x0000000082b00000, 0x0000000082b00000| Untracked 
|  17|0x0000000082b00000, 0x0000000082c00000, 0x0000000082c00000|100%| O|  |TAMS 0x0000000082c00000, 0x0000000082c00000| Untracked 
|  18|0x0000000082c00000, 0x0000000082d00000, 0x0000000082d00000|100%| O|  |TAMS 0x0000000082d00000, 0x0000000082d00000| Untracked 
|  19|0x0000000082d00000, 0x0000000082e00000, 0x0000000082e00000|100%| O|  |TAMS 0x0000000082d00000, 0x0000000082e00000| Untracked 
|  20|0x0000000082e00000, 0x0000000082f00000, 0x0000000082f00000|100%| O|  |TAMS 0x0000000082e00000, 0x0000000082f00000| Untracked 
|  21|0x0000000082f00000, 0x0000000083000000, 0x0000000083000000|100%| O|  |TAMS 0x0000000083000000, 0x0000000083000000| Untracked 
|  22|0x0000000083000000, 0x0000000083100000, 0x0000000083100000|100%| O|  |TAMS 0x0000000083100000, 0x0000000083100000| Untracked 
|  23|0x0000000083100000, 0x0000000083200000, 0x0000000083200000|100%| O|  |TAMS 0x0000000083200000, 0x0000000083200000| Untracked 
|  24|0x0000000083200000, 0x0000000083300000, 0x0000000083300000|100%| O|  |TAMS 0x0000000083300000, 0x0000000083300000| Untracked 
|  25|0x0000000083300000, 0x0000000083400000, 0x0000000083400000|100%| O|  |TAMS 0x0000000083400000, 0x0000000083400000| Untracked 
|  26|0x0000000083400000, 0x0000000083400000, 0x0000000083500000|  0%| F|  |TAMS 0x0000000083400000, 0x0000000083400000| Untracked 
|  27|0x0000000083500000, 0x0000000083500000, 0x0000000083600000|  0%| F|  |TAMS 0x0000000083500000, 0x0000000083500000| Untracked 
|  28|0x0000000083600000, 0x0000000083700000, 0x0000000083700000|100%| O|  |TAMS 0x0000000083700000, 0x0000000083700000| Untracked 
|  29|0x0000000083700000, 0x0000000083800000, 0x0000000083800000|100%| O|  |TAMS 0x0000000083800000, 0x0000000083800000| Untracked 
|  30|0x0000000083800000, 0x0000000083900000, 0x0000000083900000|100%| O|  |TAMS 0x0000000083900000, 0x0000000083900000| Untracked 
|  31|0x0000000083900000, 0x0000000083a00000, 0x0000000083a00000|100%| O|  |TAMS 0x0000000083a00000, 0x0000000083a00000| Untracked 
|  32|0x0000000083a00000, 0x0000000083b00000, 0x0000000083b00000|100%|HS|  |TAMS 0x0000000083b00000, 0x0000000083b00000| Complete 
|  33|0x0000000083b00000, 0x0000000083c00000, 0x0000000083c00000|100%|HC|  |TAMS 0x0000000083c00000, 0x0000000083c00000| Complete 
|  34|0x0000000083c00000, 0x0000000083d00000, 0x0000000083d00000|100%| O|  |TAMS 0x0000000083d00000, 0x0000000083d00000| Untracked 
|  35|0x0000000083d00000, 0x0000000083e00000, 0x0000000083e00000|100%| O|  |TAMS 0x0000000083e00000, 0x0000000083e00000| Untracked 
|  36|0x0000000083e00000, 0x0000000083f00000, 0x0000000083f00000|100%| O|  |TAMS 0x0000000083f00000, 0x0000000083f00000| Untracked 
|  37|0x0000000083f00000, 0x0000000084000000, 0x0000000084000000|100%| O|  |TAMS 0x0000000084000000, 0x0000000084000000| Untracked 
|  38|0x0000000084000000, 0x0000000084100000, 0x0000000084100000|100%| O|  |TAMS 0x0000000084100000, 0x0000000084100000| Untracked 
|  39|0x0000000084100000, 0x0000000084200000, 0x0000000084200000|100%| O|  |TAMS 0x00000000841d0000, 0x0000000084200000| Untracked 
|  40|0x0000000084200000, 0x0000000084300000, 0x0000000084300000|100%| O|  |TAMS 0x0000000084200000, 0x0000000084300000| Untracked 
|  41|0x0000000084300000, 0x0000000084400000, 0x0000000084400000|100%| O|  |TAMS 0x0000000084300000, 0x0000000084400000| Untracked 
|  42|0x0000000084400000, 0x00000000844ae800, 0x0000000084500000| 68%| O|  |TAMS 0x0000000084400000, 0x00000000844ae800| Untracked 
|  43|0x0000000084500000, 0x0000000084500000, 0x0000000084600000|  0%| F|  |TAMS 0x0000000084500000, 0x0000000084500000| Untracked 
|  44|0x0000000084600000, 0x0000000084600000, 0x0000000084700000|  0%| F|  |TAMS 0x0000000084600000, 0x0000000084600000| Untracked 
|  45|0x0000000084700000, 0x0000000084700000, 0x0000000084800000|  0%| F|  |TAMS 0x0000000084700000, 0x0000000084700000| Untracked 
|  46|0x0000000084800000, 0x0000000084800000, 0x0000000084900000|  0%| F|  |TAMS 0x0000000084800000, 0x0000000084800000| Untracked 
|  47|0x0000000084900000, 0x0000000084900000, 0x0000000084a00000|  0%| F|  |TAMS 0x0000000084900000, 0x0000000084900000| Untracked 
|  48|0x0000000084a00000, 0x0000000084a00000, 0x0000000084b00000|  0%| F|  |TAMS 0x0000000084a00000, 0x0000000084a00000| Untracked 
|  49|0x0000000084b00000, 0x0000000084b00000, 0x0000000084c00000|  0%| F|  |TAMS 0x0000000084b00000, 0x0000000084b00000| Untracked 
|  50|0x0000000084c00000, 0x0000000084c00000, 0x0000000084d00000|  0%| F|  |TAMS 0x0000000084c00000, 0x0000000084c00000| Untracked 
|  51|0x0000000084d00000, 0x0000000084d00000, 0x0000000084e00000|  0%| F|  |TAMS 0x0000000084d00000, 0x0000000084d00000| Untracked 
|  52|0x0000000084e00000, 0x0000000084e00000, 0x0000000084f00000|  0%| F|  |TAMS 0x0000000084e00000, 0x0000000084e00000| Untracked 
|  53|0x0000000084f00000, 0x0000000084f00000, 0x0000000085000000|  0%| F|  |TAMS 0x0000000084f00000, 0x0000000084f00000| Untracked 
|  54|0x0000000085000000, 0x0000000085053f98, 0x0000000085100000| 32%| S|CS|TAMS 0x0000000085000000, 0x0000000085000000| Complete 
|  55|0x0000000085100000, 0x0000000085200000, 0x0000000085200000|100%| S|CS|TAMS 0x0000000085100000, 0x0000000085100000| Complete 
|  56|0x0000000085200000, 0x0000000085200000, 0x0000000085300000|  0%| F|  |TAMS 0x0000000085200000, 0x0000000085200000| Untracked 
|  57|0x0000000085300000, 0x0000000085300000, 0x0000000085400000|  0%| F|  |TAMS 0x0000000085300000, 0x0000000085300000| Untracked 
|  58|0x0000000085400000, 0x0000000085400000, 0x0000000085500000|  0%| F|  |TAMS 0x0000000085400000, 0x0000000085400000| Untracked 
|  59|0x0000000085500000, 0x0000000085500000, 0x0000000085600000|  0%| F|  |TAMS 0x0000000085500000, 0x0000000085500000| Untracked 
|  60|0x0000000085600000, 0x0000000085600000, 0x0000000085700000|  0%| F|  |TAMS 0x0000000085600000, 0x0000000085600000| Untracked 
|  61|0x0000000085700000, 0x0000000085700000, 0x0000000085800000|  0%| F|  |TAMS 0x0000000085700000, 0x0000000085700000| Untracked 
|  62|0x0000000085800000, 0x0000000085800000, 0x0000000085900000|  0%| F|  |TAMS 0x0000000085800000, 0x0000000085800000| Untracked 
|  63|0x0000000085900000, 0x0000000085900000, 0x0000000085a00000|  0%| F|  |TAMS 0x0000000085900000, 0x0000000085900000| Untracked 
|  64|0x0000000085a00000, 0x0000000085a00000, 0x0000000085b00000|  0%| F|  |TAMS 0x0000000085a00000, 0x0000000085a00000| Untracked 
|  65|0x0000000085b00000, 0x0000000085b00000, 0x0000000085c00000|  0%| F|  |TAMS 0x0000000085b00000, 0x0000000085b00000| Untracked 
|  66|0x0000000085c00000, 0x0000000085c00000, 0x0000000085d00000|  0%| F|  |TAMS 0x0000000085c00000, 0x0000000085c00000| Untracked 
|  67|0x0000000085d00000, 0x0000000085d00000, 0x0000000085e00000|  0%| F|  |TAMS 0x0000000085d00000, 0x0000000085d00000| Untracked 
|  68|0x0000000085e00000, 0x0000000085e00000, 0x0000000085f00000|  0%| F|  |TAMS 0x0000000085e00000, 0x0000000085e00000| Untracked 
|  69|0x0000000085f00000, 0x0000000085f00000, 0x0000000086000000|  0%| F|  |TAMS 0x0000000085f00000, 0x0000000085f00000| Untracked 
|  70|0x0000000086000000, 0x0000000086000000, 0x0000000086100000|  0%| F|  |TAMS 0x0000000086000000, 0x0000000086000000| Untracked 
|  71|0x0000000086100000, 0x0000000086100000, 0x0000000086200000|  0%| F|  |TAMS 0x0000000086100000, 0x0000000086100000| Untracked 
|  72|0x0000000086200000, 0x0000000086200000, 0x0000000086300000|  0%| F|  |TAMS 0x0000000086200000, 0x0000000086200000| Untracked 
|  73|0x0000000086300000, 0x0000000086300000, 0x0000000086400000|  0%| F|  |TAMS 0x0000000086300000, 0x0000000086300000| Untracked 
|  74|0x0000000086400000, 0x0000000086400000, 0x0000000086500000|  0%| F|  |TAMS 0x0000000086400000, 0x0000000086400000| Untracked 
|  75|0x0000000086500000, 0x0000000086500000, 0x0000000086600000|  0%| F|  |TAMS 0x0000000086500000, 0x0000000086500000| Untracked 
|  76|0x0000000086600000, 0x0000000086600000, 0x0000000086700000|  0%| F|  |TAMS 0x0000000086600000, 0x0000000086600000| Untracked 
|  77|0x0000000086700000, 0x0000000086700000, 0x0000000086800000|  0%| F|  |TAMS 0x0000000086700000, 0x0000000086700000| Untracked 
|  78|0x0000000086800000, 0x0000000086800000, 0x0000000086900000|  0%| F|  |TAMS 0x0000000086800000, 0x0000000086800000| Untracked 
|  79|0x0000000086900000, 0x0000000086900000, 0x0000000086a00000|  0%| F|  |TAMS 0x0000000086900000, 0x0000000086900000| Untracked 
|  80|0x0000000086a00000, 0x0000000086a00000, 0x0000000086b00000|  0%| F|  |TAMS 0x0000000086a00000, 0x0000000086a00000| Untracked 
|  81|0x0000000086b00000, 0x0000000086b00000, 0x0000000086c00000|  0%| F|  |TAMS 0x0000000086b00000, 0x0000000086b00000| Untracked 
|  82|0x0000000086c00000, 0x0000000086c00000, 0x0000000086d00000|  0%| F|  |TAMS 0x0000000086c00000, 0x0000000086c00000| Untracked 
|  83|0x0000000086d00000, 0x0000000086d00000, 0x0000000086e00000|  0%| F|  |TAMS 0x0000000086d00000, 0x0000000086d00000| Untracked 
|  84|0x0000000086e00000, 0x0000000086e00000, 0x0000000086f00000|  0%| F|  |TAMS 0x0000000086e00000, 0x0000000086e00000| Untracked 
|  85|0x0000000086f00000, 0x0000000086f00000, 0x0000000087000000|  0%| F|  |TAMS 0x0000000086f00000, 0x0000000086f00000| Untracked 
|  86|0x0000000087000000, 0x0000000087000000, 0x0000000087100000|  0%| F|  |TAMS 0x0000000087000000, 0x0000000087000000| Untracked 
|  87|0x0000000087100000, 0x0000000087100000, 0x0000000087200000|  0%| F|  |TAMS 0x0000000087100000, 0x0000000087100000| Untracked 
|  88|0x0000000087200000, 0x0000000087200000, 0x0000000087300000|  0%| F|  |TAMS 0x0000000087200000, 0x0000000087200000| Untracked 
|  89|0x0000000087300000, 0x0000000087300000, 0x0000000087400000|  0%| F|  |TAMS 0x0000000087300000, 0x0000000087300000| Untracked 
|  90|0x0000000087400000, 0x0000000087400000, 0x0000000087500000|  0%| F|  |TAMS 0x0000000087400000, 0x0000000087400000| Untracked 
|  91|0x0000000087500000, 0x0000000087500000, 0x0000000087600000|  0%| F|  |TAMS 0x0000000087500000, 0x0000000087500000| Untracked 
|  92|0x0000000087600000, 0x0000000087600000, 0x0000000087700000|  0%| F|  |TAMS 0x0000000087600000, 0x0000000087600000| Untracked 
|  93|0x0000000087700000, 0x0000000087700000, 0x0000000087800000|  0%| F|  |TAMS 0x0000000087700000, 0x0000000087700000| Untracked 
|  94|0x0000000087800000, 0x0000000087800000, 0x0000000087900000|  0%| F|  |TAMS 0x0000000087800000, 0x0000000087800000| Untracked 
|  95|0x0000000087900000, 0x0000000087900000, 0x0000000087a00000|  0%| F|  |TAMS 0x0000000087900000, 0x0000000087900000| Untracked 
|  96|0x0000000087a00000, 0x0000000087a00000, 0x0000000087b00000|  0%| F|  |TAMS 0x0000000087a00000, 0x0000000087a00000| Untracked 
|  97|0x0000000087b00000, 0x0000000087b00000, 0x0000000087c00000|  0%| F|  |TAMS 0x0000000087b00000, 0x0000000087b00000| Untracked 
|  98|0x0000000087c00000, 0x0000000087c00000, 0x0000000087d00000|  0%| F|  |TAMS 0x0000000087c00000, 0x0000000087c00000| Untracked 
|  99|0x0000000087d00000, 0x0000000087d00000, 0x0000000087e00000|  0%| F|  |TAMS 0x0000000087d00000, 0x0000000087d00000| Untracked 
| 100|0x0000000087e00000, 0x0000000087e00000, 0x0000000087f00000|  0%| F|  |TAMS 0x0000000087e00000, 0x0000000087e00000| Untracked 
| 101|0x0000000087f00000, 0x0000000087f00000, 0x0000000088000000|  0%| F|  |TAMS 0x0000000087f00000, 0x0000000087f00000| Untracked 
| 102|0x0000000088000000, 0x0000000088000000, 0x0000000088100000|  0%| F|  |TAMS 0x0000000088000000, 0x0000000088000000| Untracked 
| 103|0x0000000088100000, 0x0000000088100000, 0x0000000088200000|  0%| F|  |TAMS 0x0000000088100000, 0x0000000088100000| Untracked 
| 104|0x0000000088200000, 0x0000000088200000, 0x0000000088300000|  0%| F|  |TAMS 0x0000000088200000, 0x0000000088200000| Untracked 
| 105|0x0000000088300000, 0x0000000088300000, 0x0000000088400000|  0%| F|  |TAMS 0x0000000088300000, 0x0000000088300000| Untracked 
| 106|0x0000000088400000, 0x0000000088400000, 0x0000000088500000|  0%| F|  |TAMS 0x0000000088400000, 0x0000000088400000| Untracked 
| 107|0x0000000088500000, 0x0000000088500000, 0x0000000088600000|  0%| F|  |TAMS 0x0000000088500000, 0x0000000088500000| Untracked 
| 108|0x0000000088600000, 0x0000000088600000, 0x0000000088700000|  0%| F|  |TAMS 0x0000000088600000, 0x0000000088600000| Untracked 
| 109|0x0000000088700000, 0x0000000088700000, 0x0000000088800000|  0%| F|  |TAMS 0x0000000088700000, 0x0000000088700000| Untracked 
| 110|0x0000000088800000, 0x0000000088800000, 0x0000000088900000|  0%| F|  |TAMS 0x0000000088800000, 0x0000000088800000| Untracked 
| 111|0x0000000088900000, 0x0000000088900000, 0x0000000088a00000|  0%| F|  |TAMS 0x0000000088900000, 0x0000000088900000| Untracked 
| 112|0x0000000088a00000, 0x0000000088a00000, 0x0000000088b00000|  0%| F|  |TAMS 0x0000000088a00000, 0x0000000088a00000| Untracked 
| 113|0x0000000088b00000, 0x0000000088b00000, 0x0000000088c00000|  0%| F|  |TAMS 0x0000000088b00000, 0x0000000088b00000| Untracked 
| 114|0x0000000088c00000, 0x0000000088c00000, 0x0000000088d00000|  0%| F|  |TAMS 0x0000000088c00000, 0x0000000088c00000| Untracked 
| 115|0x0000000088d00000, 0x0000000088d00000, 0x0000000088e00000|  0%| F|  |TAMS 0x0000000088d00000, 0x0000000088d00000| Untracked 
| 116|0x0000000088e00000, 0x0000000088e00000, 0x0000000088f00000|  0%| F|  |TAMS 0x0000000088e00000, 0x0000000088e00000| Untracked 
| 117|0x0000000088f00000, 0x0000000088f00000, 0x0000000089000000|  0%| F|  |TAMS 0x0000000088f00000, 0x0000000088f00000| Untracked 
| 118|0x0000000089000000, 0x0000000089000000, 0x0000000089100000|  0%| F|  |TAMS 0x0000000089000000, 0x0000000089000000| Untracked 
| 119|0x0000000089100000, 0x0000000089100000, 0x0000000089200000|  0%| F|  |TAMS 0x0000000089100000, 0x0000000089100000| Untracked 
| 120|0x0000000089200000, 0x0000000089200000, 0x0000000089300000|  0%| F|  |TAMS 0x0000000089200000, 0x0000000089200000| Untracked 
| 121|0x0000000089300000, 0x0000000089300000, 0x0000000089400000|  0%| F|  |TAMS 0x0000000089300000, 0x0000000089300000| Untracked 
| 122|0x0000000089400000, 0x0000000089400000, 0x0000000089500000|  0%| F|  |TAMS 0x0000000089400000, 0x0000000089400000| Untracked 
| 123|0x0000000089500000, 0x0000000089500000, 0x0000000089600000|  0%| F|  |TAMS 0x0000000089500000, 0x0000000089500000| Untracked 
| 124|0x0000000089600000, 0x0000000089600000, 0x0000000089700000|  0%| F|  |TAMS 0x0000000089600000, 0x0000000089600000| Untracked 
| 125|0x0000000089700000, 0x0000000089700000, 0x0000000089800000|  0%| F|  |TAMS 0x0000000089700000, 0x0000000089700000| Untracked 
| 126|0x0000000089800000, 0x0000000089800000, 0x0000000089900000|  0%| F|  |TAMS 0x0000000089800000, 0x0000000089800000| Untracked 
| 127|0x0000000089900000, 0x0000000089900000, 0x0000000089a00000|  0%| F|  |TAMS 0x0000000089900000, 0x0000000089900000| Untracked 
|2019|0x00000000ffd00000, 0x00000000ffd00000, 0x00000000ffe00000|  0%| F|  |TAMS 0x00000000ffd00000, 0x00000000ffd00000| Untracked 
|2020|0x00000000ffe00000, 0x00000000fff00000, 0x00000000fff00000|100%| O|  |TAMS 0x00000000fff00000, 0x00000000fff00000| Untracked 
|2021|0x00000000fff00000, 0x00000000fff00000, 0x0000000100000000|  0%| F|  |TAMS 0x00000000fff00000, 0x00000000fff00000| Untracked 

Card table byte_map: [0x000002906a030000,0x000002906a430000] _byte_map_base: 0x0000029069c23000

Marking Bits (Prev, Next): (CMBitMap*) 0x0000029051220a20, (CMBitMap*) 0x0000029051220a60
 Prev Bits: [0x000002906a830000, 0x000002906c7c8000)
 Next Bits: [0x000002906c7d0000, 0x000002906e768000)

Polling page: 0x00000290512c0000

Metaspace:

Usage:
  Non-class:     23.93 MB used.
      Class:      2.93 MB used.
       Both:     26.86 MB used.

Virtual space:
  Non-class space:       32.00 MB reserved,      24.12 MB ( 75%) committed,  4 nodes.
      Class space:        1.00 GB reserved,       3.12 MB ( <1%) committed,  1 nodes.
             Both:        1.03 GB reserved,      27.25 MB (  3%) committed. 

Chunk freelists:
   Non-Class:  3.92 MB
       Class:  957.00 KB
        Both:  4.86 MB

MaxMetaspaceSize: unlimited
CompressedClassSpaceSize: 1.00 GB
Initial GC threshold: 21.00 MB
Current GC threshold: 44.31 MB
CDS: on
MetaspaceReclaimPolicy: balanced
 - commit_granule_bytes: 65536.
 - commit_granule_words: 8192.
 - virtual_space_node_default_size: 1048576.
 - enlarge_chunks_in_place: 1.
 - new_chunks_are_fully_committed: 0.
 - uncommit_free_chunks: 1.
 - use_allocation_guard: 0.
 - handle_deallocations: 1.


Internal statistics:

num_allocs_failed_limit: 3.
num_arena_births: 168.
num_arena_deaths: 0.
num_vsnodes_births: 5.
num_vsnodes_deaths: 0.
num_space_committed: 436.
num_space_uncommitted: 0.
num_chunks_returned_to_freelist: 3.
num_chunks_taken_from_freelist: 1132.
num_chunk_merges: 3.
num_chunk_splits: 812.
num_chunks_enlarged: 642.
num_purges: 0.
num_inconsistent_stats: 0.

CodeHeap 'non-profiled nmethods': size=120000Kb used=3285Kb max_used=3285Kb free=116714Kb
 bounds [0x0000029061c90000, 0x0000029061fd0000, 0x00000290691c0000]
CodeHeap 'profiled nmethods': size=120000Kb used=13181Kb max_used=13181Kb free=106818Kb
 bounds [0x000002905a760000, 0x000002905b450000, 0x0000029061c90000]
CodeHeap 'non-nmethods': size=5760Kb used=1204Kb max_used=1352Kb free=4555Kb
 bounds [0x000002905a1c0000, 0x000002905a430000, 0x000002905a760000]
 total_blobs=7077 nmethods=6571 adapters=418
 compilation: enabled
              stopped_count=0, restarted_count=0
 full_count=0

Compilation events (20 events):
Event: 13.173 Thread 0x00000290711f8790 7483       1       org.eclipse.aether.util.graph.visitor.PreorderNodeListGenerator::visitLeave (2 bytes)
Event: 13.173 Thread 0x00000290711f8790 nmethod 7483 0x0000029061fbd010 code [0x0000029061fbd1a0, 0x0000029061fbd278]
Event: 13.173 Thread 0x00000290711f8790 7485       3       java.lang.Long::parseLong (272 bytes)
Event: 13.176 Thread 0x00000290711f8790 nmethod 7485 0x000002905b43cd90 code [0x000002905b43d220, 0x000002905b43f1d8]
Event: 13.176 Thread 0x00000290711f8790 7487       3       org.apache.maven.artifact.handler.DefaultArtifactHandler::getExtension (20 bytes)
Event: 13.177 Thread 0x00000290711f8790 nmethod 7487 0x000002905b43fe10 code [0x000002905b43ffa0, 0x000002905b440138]
Event: 13.177 Thread 0x00000290711f8790 7489       3       org.eclipse.sisu.inject.Implementations::getAnnotation (94 bytes)
Event: 13.177 Thread 0x0000029073702450 7490  s!   4       jdk.internal.loader.URLClassPath::getLoader (194 bytes)
Event: 13.178 Thread 0x00000290711f8790 nmethod 7489 0x000002905b440210 code [0x000002905b440440, 0x000002905b440ec8]
Event: 13.178 Thread 0x00000290711f8790 7486       3       org.apache.maven.artifact.DefaultArtifact::getId (30 bytes)
Event: 13.178 Thread 0x00000290711f8790 nmethod 7486 0x000002905b441190 code [0x000002905b441400, 0x000002905b441c38]
Event: 13.178 Thread 0x00000290711f8790 7488       1       org.eclipse.sisu.inject.MildValues$Weak::key (5 bytes)
Event: 13.179 Thread 0x00000290711f8790 nmethod 7488 0x0000029061fbd310 code [0x0000029061fbd4a0, 0x0000029061fbd578]
Event: 13.179 Thread 0x00000290711f8790 7484       3       java.lang.Long::parseLong (7 bytes)
Event: 13.179 Thread 0x00000290711f8790 nmethod 7484 0x000002905b441f10 code [0x000002905b4420a0, 0x000002905b4421c8]
Event: 13.200 Thread 0x00000290711f8790 7491       3       com.google.inject.internal.BindingBuilder::toProvider (6 bytes)
Event: 13.200 Thread 0x00000290711f8790 nmethod 7491 0x000002905b442290 code [0x000002905b442440, 0x000002905b442608]
Event: 13.200 Thread 0x00000290711f8790 7492       3       com.google.inject.internal.BindingBuilder::toProvider (6 bytes)
Event: 13.200 Thread 0x00000290711f8790 nmethod 7492 0x000002905b442710 code [0x000002905b4428c0, 0x000002905b442a08]
Event: 13.201 Thread 0x00000290711ed300 nmethod 7286 0x0000029061fbd610 code [0x0000029061fbda00, 0x0000029061fc22e0]

GC Heap History (20 events):
Event: 10.594 GC heap after
{Heap after GC invocations=8 (full 0):
 garbage-first heap   total 59392K, used 26945K [0x0000000081a00000, 0x0000000100000000)
  region size 1024K, 4 young (4096K), 4 survivors (4096K)
 Metaspace       used 24911K, committed 25152K, reserved 1073152K
  class space    used 2775K, committed 2880K, reserved 1048576K
}
Event: 11.337 GC heap before
{Heap before GC invocations=8 (full 0):
 garbage-first heap   total 59392K, used 44353K [0x0000000081a00000, 0x0000000100000000)
  region size 1024K, 21 young (21504K), 4 survivors (4096K)
 Metaspace       used 26559K, committed 26880K, reserved 1073152K
  class space    used 2943K, committed 3072K, reserved 1048576K
}
Event: 11.348 GC heap after
{Heap after GC invocations=9 (full 0):
 garbage-first heap   total 59392K, used 28942K [0x0000000081a00000, 0x0000000100000000)
  region size 1024K, 2 young (2048K), 2 survivors (2048K)
 Metaspace       used 26559K, committed 26880K, reserved 1073152K
  class space    used 2943K, committed 3072K, reserved 1048576K
}
Event: 11.717 GC heap before
{Heap before GC invocations=9 (full 0):
 garbage-first heap   total 59392K, used 44302K [0x0000000081a00000, 0x0000000100000000)
  region size 1024K, 18 young (18432K), 2 survivors (2048K)
 Metaspace       used 26814K, committed 27136K, reserved 1073152K
  class space    used 2952K, committed 3136K, reserved 1048576K
}
Event: 11.724 GC heap after
{Heap after GC invocations=10 (full 0):
 garbage-first heap   total 59392K, used 29693K [0x0000000081a00000, 0x0000000100000000)
  region size 1024K, 1 young (1024K), 1 survivors (1024K)
 Metaspace       used 26814K, committed 27136K, reserved 1073152K
  class space    used 2952K, committed 3136K, reserved 1048576K
}
Event: 12.030 GC heap before
{Heap before GC invocations=11 (full 0):
 garbage-first heap   total 59392K, used 45053K [0x0000000081a00000, 0x0000000100000000)
  region size 1024K, 17 young (17408K), 1 survivors (1024K)
 Metaspace       used 26885K, committed 27200K, reserved 1073152K
  class space    used 2954K, committed 3136K, reserved 1048576K
}
Event: 12.036 GC heap after
{Heap after GC invocations=12 (full 0):
 garbage-first heap   total 59392K, used 34935K [0x0000000081a00000, 0x0000000100000000)
  region size 1024K, 3 young (3072K), 3 survivors (3072K)
 Metaspace       used 26885K, committed 27200K, reserved 1073152K
  class space    used 2954K, committed 3136K, reserved 1048576K
}
Event: 12.157 GC heap before
{Heap before GC invocations=12 (full 0):
 garbage-first heap   total 59392K, used 45175K [0x0000000081a00000, 0x0000000100000000)
  region size 1024K, 14 young (14336K), 3 survivors (3072K)
 Metaspace       used 26898K, committed 27200K, reserved 1073152K
  class space    used 2954K, committed 3136K, reserved 1048576K
}
Event: 12.165 GC heap after
{Heap after GC invocations=13 (full 0):
 garbage-first heap   total 75776K, used 37492K [0x0000000081a00000, 0x0000000100000000)
  region size 1024K, 2 young (2048K), 2 survivors (2048K)
 Metaspace       used 26898K, committed 27200K, reserved 1073152K
  class space    used 2954K, committed 3136K, reserved 1048576K
}
Event: 12.321 GC heap before
{Heap before GC invocations=14 (full 0):
 garbage-first heap   total 75776K, used 56948K [0x0000000081a00000, 0x0000000100000000)
  region size 1024K, 19 young (19456K), 2 survivors (2048K)
 Metaspace       used 26938K, committed 27264K, reserved 1073152K
  class space    used 2954K, committed 3136K, reserved 1048576K
}
Event: 12.330 GC heap after
{Heap after GC invocations=15 (full 0):
 garbage-first heap   total 75776K, used 43208K [0x0000000081a00000, 0x0000000100000000)
  region size 1024K, 3 young (3072K), 3 survivors (3072K)
 Metaspace       used 26938K, committed 27264K, reserved 1073152K
  class space    used 2954K, committed 3136K, reserved 1048576K
}
Event: 12.335 GC heap before
{Heap before GC invocations=15 (full 0):
 garbage-first heap   total 75776K, used 44232K [0x0000000081a00000, 0x0000000100000000)
  region size 1024K, 4 young (4096K), 3 survivors (3072K)
 Metaspace       used 26941K, committed 27264K, reserved 1073152K
  class space    used 2954K, committed 3136K, reserved 1048576K
}
Event: 12.342 GC heap after
{Heap after GC invocations=16 (full 0):
 garbage-first heap   total 75776K, used 43231K [0x0000000081a00000, 0x0000000100000000)
  region size 1024K, 1 young (1024K), 1 survivors (1024K)
 Metaspace       used 26941K, committed 27264K, reserved 1073152K
  class space    used 2954K, committed 3136K, reserved 1048576K
}
Event: 12.474 GC heap before
{Heap before GC invocations=16 (full 0):
 garbage-first heap   total 75776K, used 57567K [0x0000000081a00000, 0x0000000100000000)
  region size 1024K, 15 young (15360K), 1 survivors (1024K)
 Metaspace       used 27003K, committed 27328K, reserved 1073152K
  class space    used 2956K, committed 3136K, reserved 1048576K
}
Event: 12.483 GC heap after
{Heap after GC invocations=17 (full 0):
 garbage-first heap   total 75776K, used 45515K [0x0000000081a00000, 0x0000000100000000)
  region size 1024K, 2 young (2048K), 2 survivors (2048K)
 Metaspace       used 27003K, committed 27328K, reserved 1073152K
  class space    used 2956K, committed 3136K, reserved 1048576K
}
Event: 12.685 GC heap before
{Heap before GC invocations=18 (full 0):
 garbage-first heap   total 81920K, used 57803K [0x0000000081a00000, 0x0000000100000000)
  region size 1024K, 15 young (15360K), 2 survivors (2048K)
 Metaspace       used 27259K, committed 27584K, reserved 1073152K
  class space    used 2989K, committed 3136K, reserved 1048576K
}
Event: 12.694 GC heap after
{Heap after GC invocations=19 (full 0):
 garbage-first heap   total 81920K, used 45277K [0x0000000081a00000, 0x0000000100000000)
  region size 1024K, 1 young (1024K), 1 survivors (1024K)
 Metaspace       used 27259K, committed 27584K, reserved 1073152K
  class space    used 2989K, committed 3136K, reserved 1048576K
}
Event: 12.722 GC heap before
{Heap before GC invocations=19 (full 0):
 garbage-first heap   total 81920K, used 48349K [0x0000000081a00000, 0x0000000100000000)
  region size 1024K, 4 young (4096K), 1 survivors (1024K)
 Metaspace       used 27262K, committed 27584K, reserved 1073152K
  class space    used 2989K, committed 3136K, reserved 1048576K
}
Event: 12.737 GC heap after
{Heap after GC invocations=20 (full 0):
 garbage-first heap   total 81920K, used 39197K [0x0000000081a00000, 0x0000000100000000)
  region size 1024K, 1 young (1024K), 1 survivors (1024K)
 Metaspace       used 27262K, committed 27584K, reserved 1073152K
  class space    used 2989K, committed 3136K, reserved 1048576K
}
Event: 13.202 GC heap before
{Heap before GC invocations=20 (full 0):
 garbage-first heap   total 81920K, used 61725K [0x0000000081a00000, 0x0000000100000000)
  region size 1024K, 23 young (23552K), 1 survivors (1024K)
 Metaspace       used 27502K, committed 27904K, reserved 1081344K
  class space    used 2997K, committed 3200K, reserved 1048576K
}

Deoptimization events (20 events):
Event: 12.639 Thread 0x00000290511e02d0 DEOPT PACKING pc=0x0000029061de7530 sp=0x0000009e4affb490
Event: 12.639 Thread 0x00000290511e02d0 DEOPT UNPACKING pc=0x000002905a2123a3 sp=0x0000009e4affb420 mode 2
Event: 12.641 Thread 0x00000290511e02d0 Uncommon trap: trap_request=0xffffff45 fr.pc=0x0000029061f0fb00 relative=0x0000000000000160
Event: 12.641 Thread 0x00000290511e02d0 Uncommon trap: reason=unstable_if action=reinterpret pc=0x0000029061f0fb00 method=com.sun.tools.javac.util.IntHashTable.lookup(Ljava/lang/Object;)I @ 73 c2
Event: 12.641 Thread 0x00000290511e02d0 DEOPT PACKING pc=0x0000029061f0fb00 sp=0x0000009e4affca30
Event: 12.641 Thread 0x00000290511e02d0 DEOPT UNPACKING pc=0x000002905a2123a3 sp=0x0000009e4affc9a8 mode 2
Event: 12.663 Thread 0x00000290511e02d0 Uncommon trap: trap_request=0xffffff45 fr.pc=0x0000029061d18d30 relative=0x0000000000000110
Event: 12.663 Thread 0x00000290511e02d0 Uncommon trap: reason=unstable_if action=reinterpret pc=0x0000029061d18d30 method=com.sun.tools.javac.jvm.ClassReader$AttributeReader.accepts(Lcom/sun/tools/javac/jvm/ClassReader$AttributeKind;)Z @ 27 c2
Event: 12.663 Thread 0x00000290511e02d0 DEOPT PACKING pc=0x0000029061d18d30 sp=0x0000009e4affb0f0
Event: 12.663 Thread 0x00000290511e02d0 DEOPT UNPACKING pc=0x000002905a2123a3 sp=0x0000009e4affb078 mode 2
Event: 12.751 Thread 0x00000290511e02d0 Uncommon trap: trap_request=0xffffffde fr.pc=0x0000029061cd7030 relative=0x0000000000000d50
Event: 12.751 Thread 0x00000290511e02d0 Uncommon trap: reason=class_check action=maybe_recompile pc=0x0000029061cd7030 method=java.util.HashMap.removeNode(ILjava/lang/Object;Ljava/lang/Object;ZZ)Ljava/util/HashMap$Node; @ 143 c2
Event: 12.751 Thread 0x00000290511e02d0 DEOPT PACKING pc=0x0000029061cd7030 sp=0x0000009e4affb9c0
Event: 12.751 Thread 0x00000290511e02d0 DEOPT UNPACKING pc=0x000002905a2123a3 sp=0x0000009e4affb958 mode 2
Event: 12.777 Thread 0x00000290511e02d0 DEOPT PACKING pc=0x000002905b38422d sp=0x0000009e4affc0d0
Event: 12.777 Thread 0x00000290511e02d0 DEOPT UNPACKING pc=0x000002905a212b43 sp=0x0000009e4affb4f8 mode 0
Event: 13.198 Thread 0x00000290511e02d0 Uncommon trap: trap_request=0xffffff76 fr.pc=0x0000029061ccd5f4 relative=0x00000000000001d4
Event: 13.198 Thread 0x00000290511e02d0 Uncommon trap: reason=predicate action=maybe_recompile pc=0x0000029061ccd5f4 method=java.util.LinkedHashMap.valuesToArray([Ljava/lang/Object;)[Ljava/lang/Object; @ 12 c2
Event: 13.198 Thread 0x00000290511e02d0 DEOPT PACKING pc=0x0000029061ccd5f4 sp=0x0000009e4affd4e0
Event: 13.198 Thread 0x00000290511e02d0 DEOPT UNPACKING pc=0x000002905a2123a3 sp=0x0000009e4affd498 mode 2

Classes unloaded (0 events):
No events

Classes redefined (0 events):
No events

Internal exceptions (20 events):
Event: 12.675 Thread 0x00000290511e02d0 Exception <a 'sun/nio/fs/WindowsException'{0x0000000085a41770}> (0x0000000085a41770) 
thrown [t:\workspace\open\src\hotspot\share\prims\jni.cpp, line 516]
Event: 12.675 Thread 0x00000290511e02d0 Exception <a 'sun/nio/fs/WindowsException'{0x0000000085a41f78}> (0x0000000085a41f78) 
thrown [t:\workspace\open\src\hotspot\share\prims\jni.cpp, line 516]
Event: 12.702 Thread 0x00000290511e02d0 Exception <a 'sun/nio/fs/WindowsException'{0x00000000895052a0}> (0x00000000895052a0) 
thrown [t:\workspace\open\src\hotspot\share\prims\jni.cpp, line 516]
Event: 12.702 Thread 0x00000290511e02d0 Exception <a 'sun/nio/fs/WindowsException'{0x00000000895056f0}> (0x00000000895056f0) 
thrown [t:\workspace\open\src\hotspot\share\prims\jni.cpp, line 516]
Event: 12.703 Thread 0x00000290511e02d0 Exception <a 'sun/nio/fs/WindowsException'{0x00000000895071a8}> (0x00000000895071a8) 
thrown [t:\workspace\open\src\hotspot\share\prims\jni.cpp, line 516]
Event: 12.703 Thread 0x00000290511e02d0 Exception <a 'sun/nio/fs/WindowsException'{0x00000000895075e8}> (0x00000000895075e8) 
thrown [t:\workspace\open\src\hotspot\share\prims\jni.cpp, line 516]
Event: 12.704 Thread 0x00000290511e02d0 Exception <a 'sun/nio/fs/WindowsException'{0x0000000089534240}> (0x0000000089534240) 
thrown [t:\workspace\open\src\hotspot\share\prims\jni.cpp, line 516]
Event: 12.704 Thread 0x00000290511e02d0 Exception <a 'sun/nio/fs/WindowsException'{0x0000000089534630}> (0x0000000089534630) 
thrown [t:\workspace\open\src\hotspot\share\prims\jni.cpp, line 516]
Event: 12.705 Thread 0x00000290511e02d0 Exception <a 'sun/nio/fs/WindowsException'{0x000000008958f770}> (0x000000008958f770) 
thrown [t:\workspace\open\src\hotspot\share\prims\jni.cpp, line 516]
Event: 12.705 Thread 0x00000290511e02d0 Exception <a 'sun/nio/fs/WindowsException'{0x000000008958fba8}> (0x000000008958fba8) 
thrown [t:\workspace\open\src\hotspot\share\prims\jni.cpp, line 516]
Event: 12.705 Thread 0x00000290511e02d0 Exception <a 'sun/nio/fs/WindowsException'{0x0000000089591720}> (0x0000000089591720) 
thrown [t:\workspace\open\src\hotspot\share\prims\jni.cpp, line 516]
Event: 12.705 Thread 0x00000290511e02d0 Exception <a 'sun/nio/fs/WindowsException'{0x0000000089591c20}> (0x0000000089591c20) 
thrown [t:\workspace\open\src\hotspot\share\prims\jni.cpp, line 516]
Event: 12.753 Thread 0x00000290511e02d0 Exception <a 'sun/nio/fs/WindowsException'{0x00000000ffdf4e00}> (0x00000000ffdf4e00) 
thrown [t:\workspace\open\src\hotspot\share\prims\jni.cpp, line 516]
Event: 12.769 Thread 0x00000290511e02d0 Exception <a 'sun/nio/fs/WindowsException'{0x00000000895ec450}> (0x00000000895ec450) 
thrown [t:\workspace\open\src\hotspot\share\prims\jni.cpp, line 516]
Event: 12.780 Thread 0x00000290511e02d0 Exception <a 'sun/nio/fs/WindowsException'{0x00000000892229e0}> (0x00000000892229e0) 
thrown [t:\workspace\open\src\hotspot\share\prims\jni.cpp, line 516]
Event: 12.788 Thread 0x00000290511e02d0 Exception <a 'sun/nio/fs/WindowsException'{0x00000000892846a8}> (0x00000000892846a8) 
thrown [t:\workspace\open\src\hotspot\share\prims\jni.cpp, line 516]
Event: 12.795 Thread 0x00000290511e02d0 Exception <a 'sun/nio/fs/WindowsException'{0x00000000892e65f8}> (0x00000000892e65f8) 
thrown [t:\workspace\open\src\hotspot\share\prims\jni.cpp, line 516]
Event: 12.806 Thread 0x00000290511e02d0 Exception <a 'sun/nio/fs/WindowsException'{0x0000000086047348}> (0x0000000086047348) 
thrown [t:\workspace\open\src\hotspot\share\prims\jni.cpp, line 516]
Event: 12.816 Thread 0x00000290511e02d0 Exception <a 'sun/nio/fs/WindowsException'{0x0000000085f8c170}> (0x0000000085f8c170) 
thrown [t:\workspace\open\src\hotspot\share\prims\jni.cpp, line 516]
Event: 12.822 Thread 0x00000290511e02d0 Exception <a 'sun/nio/fs/WindowsException'{0x0000000085feeba0}> (0x0000000085feeba0) 
thrown [t:\workspace\open\src\hotspot\share\prims\jni.cpp, line 516]

VM Operations (20 events):
Event: 12.215 Executing VM operation: G1Concurrent done
Event: 12.235 Executing VM operation: G1Concurrent
Event: 12.235 Executing VM operation: G1Concurrent done
Event: 12.321 Executing VM operation: G1CollectForAllocation
Event: 12.330 Executing VM operation: G1CollectForAllocation done
Event: 12.335 Executing VM operation: G1CollectForAllocation
Event: 12.342 Executing VM operation: G1CollectForAllocation done
Event: 12.474 Executing VM operation: G1CollectForAllocation
Event: 12.483 Executing VM operation: G1CollectForAllocation done
Event: 12.520 Executing VM operation: G1Concurrent
Event: 12.528 Executing VM operation: G1Concurrent done
Event: 12.548 Executing VM operation: G1Concurrent
Event: 12.549 Executing VM operation: G1Concurrent done
Event: 12.660 Executing VM operation: ICBufferFull
Event: 12.661 Executing VM operation: ICBufferFull done
Event: 12.685 Executing VM operation: G1CollectForAllocation
Event: 12.694 Executing VM operation: G1CollectForAllocation done
Event: 12.722 Executing VM operation: G1CollectForAllocation
Event: 12.737 Executing VM operation: G1CollectForAllocation done
Event: 13.202 Executing VM operation: G1CollectForAllocation

Events (20 events):
Event: 11.170 Thread 0x00000290711fc0b0 flushing nmethod 0x000002905b28a990
Event: 11.170 Thread 0x00000290711fc0b0 flushing nmethod 0x000002905b28b210
Event: 11.170 Thread 0x00000290711fc0b0 flushing nmethod 0x000002905b292d10
Event: 11.170 Thread 0x00000290711fc0b0 flushing nmethod 0x000002905b295290
Event: 11.170 Thread 0x00000290711fc0b0 flushing nmethod 0x000002905b2c4d10
Event: 11.170 Thread 0x00000290711fc0b0 flushing nmethod 0x000002905b2cda10
Event: 11.171 Thread 0x00000290711fc0b0 flushing nmethod 0x000002905b2ee610
Event: 11.171 Thread 0x00000290711fc0b0 flushing nmethod 0x000002905b2fe410
Event: 11.171 Thread 0x00000290711fc0b0 flushing nmethod 0x000002905b33c290
Event: 11.171 Thread 0x00000290711fc0b0 flushing nmethod 0x000002905b351a90
Event: 11.171 Thread 0x00000290711fc0b0 flushing nmethod 0x000002905b36ed10
Event: 11.172 Thread 0x00000290711fc0b0 flushing nmethod 0x000002905b3bc490
Event: 11.531 loading class java/util/EnumMap$Values
Event: 11.531 loading class java/util/EnumMap$Values done
Event: 11.532 loading class java/util/EnumMap$ValueIterator
Event: 11.532 loading class java/util/EnumMap$ValueIterator done
Event: 11.533 loading class java/util/WeakHashMap$KeyIterator
Event: 11.533 loading class java/util/WeakHashMap$HashIterator
Event: 11.533 loading class java/util/WeakHashMap$HashIterator done
Event: 11.533 loading class java/util/WeakHashMap$KeyIterator done


Dynamic libraries:
0x00007ff7dc5f0000 - 0x00007ff7dc600000 	C:\Program Files\Java\jdk-17\bin\java.exe
0x00007ffcf9110000 - 0x00007ffcf9305000 	C:\WINDOWS\SYSTEM32\ntdll.dll
0x00007ffcf7600000 - 0x00007ffcf76bd000 	C:\WINDOWS\System32\KERNEL32.DLL
0x00007ffcf6b60000 - 0x00007ffcf6e2d000 	C:\WINDOWS\System32\KERNELBASE.dll
0x00007ffcf6a60000 - 0x00007ffcf6b60000 	C:\WINDOWS\System32\ucrtbase.dll
0x00007ffcf23d0000 - 0x00007ffcf23ea000 	C:\Program Files\Java\jdk-17\bin\VCRUNTIME140.dll
0x00007ffcef5f0000 - 0x00007ffcef608000 	C:\Program Files\Java\jdk-17\bin\jli.dll
0x00007ffcf7450000 - 0x00007ffcf74fe000 	C:\WINDOWS\System32\ADVAPI32.dll
0x00007ffcf8270000 - 0x00007ffcf830e000 	C:\WINDOWS\System32\msvcrt.dll
0x00007ffcf7500000 - 0x00007ffcf759c000 	C:\WINDOWS\System32\sechost.dll
0x00007ffcf7160000 - 0x00007ffcf7285000 	C:\WINDOWS\System32\RPCRT4.dll
0x00007ffcdb9a0000 - 0x00007ffcdbc3a000 	C:\WINDOWS\WinSxS\amd64_microsoft.windows.common-controls_6595b64144ccf1df_6.0.19041.1110_none_60b5254171f9507e\COMCTL32.dll
0x00007ffcf89f0000 - 0x00007ffcf8b90000 	C:\WINDOWS\System32\USER32.dll
0x00007ffcf6990000 - 0x00007ffcf69b2000 	C:\WINDOWS\System32\win32u.dll
0x00007ffcf7340000 - 0x00007ffcf736a000 	C:\WINDOWS\System32\GDI32.dll
0x00007ffcf7050000 - 0x00007ffcf715b000 	C:\WINDOWS\System32\gdi32full.dll
0x00007ffceef30000 - 0x00007ffceef3a000 	C:\WINDOWS\SYSTEM32\VERSION.dll
0x00007ffcf69c0000 - 0x00007ffcf6a5d000 	C:\WINDOWS\System32\msvcp_win.dll
0x00007ffcf8440000 - 0x00007ffcf8470000 	C:\WINDOWS\System32\IMM32.DLL
0x00007ffcef5e0000 - 0x00007ffcef5ec000 	C:\Program Files\Java\jdk-17\bin\vcruntime140_1.dll
0x00007ffcc8880000 - 0x00007ffcc890d000 	C:\Program Files\Java\jdk-17\bin\msvcp140.dll
0x00007ffc8e230000 - 0x00007ffc8edee000 	C:\Program Files\Java\jdk-17\bin\server\jvm.dll
0x00007ffcf7fe0000 - 0x00007ffcf7fe8000 	C:\WINDOWS\System32\PSAPI.DLL
0x00007ffcf0880000 - 0x00007ffcf08a7000 	C:\WINDOWS\SYSTEM32\WINMM.dll
0x00007ffcd8e80000 - 0x00007ffcd8e89000 	C:\WINDOWS\SYSTEM32\WSOCK32.dll
0x00007ffcf8050000 - 0x00007ffcf80bb000 	C:\WINDOWS\System32\WS2_32.dll
0x00007ffcf46e0000 - 0x00007ffcf46f2000 	C:\WINDOWS\SYSTEM32\kernel.appcore.dll
0x00007ffce0ec0000 - 0x00007ffce0eca000 	C:\Program Files\Java\jdk-17\bin\jimage.dll
0x00007ffced0b0000 - 0x00007ffced294000 	C:\WINDOWS\SYSTEM32\DBGHELP.DLL
0x00007ffcd5b30000 - 0x00007ffcd5b5c000 	C:\WINDOWS\SYSTEM32\dbgcore.DLL
0x00007ffcf6850000 - 0x00007ffcf68d2000 	C:\WINDOWS\System32\bcryptPrimitives.dll
0x00007ffcefa90000 - 0x00007ffcefa9e000 	C:\Program Files\Java\jdk-17\bin\instrument.dll
0x00007ffcdcda0000 - 0x00007ffcdcdc5000 	C:\Program Files\Java\jdk-17\bin\java.dll
0x00007ffcc46f0000 - 0x00007ffcc47c6000 	C:\Program Files\Java\jdk-17\bin\svml.dll
0x00007ffcf76f0000 - 0x00007ffcf7e34000 	C:\WINDOWS\System32\SHELL32.dll
0x00007ffcf48e0000 - 0x00007ffcf5074000 	C:\WINDOWS\SYSTEM32\windows.storage.dll
0x00007ffcf8520000 - 0x00007ffcf8874000 	C:\WINDOWS\System32\combase.dll
0x00007ffcf6280000 - 0x00007ffcf62ac000 	C:\WINDOWS\SYSTEM32\Wldp.dll
0x00007ffcf7290000 - 0x00007ffcf733d000 	C:\WINDOWS\System32\SHCORE.dll
0x00007ffcf8b90000 - 0x00007ffcf8be5000 	C:\WINDOWS\System32\shlwapi.dll
0x00007ffcf6760000 - 0x00007ffcf677f000 	C:\WINDOWS\SYSTEM32\profapi.dll
0x00007ffcdb950000 - 0x00007ffcdb968000 	C:\Program Files\Java\jdk-17\bin\zip.dll
0x00007ffce0ea0000 - 0x00007ffce0eb9000 	C:\Program Files\Java\jdk-17\bin\net.dll
0x00007ffcefb00000 - 0x00007ffcefc0a000 	C:\WINDOWS\SYSTEM32\WINHTTP.dll
0x00007ffcf5f90000 - 0x00007ffcf5ffa000 	C:\WINDOWS\system32\mswsock.dll
0x00007ffcdc990000 - 0x00007ffcdc9a5000 	C:\Program Files\Java\jdk-17\bin\nio.dll
0x00007ffcdb0c0000 - 0x00007ffcdb0da000 	C:\Program Files\JetBrains\IntelliJ IDEA Community Edition 2022.1\bin\breakgen64.dll
0x00007ffce0c50000 - 0x00007ffce0c60000 	C:\Program Files\Java\jdk-17\bin\verify.dll
0x00007ffcf6150000 - 0x00007ffcf6168000 	C:\WINDOWS\SYSTEM32\CRYPTSP.dll
0x00007ffcf58b0000 - 0x00007ffcf58e4000 	C:\WINDOWS\system32\rsaenh.dll
0x00007ffcf6820000 - 0x00007ffcf6847000 	C:\WINDOWS\System32\bcrypt.dll
0x00007ffcf6720000 - 0x00007ffcf674e000 	C:\WINDOWS\SYSTEM32\USERENV.dll
0x00007ffcf6140000 - 0x00007ffcf614c000 	C:\WINDOWS\SYSTEM32\CRYPTBASE.dll
0x00007ffcf5c40000 - 0x00007ffcf5c7b000 	C:\WINDOWS\SYSTEM32\IPHLPAPI.DLL
0x00007ffcf8910000 - 0x00007ffcf8918000 	C:\WINDOWS\System32\NSI.dll
0x00007ffcefdf0000 - 0x00007ffcefe07000 	C:\WINDOWS\SYSTEM32\dhcpcsvc6.DLL
0x00007ffcefd90000 - 0x00007ffcefdad000 	C:\WINDOWS\SYSTEM32\dhcpcsvc.DLL
0x00007ffcf5c80000 - 0x00007ffcf5d4b000 	C:\WINDOWS\SYSTEM32\DNSAPI.dll
0x00007ffcef760000 - 0x00007ffcef76a000 	C:\Users\Erika\AppData\Local\Temp\jansi-1.17.1-1128899194157864927.dll
0x00007ffcef750000 - 0x00007ffcef75a000 	C:\Users\Erika\AppData\Local\Temp\jansi-1.17.1-6214557241154698875.dll

dbghelp: loaded successfully - version: 4.0.5 - missing functions: none
symbol engine: initialized successfully - sym options: 0x614 - pdb path: .;C:\Program Files\Java\jdk-17\bin;C:\WINDOWS\SYSTEM32;C:\WINDOWS\WinSxS\amd64_microsoft.windows.common-controls_6595b64144ccf1df_6.0.19041.1110_none_60b5254171f9507e;C:\Program Files\Java\jdk-17\bin\server;C:\Program Files\JetBrains\IntelliJ IDEA Community Edition 2022.1\bin;C:\Users\Erika\AppData\Local\Temp

VM Arguments:
jvm_args: -Dmaven.multiModuleProjectDirectory=G:\erika\Facultate\an2\an2sem2\Fund de Ing Software (FIS)\BeautySalonApplication\BeautySalonApp -Dmaven.home=C:\Users\Erika\.m2\wrapper\dists\apache-maven-3.6.3-bin\1iopthnavndlasol9gbrbg6bf2\apache-maven-3.6.3 -Dclassworlds.conf=C:\Users\Erika\.m2\wrapper\dists\apache-maven-3.6.3-bin\1iopthnavndlasol9gbrbg6bf2\apache-maven-3.6.3\bin\m2.conf -Dmaven.ext.class.path=C:\Program Files\JetBrains\IntelliJ IDEA Community Edition 2022.1\plugins\maven\lib\maven-event-listener.jar -javaagent:C:\Program Files\JetBrains\IntelliJ IDEA Community Edition 2022.1\lib\idea_rt.jar=50226:C:\Program Files\JetBrains\IntelliJ IDEA Community Edition 2022.1\bin -Dfile.encoding=UTF-8 
java_command: org.codehaus.classworlds.Launcher -Didea.version=2022.1 clean install javafx:run
java_class_path (initial): C:\Users\Erika\.m2\wrapper\dists\apache-maven-3.6.3-bin\1iopthnavndlasol9gbrbg6bf2\apache-maven-3.6.3\boot\plexus-classworlds-2.6.0.jar;C:\Users\Erika\.m2\wrapper\dists\apache-maven-3.6.3-bin\1iopthnavndlasol9gbrbg6bf2\apache-maven-3.6.3\boot\plexus-classworlds.license
Launcher Type: SUN_STANDARD

[Global flags]
     intx CICompilerCount                          = 4                                         {product} {ergonomic}
     uint ConcGCThreads                            = 2                                         {product} {ergonomic}
     uint G1ConcRefinementThreads                  = 8                                         {product} {ergonomic}
   size_t G1HeapRegionSize                         = 1048576                                   {product} {ergonomic}
    uintx GCDrainStackTargetSize                   = 64                                        {product} {ergonomic}
   size_t InitialHeapSize                          = 134217728                                 {product} {ergonomic}
   size_t MarkStackSize                            = 4194304                                   {product} {ergonomic}
   size_t MaxHeapSize                              = 2120220672                                {product} {ergonomic}
   size_t MaxNewSize                               = 1271922688                                {product} {ergonomic}
   size_t MinHeapDeltaBytes                        = 1048576                                   {product} {ergonomic}
   size_t MinHeapSize                              = 8388608                                   {product} {ergonomic}
    uintx NonNMethodCodeHeapSize                   = 5839372                                {pd product} {ergonomic}
    uintx NonProfiledCodeHeapSize                  = 122909434                              {pd product} {ergonomic}
    uintx ProfiledCodeHeapSize                     = 122909434                              {pd product} {ergonomic}
    uintx ReservedCodeCacheSize                    = 251658240                              {pd product} {ergonomic}
     bool SegmentedCodeCache                       = true                                      {product} {ergonomic}
   size_t SoftMaxHeapSize                          = 2120220672                             {manageable} {ergonomic}
     bool UseCompressedClassPointers               = true                           {product lp64_product} {ergonomic}
     bool UseCompressedOops                        = true                           {product lp64_product} {ergonomic}
     bool UseG1GC                                  = true                                      {product} {ergonomic}
     bool UseLargePagesIndividualAllocation        = false                                  {pd product} {ergonomic}

Logging:
Log output configuration:
 #0: stdout all=warning uptime,level,tags
 #1: stderr all=off uptime,level,tags

Environment Variables:
JAVA_HOME=C:\Program Files\Java\jdk-17
PATH=C:\Program Files\Python310\Scripts\;C:\Program Files\Python310\;C:\Program Files\Common Files\Oracle\Java\javapath;C:\Program Files (x86)\Common Files\Oracle\Java\javapath;C:\Program Files (x86)\Common Files\Intel\Shared Libraries\redist\intel64_win\compiler;C:\ProgramData\Oracle\Java\javapath;C:\Windows\system32;C:\Windows;C:\Windows\System32\Wbem;C:\Windows\System32\WindowsPowerShell\v1.0\;C:\Windows\System32\OpenSSH\;C:\Program Files\NVIDIA Corporation\NVIDIA NvDLISR;C:\Program Files (x86)\NVIDIA Corporation\PhysX\Common;C:\WINDOWS\system32;C:\WINDOWS;C:\WINDOWS\System32\Wbem;C:\WINDOWS\System32\WindowsPowerShell\v1.0\;C:\WINDOWS\System32\OpenSSH\;C:\Program Files\MATLAB\R2021b\runtime\win64;C:\Program Files\MATLAB\R2021b\bin;C:\PROGRA~2\TableCurve2Dv5.01;C:\Program Files\Java\jdk-17\bin;C:\Program Files\Git\cmd;C:\Program Files (x86)\dBI\QDD\Drivers;C:\Gradle\gradle-7.4.2\bin;C:\Program Files (x86)\Objective Caml\bin;C:\apache-maven-3.8.5\bin;;C:\Program Files\Docker\Docker\resources\bin;C:\ProgramData\DockerDesktop\version-bin;C:\Users\Erika\AppData\Local\Microsoft\WindowsApps;;C:\Users\Erika\AppData\Local\Programs\Microsoft VS Code\bin;C:\Program Files\JetBrains\IntelliJ IDEA Community Edition 2022.1\bin;;C:\ghcup\bin
USERNAME=Erika
OS=Windows_NT
PROCESSOR_IDENTIFIER=Intel64 Family 6 Model 94 Stepping 3, GenuineIntel



---------------  S Y S T E M  ---------------

OS:
 Windows 10 , 64 bit Build 19041 (10.0.19041.1706)
OS uptime: 0 days 15:32 hours
Hyper-V role detected

CPU: total 8 (initial active 8) (4 cores per cpu, 2 threads per core) family 6 model 94 stepping 3 microcode 0xcc, cx8, cmov, fxsr, ht, mmx, 3dnowpref, sse, sse2, sse3, ssse3, sse4.1, sse4.2, popcnt, lzcnt, tsc, tscinvbit, avx, avx2, aes, erms, clmul, bmi1, bmi2, rtm, adx, fma, vzeroupper, clflush, clflushopt, hv

Memory: 4k page, system-wide physical 8087M (370M free)
TotalPageFile size 16279M (AvailPageFile size 5M)
current process WorkingSet (physical memory assigned to process): 228M, peak: 230M
current process commit charge ("private bytes"): 413M, peak: 414M

vm_info: Java HotSpot(TM) 64-Bit Server VM (17+35-LTS-2724) for windows-amd64 JRE (17+35-LTS-2724), built on Aug  5 2021 23:28:28 by "mach5one" with MS VC++ 16.8 (VS2019)

END.
