#
# There is insufficient memory for the Java Runtime Environment to continue.
# Native memory allocation (mmap) failed to map 134217728 bytes for G1 virtual space
# Possible reasons:
#   The system is out of physical RAM or swap space
#   The process is running with CompressedOops enabled, and the Java Heap may be blocking the growth of the native heap
# Possible solutions:
#   Reduce memory load on the system
#   Increase physical memory or swap space
#   Check if swap backing store is full
#   Decrease Java heap size (-Xmx/-Xms)
#   Decrease number of Java threads
#   Decrease Java thread stack sizes (-Xss)
#   Set larger code cache with -XX:ReservedCodeCacheSize=
#   JVM is running with Unscaled Compressed Oops mode in which the Java heap is
#     placed in the first 4GB address space. The Java Heap base address is the
#     maximum limit for the native heap growth. Please use -XX:HeapBaseMinAddress
#     to set the Java Heap base and to place the Java Heap above 4GB virtual address.
# This output file may be truncated or incomplete.
#
#  Out of Memory Error (os_windows.cpp:3469), pid=11528, tid=25560
#
# JRE version:  (17.0+35) (build )
# Java VM: Java HotSpot(TM) 64-Bit Server VM (17+35-LTS-2724, mixed mode, sharing, tiered, compressed oops, compressed class ptrs, g1 gc, windows-amd64)
# No core dump will be written. Minidumps are not enabled by default on client versions of Windows
#

---------------  S U M M A R Y ------------

Command Line: --module-path=C:\Users\Erika\.m2\repository\org\openjfx\javafx-base\18\javafx-base-18-win.jar;C:\Users\Erika\.m2\repository\org\openjfx\javafx-base\18\javafx-base-18.jar;C:\Users\Erika\.m2\repository\org\openjfx\javafx-controls\18\javafx-controls-18-win.jar;C:\Users\Erika\.m2\repository\org\openjfx\javafx-controls\18\javafx-controls-18.jar;C:\Users\Erika\.m2\repository\org\openjfx\javafx-fxml\18\javafx-fxml-18-win.jar;C:\Users\Erika\.m2\repository\org\openjfx\javafx-fxml\18\javafx-fxml-18.jar;C:\Users\Erika\.m2\repository\org\openjfx\javafx-graphics\18\javafx-graphics-18-win.jar;C:\Users\Erika\.m2\repository\org\openjfx\javafx-graphics\18\javafx-graphics-18.jar --add-modules=javafx.base,javafx.controls,javafx.fxml,javafx.graphics org.loose.fis.bsa.Main

Host: Intel(R) Core(TM) i7-6700HQ CPU @ 2.60GHz, 8 cores, 7G,  Windows 10 , 64 bit Build 19041 (10.0.19041.1706)
Time: Sun May 22 00:42:45 2022 GTB Daylight Time elapsed time: 0.091789 seconds (0d 0h 0m 0s)

---------------  T H R E A D  ---------------

Current thread (0x0000020d23202940):  JavaThread "Unknown thread" [_thread_in_vm, id=25560, stack(0x00000013f1400000,0x00000013f1500000)]

Stack: [0x00000013f1400000,0x00000013f1500000]
Native frames: (J=compiled Java code, j=interpreted, Vv=VM code, C=native code)
V  [jvm.dll+0x66f8ea]
V  [jvm.dll+0x7ce224]
V  [jvm.dll+0x7cf9ce]
V  [jvm.dll+0x7d0033]
V  [jvm.dll+0x242bb5]
V  [jvm.dll+0x66c909]
V  [jvm.dll+0x6613d2]
V  [jvm.dll+0x30082b]
V  [jvm.dll+0x307db6]
V  [jvm.dll+0x357a0e]
V  [jvm.dll+0x357c3f]
V  [jvm.dll+0x2d7ae8]
V  [jvm.dll+0x2d8a54]
V  [jvm.dll+0x7a00a1]
V  [jvm.dll+0x365781]
V  [jvm.dll+0x77f59c]
V  [jvm.dll+0x3e805f]
V  [jvm.dll+0x3e9b01]
C  [jli.dll+0x527b]
C  [ucrtbase.dll+0x21bb2]
C  [KERNEL32.DLL+0x17034]
C  [ntdll.dll+0x52651]


---------------  P R O C E S S  ---------------

Threads class SMR info:
_java_thread_list=0x00007ffc8ecc7818, length=0, elements={
}

Java Threads: ( => current thread )

Other Threads:
  0x0000020d23241a80 GCTaskThread "GC Thread#0" [stack: 0x00000013f1500000,0x00000013f1600000] [id=25248]
  0x0000020d23252680 ConcurrentGCThread "G1 Main Marker" [stack: 0x00000013f1600000,0x00000013f1700000] [id=15152]
  0x0000020d23253090 ConcurrentGCThread "G1 Conc#0" [stack: 0x00000013f1700000,0x00000013f1800000] [id=18816]

[error occurred during error reporting (printing all threads), id 0xc0000005, EXCEPTION_ACCESS_VIOLATION (0xc0000005) at pc=0x00007ffc8e5184c7]

VM state: not at safepoint (not fully initialized)

VM Mutex/Monitor currently owned by a thread:  ([mutex/lock_event])
[0x0000020d231fe100] Heap_lock - owner thread: 0x0000020d23202940

Heap address: 0x0000000081a00000, size: 2022 MB, Compressed Oops mode: 32-bit

CDS archive(s) mapped at: [0x0000000000000000-0x0000000000000000-0x0000000000000000), size 0, SharedBaseAddress: 0x0000000800000000, ArchiveRelocationMode: 0.
Narrow klass base: 0x0000000000000000, Narrow klass shift: 0, Narrow klass range: 0x0

GC Precious Log:
<Empty>

Heap:
 garbage-first heap   total 0K, used 0K [0x0000000081a00000, 0x0000000100000000)
  region size 1024K, 0 young (0K), 0 survivors (0K)

[error occurred during error reporting (printing heap information), id 0xc0000005, EXCEPTION_ACCESS_VIOLATION (0xc0000005) at pc=0x00007ffc8e8f8c59]

GC Heap History (0 events):
No events

Deoptimization events (0 events):
No events

Classes unloaded (0 events):
No events

Classes redefined (0 events):
No events

Internal exceptions (0 events):
No events

VM Operations (0 events):
No events

Events (1 events):
Event: 0.015 Loaded shared library C:\Program Files\Java\jdk-17\bin\java.dll


Dynamic libraries:
0x00007ff7dc5f0000 - 0x00007ff7dc600000 	C:\Program Files\Java\jdk-17\bin\java.exe
0x00007ffcf9110000 - 0x00007ffcf9305000 	C:\WINDOWS\SYSTEM32\ntdll.dll
0x00007ffcf7600000 - 0x00007ffcf76bd000 	C:\WINDOWS\System32\KERNEL32.DLL
0x00007ffcf6b60000 - 0x00007ffcf6e2d000 	C:\WINDOWS\System32\KERNELBASE.dll
0x00007ffcf6a60000 - 0x00007ffcf6b60000 	C:\WINDOWS\System32\ucrtbase.dll
0x00007ffcf23d0000 - 0x00007ffcf23ea000 	C:\Program Files\Java\jdk-17\bin\VCRUNTIME140.dll
0x00007ffcef5f0000 - 0x00007ffcef608000 	C:\Program Files\Java\jdk-17\bin\jli.dll
0x00007ffcf7450000 - 0x00007ffcf74fe000 	C:\WINDOWS\System32\ADVAPI32.dll
0x00007ffcf8270000 - 0x00007ffcf830e000 	C:\WINDOWS\System32\msvcrt.dll
0x00007ffcf7500000 - 0x00007ffcf759c000 	C:\WINDOWS\System32\sechost.dll
0x00007ffcf7160000 - 0x00007ffcf7285000 	C:\WINDOWS\System32\RPCRT4.dll
0x00007ffcf89f0000 - 0x00007ffcf8b90000 	C:\WINDOWS\System32\USER32.dll
0x00007ffcdb9a0000 - 0x00007ffcdbc3a000 	C:\WINDOWS\WinSxS\amd64_microsoft.windows.common-controls_6595b64144ccf1df_6.0.19041.1110_none_60b5254171f9507e\COMCTL32.dll
0x00007ffcf6990000 - 0x00007ffcf69b2000 	C:\WINDOWS\System32\win32u.dll
0x00007ffcf7340000 - 0x00007ffcf736a000 	C:\WINDOWS\System32\GDI32.dll
0x00007ffcf7050000 - 0x00007ffcf715b000 	C:\WINDOWS\System32\gdi32full.dll
0x00007ffceef30000 - 0x00007ffceef3a000 	C:\WINDOWS\SYSTEM32\VERSION.dll
0x00007ffcf69c0000 - 0x00007ffcf6a5d000 	C:\WINDOWS\System32\msvcp_win.dll
0x00007ffcf8440000 - 0x00007ffcf8470000 	C:\WINDOWS\System32\IMM32.DLL
0x00007ffcef5e0000 - 0x00007ffcef5ec000 	C:\Program Files\Java\jdk-17\bin\vcruntime140_1.dll
0x00007ffcc8880000 - 0x00007ffcc890d000 	C:\Program Files\Java\jdk-17\bin\msvcp140.dll
0x00007ffc8e230000 - 0x00007ffc8edee000 	C:\Program Files\Java\jdk-17\bin\server\jvm.dll
0x00007ffcf7fe0000 - 0x00007ffcf7fe8000 	C:\WINDOWS\System32\PSAPI.DLL
0x00007ffcf0880000 - 0x00007ffcf08a7000 	C:\WINDOWS\SYSTEM32\WINMM.dll
0x00007ffcd8e80000 - 0x00007ffcd8e89000 	C:\WINDOWS\SYSTEM32\WSOCK32.dll
0x00007ffcf8050000 - 0x00007ffcf80bb000 	C:\WINDOWS\System32\WS2_32.dll
0x00007ffcf46e0000 - 0x00007ffcf46f2000 	C:\WINDOWS\SYSTEM32\kernel.appcore.dll
0x00007ffce0ec0000 - 0x00007ffce0eca000 	C:\Program Files\Java\jdk-17\bin\jimage.dll
0x00007ffced0b0000 - 0x00007ffced294000 	C:\WINDOWS\SYSTEM32\DBGHELP.DLL
0x00007ffcd5b30000 - 0x00007ffcd5b5c000 	C:\WINDOWS\SYSTEM32\dbgcore.DLL
0x00007ffcf6850000 - 0x00007ffcf68d2000 	C:\WINDOWS\System32\bcryptPrimitives.dll
0x00007ffcdcda0000 - 0x00007ffcdcdc5000 	C:\Program Files\Java\jdk-17\bin\java.dll

dbghelp: loaded successfully - version: 4.0.5 - missing functions: none
symbol engine: initialized successfully - sym options: 0x614 - pdb path: .;C:\Program Files\Java\jdk-17\bin;C:\WINDOWS\SYSTEM32;C:\WINDOWS\WinSxS\amd64_microsoft.windows.common-controls_6595b64144ccf1df_6.0.19041.1110_none_60b5254171f9507e;C:\Program Files\Java\jdk-17\bin\server

VM Arguments:
jvm_args: --module-path=C:\Users\Erika\.m2\repository\org\openjfx\javafx-base\18\javafx-base-18-win.jar;C:\Users\Erika\.m2\repository\org\openjfx\javafx-base\18\javafx-base-18.jar;C:\Users\Erika\.m2\repository\org\openjfx\javafx-controls\18\javafx-controls-18-win.jar;C:\Users\Erika\.m2\repository\org\openjfx\javafx-controls\18\javafx-controls-18.jar;C:\Users\Erika\.m2\repository\org\openjfx\javafx-fxml\18\javafx-fxml-18-win.jar;C:\Users\Erika\.m2\repository\org\openjfx\javafx-fxml\18\javafx-fxml-18.jar;C:\Users\Erika\.m2\repository\org\openjfx\javafx-graphics\18\javafx-graphics-18-win.jar;C:\Users\Erika\.m2\repository\org\openjfx\javafx-graphics\18\javafx-graphics-18.jar --add-modules=javafx.base,javafx.controls,javafx.fxml,javafx.graphics 
java_command: org.loose.fis.bsa.Main
java_class_path (initial): G:\erika\Facultate\an2\an2sem2\Fund de Ing Software (FIS)\BeautySalonApplication\BeautySalonApp\target\classes;C:\Users\Erika\.m2\repository\com\fasterxml\jackson\core\jackson-annotations\2.10.1\jackson-annotations-2.10.1.jar;C:\Users\Erika\.m2\repository\com\fasterxml\jackson\core\jackson-core\2.10.1\jackson-core-2.10.1.jar;C:\Users\Erika\.m2\repository\com\fasterxml\jackson\core\jackson-databind\2.10.1\jackson-databind-2.10.1.jar;C:\Users\Erika\.m2\repository\com\h2database\h2-mvstore\1.4.200\h2-mvstore-1.4.200.jar;C:\Users\Erika\.m2\repository\com\squareup\okhttp3\okhttp\4.3.1\okhttp-4.3.1.jar;C:\Users\Erika\.m2\repository\com\squareup\okio\okio\2.4.1\okio-2.4.1.jar;C:\Users\Erika\.m2\repository\javax\annotation\javax.annotation-api\1.3.2\javax.annotation-api-1.3.2.jar;C:\Users\Erika\.m2\repository\javax\inject\javax.inject\1\javax.inject-1.jar;C:\Users\Erika\.m2\repository\javax\validation\validation-api\1.1.0.Final\validation-api-1.1.0.Final.jar;C:\Users\Erika\.m2\repository\net\jcip\jcip-annotations\1.0\jcip-annotations-1.0.jar;C:\Users\Erika\.m2\repository\org\apache\commons\commons-lang3\3.8.1\commons-lang3-3.8.1.jar;C:\Users\Erika\.m2\repository\org\dizitart\nitrite\3.4.3\nitrite-3.4.3.jar;C:\Users\Erika\.m2\repository\org\jasypt\jasypt\1.9.3\jasypt-1.9.3.jar;C:\Users\Erika\.m2\repository\org\jetbrains\annotations\13.0\annotations-13.0.jar;C:\Users\Erika\.m2\repository\org\jetbrains\kotlin\kotlin-stdlib\1.3.50\kotlin-stdlib-1.3.50.jar;C:\Users\Erika\.m2\repository\org\jetbrains\kotlin\kotlin-stdlib-common\1.3.50\kotlin-stdlib-common-1.3.50.jar;C:\Users\Erika\.m2\repository\org\objenesis\objenesis\2.6\objenesis-2.6.jar;C:\Users\Erika\.m2\repository\org\slf4j\slf4j-api\1.7.30\slf4j-api-1.7.30.jar;C:\Users\Erika\.m2\repository\org\slf4j\slf4j-simple\1.6.2\slf4j-simple-1.6.2.jar;C:\Users\Erika\.m2\repository\uk\co\jemos\podam\podam\7.2.3.RELEASE\podam-7.2.3.RELEASE.jar
Launcher Type: SUN_STANDARD

[Global flags]
     intx CICompilerCount                          = 4                                         {product} {ergonomic}
     uint ConcGCThreads                            = 2                                         {product} {ergonomic}
     uint G1ConcRefinementThreads                  = 8                                         {product} {ergonomic}
   size_t G1HeapRegionSize                         = 1048576                                   {product} {ergonomic}
    uintx GCDrainStackTargetSize                   = 64                                        {product} {ergonomic}
   size_t InitialHeapSize                          = 134217728                                 {product} {ergonomic}
   size_t MarkStackSize                            = 4194304                                   {product} {ergonomic}
   size_t MaxHeapSize                              = 2120220672                                {product} {ergonomic}
   size_t MinHeapDeltaBytes                        = 1048576                                   {product} {ergonomic}
   size_t MinHeapSize                              = 8388608                                   {product} {ergonomic}
    uintx NonNMethodCodeHeapSize                   = 5839372                                {pd product} {ergonomic}
    uintx NonProfiledCodeHeapSize                  = 122909434                              {pd product} {ergonomic}
    uintx ProfiledCodeHeapSize                     = 122909434                              {pd product} {ergonomic}
    uintx ReservedCodeCacheSize                    = 251658240                              {pd product} {ergonomic}
     bool SegmentedCodeCache                       = true                                      {product} {ergonomic}
   size_t SoftMaxHeapSize                          = 2120220672                             {manageable} {ergonomic}
     bool UseCompressedClassPointers               = true                           {product lp64_product} {ergonomic}
     bool UseCompressedOops                        = true                           {product lp64_product} {ergonomic}
     bool UseG1GC                                  = true                                      {product} {ergonomic}
     bool UseLargePagesIndividualAllocation        = false                                  {pd product} {ergonomic}

Logging:
Log output configuration:
 #0: stdout all=warning uptime,level,tags
 #1: stderr all=off uptime,level,tags

Environment Variables:
JAVA_HOME=C:\Program Files\Java\jdk-17
PATH=C:\Program Files\Python310\Scripts\;C:\Program Files\Python310\;C:\Program Files\Common Files\Oracle\Java\javapath;C:\Program Files (x86)\Common Files\Oracle\Java\javapath;C:\Program Files (x86)\Common Files\Intel\Shared Libraries\redist\intel64_win\compiler;C:\ProgramData\Oracle\Java\javapath;C:\Windows\system32;C:\Windows;C:\Windows\System32\Wbem;C:\Windows\System32\WindowsPowerShell\v1.0\;C:\Windows\System32\OpenSSH\;C:\Program Files\NVIDIA Corporation\NVIDIA NvDLISR;C:\Program Files (x86)\NVIDIA Corporation\PhysX\Common;C:\WINDOWS\system32;C:\WINDOWS;C:\WINDOWS\System32\Wbem;C:\WINDOWS\System32\WindowsPowerShell\v1.0\;C:\WINDOWS\System32\OpenSSH\;C:\Program Files\MATLAB\R2021b\runtime\win64;C:\Program Files\MATLAB\R2021b\bin;C:\PROGRA~2\TableCurve2Dv5.01;C:\Program Files\Java\jdk-17\bin;C:\Program Files\Git\cmd;C:\Program Files (x86)\dBI\QDD\Drivers;C:\Gradle\gradle-7.4.2\bin;C:\Program Files (x86)\Objective Caml\bin;C:\apache-maven-3.8.5\bin;;C:\Program Files\Docker\Docker\resources\bin;C:\ProgramData\DockerDesktop\version-bin;C:\Users\Erika\AppData\Local\Microsoft\WindowsApps;;C:\Users\Erika\AppData\Local\Programs\Microsoft VS Code\bin;C:\Program Files\JetBrains\IntelliJ IDEA Community Edition 2022.1\bin;;C:\ghcup\bin
USERNAME=Erika
OS=Windows_NT
PROCESSOR_IDENTIFIER=Intel64 Family 6 Model 94 Stepping 3, GenuineIntel



---------------  S Y S T E M  ---------------

OS:
 Windows 10 , 64 bit Build 19041 (10.0.19041.1706)
OS uptime: 0 days 15:32 hours
Hyper-V role detected

CPU: total 8 (initial active 8) (4 cores per cpu, 2 threads per core) family 6 model 94 stepping 3 microcode 0xcc, cx8, cmov, fxsr, ht, mmx, 3dnowpref, sse, sse2, sse3, ssse3, sse4.1, sse4.2, popcnt, lzcnt, tsc, tscinvbit, avx, avx2, aes, erms, clmul, bmi1, bmi2, rtm, adx, fma, vzeroupper, clflush, clflushopt, hv

Memory: 4k page, system-wide physical 8087M (1214M free)
TotalPageFile size 16279M (AvailPageFile size 95M)
current process WorkingSet (physical memory assigned to process): 10M, peak: 10M
current process commit charge ("private bytes"): 60M, peak: 188M

vm_info: Java HotSpot(TM) 64-Bit Server VM (17+35-LTS-2724) for windows-amd64 JRE (17+35-LTS-2724), built on Aug  5 2021 23:28:28 by "mach5one" with MS VC++ 16.8 (VS2019)

END.
