#
# There is insufficient memory for the Java Runtime Environment to continue.
# Native memory allocation (malloc) failed to allocate 483488 bytes for Chunk::new
# Possible reasons:
#   The system is out of physical RAM or swap space
#   The process is running with CompressedOops enabled, and the Java Heap may be blocking the growth of the native heap
# Possible solutions:
#   Reduce memory load on the system
#   Increase physical memory or swap space
#   Check if swap backing store is full
#   Decrease Java heap size (-Xmx/-Xms)
#   Decrease number of Java threads
#   Decrease Java thread stack sizes (-Xss)
#   Set larger code cache with -XX:ReservedCodeCacheSize=
#   JVM is running with Unscaled Compressed Oops mode in which the Java heap is
#     placed in the first 4GB address space. The Java Heap base address is the
#     maximum limit for the native heap growth. Please use -XX:HeapBaseMinAddress
#     to set the Java Heap base and to place the Java Heap above 4GB virtual address.
# This output file may be truncated or incomplete.
#
#  Out of Memory Error (arena.cpp:189), pid=20812, tid=20892
#
# JRE version: Java(TM) SE Runtime Environment (17.0+35) (build 17+35-LTS-2724)
# Java VM: Java HotSpot(TM) 64-Bit Server VM (17+35-LTS-2724, mixed mode, sharing, tiered, compressed oops, compressed class ptrs, g1 gc, windows-amd64)
# No core dump will be written. Minidumps are not enabled by default on client versions of Windows
#

---------------  S U M M A R Y ------------

Command Line: -Dmaven.multiModuleProjectDirectory=G:\erika\Facultate\an2\an2sem2\Fund de Ing Software (FIS)\BeautySalonApplication\BeautySalonApp -Dmaven.home=C:\Users\Erika\.m2\wrapper\dists\apache-maven-3.6.3-bin\1iopthnavndlasol9gbrbg6bf2\apache-maven-3.6.3 -Dclassworlds.conf=C:\Users\Erika\.m2\wrapper\dists\apache-maven-3.6.3-bin\1iopthnavndlasol9gbrbg6bf2\apache-maven-3.6.3\bin\m2.conf -Dmaven.ext.class.path=C:\Program Files\JetBrains\IntelliJ IDEA Community Edition 2022.1\plugins\maven\lib\maven-event-listener.jar -javaagent:C:\Program Files\JetBrains\IntelliJ IDEA Community Edition 2022.1\lib\idea_rt.jar=56518:C:\Program Files\JetBrains\IntelliJ IDEA Community Edition 2022.1\bin -Dfile.encoding=UTF-8 org.codehaus.classworlds.Launcher -Didea.version=2022.1 clean install javafx:run

Host: Intel(R) Core(TM) i7-6700HQ CPU @ 2.60GHz, 8 cores, 7G,  Windows 10 , 64 bit Build 19041 (10.0.19041.1706)
Time: Sun May 22 00:35:55 2022 GTB Daylight Time elapsed time: 13.430336 seconds (0d 0h 0m 13s)

---------------  T H R E A D  ---------------

Current thread (0x00000285a125df60):  JavaThread "C2 CompilerThread0" daemon [_thread_in_native, id=20892, stack(0x000000a708100000,0x000000a708200000)]


Current CompileTask:
C2:  13430 7650  s!   4       jdk.internal.loader.URLClassPath::getLoader (194 bytes)

Stack: [0x000000a708100000,0x000000a708200000]
Native frames: (J=compiled Java code, j=interpreted, Vv=VM code, C=native code)
V  [jvm.dll+0x66f8ea]
V  [jvm.dll+0x7ce224]
V  [jvm.dll+0x7cf9ce]
V  [jvm.dll+0x7d0033]
V  [jvm.dll+0x242bb5]
V  [jvm.dll+0xaa05b]
V  [jvm.dll+0xaa5ec]
V  [jvm.dll+0x35f9f7]
V  [jvm.dll+0x329f61]
V  [jvm.dll+0x32940a]
V  [jvm.dll+0x215ca1]
V  [jvm.dll+0x2150c1]
V  [jvm.dll+0x1a168d]
V  [jvm.dll+0x2248f8]
V  [jvm.dll+0x222a5c]
V  [jvm.dll+0x78422b]
V  [jvm.dll+0x77e7ea]
V  [jvm.dll+0x66e715]
C  [ucrtbase.dll+0x21bb2]
C  [KERNEL32.DLL+0x17034]
C  [ntdll.dll+0x52651]


---------------  P R O C E S S  ---------------

Threads class SMR info:
_java_thread_list=0x00000285a3230180, length=17, elements={
0x00000285831e77b0, 0x00000285a123bc00, 0x00000285a123ca70, 0x00000285a1250360,
0x00000285a1252d20, 0x00000285a12536d0, 0x00000285a1254080, 0x00000285a125df60,
0x00000285a125ea00, 0x00000285a128a800, 0x00000285a1c9b110, 0x00000285a1d09ea0,
0x00000285a1d0a370, 0x00000285a4f49480, 0x00000285a4f49950, 0x00000285a3aa6aa0,
0x00000285a682e820
}

Java Threads: ( => current thread )
  0x00000285831e77b0 JavaThread "main" [_thread_blocked, id=22588, stack(0x000000a707400000,0x000000a707500000)]
  0x00000285a123bc00 JavaThread "Reference Handler" daemon [_thread_blocked, id=23752, stack(0x000000a707b00000,0x000000a707c00000)]
  0x00000285a123ca70 JavaThread "Finalizer" daemon [_thread_blocked, id=18632, stack(0x000000a707c00000,0x000000a707d00000)]
  0x00000285a1250360 JavaThread "Signal Dispatcher" daemon [_thread_blocked, id=11048, stack(0x000000a707d00000,0x000000a707e00000)]
  0x00000285a1252d20 JavaThread "Attach Listener" daemon [_thread_blocked, id=20596, stack(0x000000a707e00000,0x000000a707f00000)]
  0x00000285a12536d0 JavaThread "Service Thread" daemon [_thread_blocked, id=22924, stack(0x000000a707f00000,0x000000a708000000)]
  0x00000285a1254080 JavaThread "Monitor Deflation Thread" daemon [_thread_blocked, id=22428, stack(0x000000a708000000,0x000000a708100000)]
=>0x00000285a125df60 JavaThread "C2 CompilerThread0" daemon [_thread_in_native, id=20892, stack(0x000000a708100000,0x000000a708200000)]
  0x00000285a125ea00 JavaThread "C1 CompilerThread0" daemon [_thread_blocked, id=20912, stack(0x000000a708200000,0x000000a708300000)]
  0x00000285a128a800 JavaThread "Sweeper thread" daemon [_thread_blocked, id=18248, stack(0x000000a708300000,0x000000a708400000)]
  0x00000285a1c9b110 JavaThread "Common-Cleaner" daemon [_thread_blocked, id=17608, stack(0x000000a708400000,0x000000a708500000)]
  0x00000285a1d09ea0 JavaThread "Monitor Ctrl-Break" daemon [_thread_in_native, id=11504, stack(0x000000a708500000,0x000000a708600000)]
  0x00000285a1d0a370 JavaThread "Notification Thread" daemon [_thread_blocked, id=7552, stack(0x000000a708600000,0x000000a708700000)]
  0x00000285a4f49480 JavaThread "resolver-1" daemon [_thread_blocked, id=24440, stack(0x000000a709200000,0x000000a709300000)]
  0x00000285a4f49950 JavaThread "resolver-2" daemon [_thread_blocked, id=17316, stack(0x000000a709300000,0x000000a709400000)]
  0x00000285a3aa6aa0 JavaThread "resolver-3" daemon [_thread_blocked, id=23608, stack(0x000000a709400000,0x000000a709500000)]
  0x00000285a682e820 JavaThread "resolver-4" daemon [_thread_blocked, id=6020, stack(0x000000a709500000,0x000000a709600000)]

Other Threads:
  0x00000285a1237000 VMThread "VM Thread" [stack: 0x000000a707a00000,0x000000a707b00000] [id=20072]
  0x00000285a12410f0 WatcherThread [stack: 0x000000a708700000,0x000000a708800000] [id=1676]
  0x0000028583220080 GCTaskThread "GC Thread#0" [stack: 0x000000a707500000,0x000000a707600000] [id=16336]
  0x00000285a258b890 GCTaskThread "GC Thread#1" [stack: 0x000000a708900000,0x000000a708a00000] [id=25124]
  0x00000285a25496c0 GCTaskThread "GC Thread#2" [stack: 0x000000a708a00000,0x000000a708b00000] [id=9608]
  0x00000285a259c980 GCTaskThread "GC Thread#3" [stack: 0x000000a708b00000,0x000000a708c00000] [id=8792]
  0x00000285a259d440 GCTaskThread "GC Thread#4" [stack: 0x000000a708c00000,0x000000a708d00000] [id=6860]
  0x00000285a27466a0 GCTaskThread "GC Thread#5" [stack: 0x000000a708d00000,0x000000a708e00000] [id=19676]
  0x00000285a2747160 GCTaskThread "GC Thread#6" [stack: 0x000000a708e00000,0x000000a708f00000] [id=9960]
  0x00000285a2747970 GCTaskThread "GC Thread#7" [stack: 0x000000a708f00000,0x000000a709000000] [id=3556]
  0x0000028583230c80 ConcurrentGCThread "G1 Main Marker" [stack: 0x000000a707600000,0x000000a707700000] [id=17492]
  0x0000028583231690 ConcurrentGCThread "G1 Conc#0" [stack: 0x000000a707700000,0x000000a707800000] [id=20112]
  0x00000285a2746950 ConcurrentGCThread "G1 Conc#1" [stack: 0x000000a709000000,0x000000a709100000] [id=15612]
  0x00000285a1100090 ConcurrentGCThread "G1 Refine#0" [stack: 0x000000a707800000,0x000000a707900000] [id=20580]
  0x00000285a4f97510 ConcurrentGCThread "G1 Refine#1" [stack: 0x000000a709100000,0x000000a709200000] [id=14288]
  0x00000285a1100ab0 ConcurrentGCThread "G1 Service" [stack: 0x000000a707900000,0x000000a707a00000] [id=5148]

Threads with active compile tasks:
C2 CompilerThread0    13518 7650  s!   4       jdk.internal.loader.URLClassPath::getLoader (194 bytes)

VM state: not at safepoint (normal execution)

VM Mutex/Monitor currently owned by a thread: None

Heap address: 0x0000000081a00000, size: 2022 MB, Compressed Oops mode: 32-bit

CDS archive(s) mapped at: [0x0000000800000000-0x0000000800bc0000-0x0000000800bc0000), size 12320768, SharedBaseAddress: 0x0000000800000000, ArchiveRelocationMode: 0.
Compressed class space mapped at: 0x0000000800c00000-0x0000000840c00000, reserved size: 1073741824
Narrow klass base: 0x0000000800000000, Narrow klass shift: 0, Narrow klass range: 0x100000000

GC Precious Log:
 CPUs: 8 total, 8 available
 Memory: 8087M
 Large Page Support: Disabled
 NUMA Support: Disabled
 Compressed Oops: Enabled (32-bit)
 Heap Region Size: 1M
 Heap Min Capacity: 8M
 Heap Initial Capacity: 128M
 Heap Max Capacity: 2022M
 Pre-touch: Disabled
 Parallel Workers: 8
 Concurrent Workers: 2
 Concurrent Refinement Workers: 8
 Periodic GC: Disabled

Heap:
 garbage-first heap   total 167936K, used 40230K [0x0000000081a00000, 0x0000000100000000)
  region size 1024K, 3 young (3072K), 2 survivors (2048K)
 Metaspace       used 28499K, committed 28864K, reserved 1081344K
  class space    used 3094K, committed 3264K, reserved 1048576K

Heap Regions: E=young(eden), S=young(survivor), O=old, HS=humongous(starts), HC=humongous(continues), CS=collection set, F=free, OA=open archive, CA=closed archive, TAMS=top-at-mark-start (previous, next)
|   0|0x0000000081a00000, 0x0000000081b00000, 0x0000000081b00000|100%| O|  |TAMS 0x0000000081b00000, 0x0000000081b00000| Untracked 
|   1|0x0000000081b00000, 0x0000000081c00000, 0x0000000081c00000|100%| O|  |TAMS 0x0000000081c00000, 0x0000000081c00000| Untracked 
|   2|0x0000000081c00000, 0x0000000081d00000, 0x0000000081d00000|100%| O|  |TAMS 0x0000000081d00000, 0x0000000081d00000| Untracked 
|   3|0x0000000081d00000, 0x0000000081e00000, 0x0000000081e00000|100%| O|  |TAMS 0x0000000081e00000, 0x0000000081e00000| Untracked 
|   4|0x0000000081e00000, 0x0000000081f00000, 0x0000000081f00000|100%| O|  |TAMS 0x0000000081f00000, 0x0000000081f00000| Untracked 
|   5|0x0000000081f00000, 0x0000000082000000, 0x0000000082000000|100%| O|  |TAMS 0x0000000082000000, 0x0000000082000000| Untracked 
|   6|0x0000000082000000, 0x0000000082100000, 0x0000000082100000|100%| O|  |TAMS 0x0000000082100000, 0x0000000082100000| Untracked 
|   7|0x0000000082100000, 0x0000000082200000, 0x0000000082200000|100%| O|  |TAMS 0x0000000082200000, 0x0000000082200000| Untracked 
|   8|0x0000000082200000, 0x0000000082300000, 0x0000000082300000|100%| O|  |TAMS 0x0000000082300000, 0x0000000082300000| Untracked 
|   9|0x0000000082300000, 0x00000000823e2600, 0x0000000082400000| 88%| O|  |TAMS 0x00000000823e2600, 0x00000000823e2600| Untracked 
|  10|0x0000000082400000, 0x0000000082500000, 0x0000000082500000|100%| O|  |TAMS 0x0000000082500000, 0x0000000082500000| Untracked 
|  11|0x0000000082500000, 0x0000000082600000, 0x0000000082600000|100%| O|  |TAMS 0x0000000082600000, 0x0000000082600000| Untracked 
|  12|0x0000000082600000, 0x0000000082700000, 0x0000000082700000|100%| O|  |TAMS 0x0000000082600000, 0x0000000082700000| Untracked 
|  13|0x0000000082700000, 0x0000000082800000, 0x0000000082800000|100%| O|  |TAMS 0x0000000082800000, 0x0000000082800000| Untracked 
|  14|0x0000000082800000, 0x0000000082900000, 0x0000000082900000|100%| O|  |TAMS 0x0000000082900000, 0x0000000082900000| Untracked 
|  15|0x0000000082900000, 0x0000000082900000, 0x0000000082a00000|  0%| F|  |TAMS 0x0000000082900000, 0x0000000082900000| Untracked 
|  16|0x0000000082a00000, 0x0000000082a00000, 0x0000000082b00000|  0%| F|  |TAMS 0x0000000082a00000, 0x0000000082a00000| Untracked 
|  17|0x0000000082b00000, 0x0000000082b00000, 0x0000000082c00000|  0%| F|  |TAMS 0x0000000082b00000, 0x0000000082b00000| Untracked 
|  18|0x0000000082c00000, 0x0000000082c00000, 0x0000000082d00000|  0%| F|  |TAMS 0x0000000082c00000, 0x0000000082c00000| Untracked 
|  19|0x0000000082d00000, 0x0000000082d00000, 0x0000000082e00000|  0%| F|  |TAMS 0x0000000082d00000, 0x0000000082d00000| Untracked 
|  20|0x0000000082e00000, 0x0000000082e00000, 0x0000000082f00000|  0%| F|  |TAMS 0x0000000082e00000, 0x0000000082e00000| Untracked 
|  21|0x0000000082f00000, 0x0000000083000000, 0x0000000083000000|100%| O|  |TAMS 0x0000000083000000, 0x0000000083000000| Untracked 
|  22|0x0000000083000000, 0x0000000083100000, 0x0000000083100000|100%| O|  |TAMS 0x0000000083100000, 0x0000000083100000| Untracked 
|  23|0x0000000083100000, 0x0000000083200000, 0x0000000083200000|100%| O|  |TAMS 0x0000000083200000, 0x0000000083200000| Untracked 
|  24|0x0000000083200000, 0x0000000083300000, 0x0000000083300000|100%| O|  |TAMS 0x0000000083300000, 0x0000000083300000| Untracked 
|  25|0x0000000083300000, 0x0000000083400000, 0x0000000083400000|100%| O|  |TAMS 0x0000000083400000, 0x0000000083400000| Untracked 
|  26|0x0000000083400000, 0x0000000083500000, 0x0000000083500000|100%| O|  |TAMS 0x0000000083500000, 0x0000000083500000| Untracked 
|  27|0x0000000083500000, 0x0000000083600000, 0x0000000083600000|100%| O|  |TAMS 0x0000000083600000, 0x0000000083600000| Untracked 
|  28|0x0000000083600000, 0x0000000083600000, 0x0000000083700000|  0%| F|  |TAMS 0x0000000083600000, 0x0000000083600000| Untracked 
|  29|0x0000000083700000, 0x0000000083700000, 0x0000000083800000|  0%| F|  |TAMS 0x0000000083700000, 0x0000000083700000| Untracked 
|  30|0x0000000083800000, 0x0000000083800000, 0x0000000083900000|  0%| F|  |TAMS 0x0000000083800000, 0x0000000083800000| Untracked 
|  31|0x0000000083900000, 0x0000000083a00000, 0x0000000083a00000|100%| O|  |TAMS 0x0000000083a00000, 0x0000000083a00000| Untracked 
|  32|0x0000000083a00000, 0x0000000083b00000, 0x0000000083b00000|100%| O|  |TAMS 0x0000000083b00000, 0x0000000083b00000| Untracked 
|  33|0x0000000083b00000, 0x0000000083c00000, 0x0000000083c00000|100%| O|  |TAMS 0x0000000083c00000, 0x0000000083c00000| Untracked 
|  34|0x0000000083c00000, 0x0000000083d00000, 0x0000000083d00000|100%|HS|  |TAMS 0x0000000083d00000, 0x0000000083d00000| Complete 
|  35|0x0000000083d00000, 0x0000000083e00000, 0x0000000083e00000|100%|HC|  |TAMS 0x0000000083e00000, 0x0000000083e00000| Complete 
|  36|0x0000000083e00000, 0x0000000083f00000, 0x0000000083f00000|100%| O|  |TAMS 0x0000000083f00000, 0x0000000083f00000| Untracked 
|  37|0x0000000083f00000, 0x0000000084000000, 0x0000000084000000|100%| O|  |TAMS 0x0000000084000000, 0x0000000084000000| Untracked 
|  38|0x0000000084000000, 0x0000000084100000, 0x0000000084100000|100%| O|  |TAMS 0x0000000084100000, 0x0000000084100000| Untracked 
|  39|0x0000000084100000, 0x0000000084200000, 0x0000000084200000|100%| O|  |TAMS 0x00000000841c4e00, 0x0000000084200000| Untracked 
|  40|0x0000000084200000, 0x0000000084300000, 0x0000000084300000|100%| O|  |TAMS 0x0000000084200000, 0x0000000084300000| Untracked 
|  41|0x0000000084300000, 0x0000000084400000, 0x0000000084400000|100%| O|  |TAMS 0x0000000084300000, 0x0000000084400000| Untracked 
|  42|0x0000000084400000, 0x0000000084500000, 0x0000000084500000|100%| O|  |TAMS 0x0000000084400000, 0x0000000084500000| Untracked 
|  43|0x0000000084500000, 0x0000000084600000, 0x0000000084600000|100%| O|  |TAMS 0x0000000084500000, 0x0000000084600000| Untracked 
|  44|0x0000000084600000, 0x0000000084700000, 0x0000000084700000|100%| O|  |TAMS 0x0000000084600000, 0x0000000084700000| Untracked 
|  45|0x0000000084700000, 0x0000000084800000, 0x0000000084800000|100%| O|  |TAMS 0x0000000084700000, 0x0000000084800000| Untracked 
|  46|0x0000000084800000, 0x00000000848f9000, 0x0000000084900000| 97%| O|  |TAMS 0x0000000084800000, 0x00000000848f9000| Untracked 
|  47|0x0000000084900000, 0x0000000084900000, 0x0000000084a00000|  0%| F|  |TAMS 0x0000000084900000, 0x0000000084900000| Untracked 
|  48|0x0000000084a00000, 0x0000000084a00000, 0x0000000084b00000|  0%| F|  |TAMS 0x0000000084a00000, 0x0000000084a00000| Untracked 
|  49|0x0000000084b00000, 0x0000000084b00000, 0x0000000084c00000|  0%| F|  |TAMS 0x0000000084b00000, 0x0000000084b00000| Untracked 
|  50|0x0000000084c00000, 0x0000000084c00000, 0x0000000084d00000|  0%| F|  |TAMS 0x0000000084c00000, 0x0000000084c00000| Untracked 
|  51|0x0000000084d00000, 0x0000000084d00000, 0x0000000084e00000|  0%| F|  |TAMS 0x0000000084d00000, 0x0000000084d00000| Untracked 
|  52|0x0000000084e00000, 0x0000000084e00000, 0x0000000084f00000|  0%| F|  |TAMS 0x0000000084e00000, 0x0000000084e00000| Untracked 
|  53|0x0000000084f00000, 0x0000000084f00000, 0x0000000085000000|  0%| F|  |TAMS 0x0000000084f00000, 0x0000000084f00000| Untracked 
|  54|0x0000000085000000, 0x0000000085000000, 0x0000000085100000|  0%| F|  |TAMS 0x0000000085000000, 0x0000000085000000| Untracked 
|  55|0x0000000085100000, 0x000000008516e5a0, 0x0000000085200000| 43%| S|CS|TAMS 0x0000000085100000, 0x0000000085100000| Complete 
|  56|0x0000000085200000, 0x0000000085300000, 0x0000000085300000|100%| S|CS|TAMS 0x0000000085200000, 0x0000000085200000| Complete 
|  57|0x0000000085300000, 0x0000000085300000, 0x0000000085400000|  0%| F|  |TAMS 0x0000000085300000, 0x0000000085300000| Untracked 
|  58|0x0000000085400000, 0x0000000085400000, 0x0000000085500000|  0%| F|  |TAMS 0x0000000085400000, 0x0000000085400000| Untracked 
|  59|0x0000000085500000, 0x0000000085500000, 0x0000000085600000|  0%| F|  |TAMS 0x0000000085500000, 0x0000000085500000| Untracked 
|  60|0x0000000085600000, 0x0000000085600000, 0x0000000085700000|  0%| F|  |TAMS 0x0000000085600000, 0x0000000085600000| Untracked 
|  61|0x0000000085700000, 0x0000000085700000, 0x0000000085800000|  0%| F|  |TAMS 0x0000000085700000, 0x0000000085700000| Untracked 
|  62|0x0000000085800000, 0x0000000085800000, 0x0000000085900000|  0%| F|  |TAMS 0x0000000085800000, 0x0000000085800000| Untracked 
|  63|0x0000000085900000, 0x0000000085900000, 0x0000000085a00000|  0%| F|  |TAMS 0x0000000085900000, 0x0000000085900000| Untracked 
|  64|0x0000000085a00000, 0x0000000085a00000, 0x0000000085b00000|  0%| F|  |TAMS 0x0000000085a00000, 0x0000000085a00000| Untracked 
|  65|0x0000000085b00000, 0x0000000085b00000, 0x0000000085c00000|  0%| F|  |TAMS 0x0000000085b00000, 0x0000000085b00000| Untracked 
|  66|0x0000000085c00000, 0x0000000085c00000, 0x0000000085d00000|  0%| F|  |TAMS 0x0000000085c00000, 0x0000000085c00000| Untracked 
|  67|0x0000000085d00000, 0x0000000085d00000, 0x0000000085e00000|  0%| F|  |TAMS 0x0000000085d00000, 0x0000000085d00000| Untracked 
|  68|0x0000000085e00000, 0x0000000085e00000, 0x0000000085f00000|  0%| F|  |TAMS 0x0000000085e00000, 0x0000000085e00000| Untracked 
|  69|0x0000000085f00000, 0x0000000085f00000, 0x0000000086000000|  0%| F|  |TAMS 0x0000000085f00000, 0x0000000085f00000| Untracked 
|  70|0x0000000086000000, 0x0000000086000000, 0x0000000086100000|  0%| F|  |TAMS 0x0000000086000000, 0x0000000086000000| Untracked 
|  71|0x0000000086100000, 0x0000000086100000, 0x0000000086200000|  0%| F|  |TAMS 0x0000000086100000, 0x0000000086100000| Untracked 
|  72|0x0000000086200000, 0x0000000086200000, 0x0000000086300000|  0%| F|  |TAMS 0x0000000086200000, 0x0000000086200000| Untracked 
|  73|0x0000000086300000, 0x0000000086300000, 0x0000000086400000|  0%| F|  |TAMS 0x0000000086300000, 0x0000000086300000| Untracked 
|  74|0x0000000086400000, 0x0000000086400000, 0x0000000086500000|  0%| F|  |TAMS 0x0000000086400000, 0x0000000086400000| Untracked 
|  75|0x0000000086500000, 0x0000000086500000, 0x0000000086600000|  0%| F|  |TAMS 0x0000000086500000, 0x0000000086500000| Untracked 
|  76|0x0000000086600000, 0x0000000086600000, 0x0000000086700000|  0%| F|  |TAMS 0x0000000086600000, 0x0000000086600000| Untracked 
|  77|0x0000000086700000, 0x0000000086700000, 0x0000000086800000|  0%| F|  |TAMS 0x0000000086700000, 0x0000000086700000| Untracked 
|  78|0x0000000086800000, 0x0000000086800000, 0x0000000086900000|  0%| F|  |TAMS 0x0000000086800000, 0x0000000086800000| Untracked 
|  79|0x0000000086900000, 0x0000000086900000, 0x0000000086a00000|  0%| F|  |TAMS 0x0000000086900000, 0x0000000086900000| Untracked 
|  80|0x0000000086a00000, 0x0000000086a00000, 0x0000000086b00000|  0%| F|  |TAMS 0x0000000086a00000, 0x0000000086a00000| Untracked 
|  81|0x0000000086b00000, 0x0000000086b00000, 0x0000000086c00000|  0%| F|  |TAMS 0x0000000086b00000, 0x0000000086b00000| Untracked 
|  82|0x0000000086c00000, 0x0000000086c00000, 0x0000000086d00000|  0%| F|  |TAMS 0x0000000086c00000, 0x0000000086c00000| Untracked 
|  83|0x0000000086d00000, 0x0000000086d00000, 0x0000000086e00000|  0%| F|  |TAMS 0x0000000086d00000, 0x0000000086d00000| Untracked 
|  84|0x0000000086e00000, 0x0000000086e00000, 0x0000000086f00000|  0%| F|  |TAMS 0x0000000086e00000, 0x0000000086e00000| Untracked 
|  85|0x0000000086f00000, 0x0000000086f00000, 0x0000000087000000|  0%| F|  |TAMS 0x0000000086f00000, 0x0000000086f00000| Untracked 
|  86|0x0000000087000000, 0x0000000087000000, 0x0000000087100000|  0%| F|  |TAMS 0x0000000087000000, 0x0000000087000000| Untracked 
|  87|0x0000000087100000, 0x0000000087100000, 0x0000000087200000|  0%| F|  |TAMS 0x0000000087100000, 0x0000000087100000| Untracked 
|  88|0x0000000087200000, 0x0000000087200000, 0x0000000087300000|  0%| F|  |TAMS 0x0000000087200000, 0x0000000087200000| Untracked 
|  89|0x0000000087300000, 0x0000000087300000, 0x0000000087400000|  0%| F|  |TAMS 0x0000000087300000, 0x0000000087300000| Untracked 
|  90|0x0000000087400000, 0x0000000087400000, 0x0000000087500000|  0%| F|  |TAMS 0x0000000087400000, 0x0000000087400000| Untracked 
|  91|0x0000000087500000, 0x0000000087500000, 0x0000000087600000|  0%| F|  |TAMS 0x0000000087500000, 0x0000000087500000| Untracked 
|  92|0x0000000087600000, 0x0000000087600000, 0x0000000087700000|  0%| F|  |TAMS 0x0000000087600000, 0x0000000087600000| Untracked 
|  93|0x0000000087700000, 0x0000000087700000, 0x0000000087800000|  0%| F|  |TAMS 0x0000000087700000, 0x0000000087700000| Untracked 
|  94|0x0000000087800000, 0x0000000087800000, 0x0000000087900000|  0%| F|  |TAMS 0x0000000087800000, 0x0000000087800000| Untracked 
|  95|0x0000000087900000, 0x0000000087900000, 0x0000000087a00000|  0%| F|  |TAMS 0x0000000087900000, 0x0000000087900000| Untracked 
|  96|0x0000000087a00000, 0x0000000087a00000, 0x0000000087b00000|  0%| F|  |TAMS 0x0000000087a00000, 0x0000000087a00000| Untracked 
|  97|0x0000000087b00000, 0x0000000087b00000, 0x0000000087c00000|  0%| F|  |TAMS 0x0000000087b00000, 0x0000000087b00000| Untracked 
|  98|0x0000000087c00000, 0x0000000087c00000, 0x0000000087d00000|  0%| F|  |TAMS 0x0000000087c00000, 0x0000000087c00000| Untracked 
|  99|0x0000000087d00000, 0x0000000087d00000, 0x0000000087e00000|  0%| F|  |TAMS 0x0000000087d00000, 0x0000000087d00000| Untracked 
| 100|0x0000000087e00000, 0x0000000087e00000, 0x0000000087f00000|  0%| F|  |TAMS 0x0000000087e00000, 0x0000000087e00000| Untracked 
| 101|0x0000000087f00000, 0x0000000087f00000, 0x0000000088000000|  0%| F|  |TAMS 0x0000000087f00000, 0x0000000087f00000| Untracked 
| 102|0x0000000088000000, 0x0000000088000000, 0x0000000088100000|  0%| F|  |TAMS 0x0000000088000000, 0x0000000088000000| Untracked 
| 103|0x0000000088100000, 0x0000000088100000, 0x0000000088200000|  0%| F|  |TAMS 0x0000000088100000, 0x0000000088100000| Untracked 
| 104|0x0000000088200000, 0x0000000088200000, 0x0000000088300000|  0%| F|  |TAMS 0x0000000088200000, 0x0000000088200000| Untracked 
| 105|0x0000000088300000, 0x0000000088300000, 0x0000000088400000|  0%| F|  |TAMS 0x0000000088300000, 0x0000000088300000| Untracked 
| 106|0x0000000088400000, 0x0000000088400000, 0x0000000088500000|  0%| F|  |TAMS 0x0000000088400000, 0x0000000088400000| Untracked 
| 107|0x0000000088500000, 0x0000000088500000, 0x0000000088600000|  0%| F|  |TAMS 0x0000000088500000, 0x0000000088500000| Untracked 
| 108|0x0000000088600000, 0x0000000088600000, 0x0000000088700000|  0%| F|  |TAMS 0x0000000088600000, 0x0000000088600000| Untracked 
| 109|0x0000000088700000, 0x0000000088700000, 0x0000000088800000|  0%| F|  |TAMS 0x0000000088700000, 0x0000000088700000| Untracked 
| 110|0x0000000088800000, 0x0000000088800000, 0x0000000088900000|  0%| F|  |TAMS 0x0000000088800000, 0x0000000088800000| Untracked 
| 111|0x0000000088900000, 0x0000000088900000, 0x0000000088a00000|  0%| F|  |TAMS 0x0000000088900000, 0x0000000088900000| Untracked 
| 112|0x0000000088a00000, 0x0000000088a00000, 0x0000000088b00000|  0%| F|  |TAMS 0x0000000088a00000, 0x0000000088a00000| Untracked 
| 113|0x0000000088b00000, 0x0000000088b00000, 0x0000000088c00000|  0%| F|  |TAMS 0x0000000088b00000, 0x0000000088b00000| Untracked 
| 114|0x0000000088c00000, 0x0000000088c00000, 0x0000000088d00000|  0%| F|  |TAMS 0x0000000088c00000, 0x0000000088c00000| Untracked 
| 115|0x0000000088d00000, 0x0000000088d00000, 0x0000000088e00000|  0%| F|  |TAMS 0x0000000088d00000, 0x0000000088d00000| Untracked 
| 116|0x0000000088e00000, 0x0000000088e00000, 0x0000000088f00000|  0%| F|  |TAMS 0x0000000088e00000, 0x0000000088e00000| Untracked 
| 117|0x0000000088f00000, 0x0000000088f00000, 0x0000000089000000|  0%| F|  |TAMS 0x0000000088f00000, 0x0000000088f00000| Untracked 
| 118|0x0000000089000000, 0x0000000089000000, 0x0000000089100000|  0%| F|  |TAMS 0x0000000089000000, 0x0000000089000000| Untracked 
| 119|0x0000000089100000, 0x0000000089100000, 0x0000000089200000|  0%| F|  |TAMS 0x0000000089100000, 0x0000000089100000| Untracked 
| 120|0x0000000089200000, 0x0000000089200000, 0x0000000089300000|  0%| F|  |TAMS 0x0000000089200000, 0x0000000089200000| Untracked 
| 121|0x0000000089300000, 0x0000000089300000, 0x0000000089400000|  0%| F|  |TAMS 0x0000000089300000, 0x0000000089300000| Untracked 
| 122|0x0000000089400000, 0x0000000089400000, 0x0000000089500000|  0%| F|  |TAMS 0x0000000089400000, 0x0000000089400000| Untracked 
| 123|0x0000000089500000, 0x0000000089500000, 0x0000000089600000|  0%| F|  |TAMS 0x0000000089500000, 0x0000000089500000| Untracked 
| 124|0x0000000089600000, 0x0000000089600000, 0x0000000089700000|  0%| F|  |TAMS 0x0000000089600000, 0x0000000089600000| Untracked 
| 125|0x0000000089700000, 0x0000000089700000, 0x0000000089800000|  0%| F|  |TAMS 0x0000000089700000, 0x0000000089700000| Untracked 
| 126|0x0000000089800000, 0x0000000089800000, 0x0000000089900000|  0%| F|  |TAMS 0x0000000089800000, 0x0000000089800000| Untracked 
| 127|0x0000000089900000, 0x0000000089900000, 0x0000000089a00000|  0%| F|  |TAMS 0x0000000089900000, 0x0000000089900000| Untracked 
| 128|0x0000000089a00000, 0x0000000089a00000, 0x0000000089b00000|  0%| F|  |TAMS 0x0000000089a00000, 0x0000000089a00000| Untracked 
| 129|0x0000000089b00000, 0x0000000089b00000, 0x0000000089c00000|  0%| F|  |TAMS 0x0000000089b00000, 0x0000000089b00000| Untracked 
| 130|0x0000000089c00000, 0x0000000089c00000, 0x0000000089d00000|  0%| F|  |TAMS 0x0000000089c00000, 0x0000000089c00000| Untracked 
| 131|0x0000000089d00000, 0x0000000089d00000, 0x0000000089e00000|  0%| F|  |TAMS 0x0000000089d00000, 0x0000000089d00000| Untracked 
| 132|0x0000000089e00000, 0x0000000089e00000, 0x0000000089f00000|  0%| F|  |TAMS 0x0000000089e00000, 0x0000000089e00000| Untracked 
| 133|0x0000000089f00000, 0x0000000089f00000, 0x000000008a000000|  0%| F|  |TAMS 0x0000000089f00000, 0x0000000089f00000| Untracked 
| 134|0x000000008a000000, 0x000000008a000000, 0x000000008a100000|  0%| F|  |TAMS 0x000000008a000000, 0x000000008a000000| Untracked 
| 135|0x000000008a100000, 0x000000008a100000, 0x000000008a200000|  0%| F|  |TAMS 0x000000008a100000, 0x000000008a100000| Untracked 
| 136|0x000000008a200000, 0x000000008a200000, 0x000000008a300000|  0%| F|  |TAMS 0x000000008a200000, 0x000000008a200000| Untracked 
| 137|0x000000008a300000, 0x000000008a300000, 0x000000008a400000|  0%| F|  |TAMS 0x000000008a300000, 0x000000008a300000| Untracked 
| 138|0x000000008a400000, 0x000000008a400000, 0x000000008a500000|  0%| F|  |TAMS 0x000000008a400000, 0x000000008a400000| Untracked 
| 139|0x000000008a500000, 0x000000008a500000, 0x000000008a600000|  0%| F|  |TAMS 0x000000008a500000, 0x000000008a500000| Untracked 
| 140|0x000000008a600000, 0x000000008a600000, 0x000000008a700000|  0%| F|  |TAMS 0x000000008a600000, 0x000000008a600000| Untracked 
| 141|0x000000008a700000, 0x000000008a700000, 0x000000008a800000|  0%| F|  |TAMS 0x000000008a700000, 0x000000008a700000| Untracked 
| 142|0x000000008a800000, 0x000000008a800000, 0x000000008a900000|  0%| F|  |TAMS 0x000000008a800000, 0x000000008a800000| Untracked 
| 143|0x000000008a900000, 0x000000008a900000, 0x000000008aa00000|  0%| F|  |TAMS 0x000000008a900000, 0x000000008a900000| Untracked 
| 144|0x000000008aa00000, 0x000000008aa00000, 0x000000008ab00000|  0%| F|  |TAMS 0x000000008aa00000, 0x000000008aa00000| Untracked 
| 145|0x000000008ab00000, 0x000000008ab00000, 0x000000008ac00000|  0%| F|  |TAMS 0x000000008ab00000, 0x000000008ab00000| Untracked 
| 146|0x000000008ac00000, 0x000000008ac00000, 0x000000008ad00000|  0%| F|  |TAMS 0x000000008ac00000, 0x000000008ac00000| Untracked 
| 147|0x000000008ad00000, 0x000000008ad00000, 0x000000008ae00000|  0%| F|  |TAMS 0x000000008ad00000, 0x000000008ad00000| Untracked 
| 148|0x000000008ae00000, 0x000000008ae00000, 0x000000008af00000|  0%| F|  |TAMS 0x000000008ae00000, 0x000000008ae00000| Untracked 
| 149|0x000000008af00000, 0x000000008af00000, 0x000000008b000000|  0%| F|  |TAMS 0x000000008af00000, 0x000000008af00000| Untracked 
| 150|0x000000008b000000, 0x000000008b000000, 0x000000008b100000|  0%| F|  |TAMS 0x000000008b000000, 0x000000008b000000| Untracked 
| 151|0x000000008b100000, 0x000000008b100000, 0x000000008b200000|  0%| F|  |TAMS 0x000000008b100000, 0x000000008b100000| Untracked 
| 152|0x000000008b200000, 0x000000008b200000, 0x000000008b300000|  0%| F|  |TAMS 0x000000008b200000, 0x000000008b200000| Untracked 
| 153|0x000000008b300000, 0x000000008b300000, 0x000000008b400000|  0%| F|  |TAMS 0x000000008b300000, 0x000000008b300000| Untracked 
| 154|0x000000008b400000, 0x000000008b400000, 0x000000008b500000|  0%| F|  |TAMS 0x000000008b400000, 0x000000008b400000| Untracked 
| 155|0x000000008b500000, 0x000000008b500000, 0x000000008b600000|  0%| F|  |TAMS 0x000000008b500000, 0x000000008b500000| Untracked 
| 156|0x000000008b600000, 0x000000008b600000, 0x000000008b700000|  0%| F|  |TAMS 0x000000008b600000, 0x000000008b600000| Untracked 
| 157|0x000000008b700000, 0x000000008b700000, 0x000000008b800000|  0%| F|  |TAMS 0x000000008b700000, 0x000000008b700000| Untracked 
| 158|0x000000008b800000, 0x000000008b800000, 0x000000008b900000|  0%| F|  |TAMS 0x000000008b800000, 0x000000008b800000| Untracked 
| 159|0x000000008b900000, 0x000000008b900000, 0x000000008ba00000|  0%| F|  |TAMS 0x000000008b900000, 0x000000008b900000| Untracked 
| 160|0x000000008ba00000, 0x000000008ba00000, 0x000000008bb00000|  0%| F|  |TAMS 0x000000008ba00000, 0x000000008ba00000| Untracked 
| 161|0x000000008bb00000, 0x000000008bb00000, 0x000000008bc00000|  0%| F|  |TAMS 0x000000008bb00000, 0x000000008bb00000| Untracked 
| 162|0x000000008bc00000, 0x000000008bc00000, 0x000000008bd00000|  0%| F|  |TAMS 0x000000008bc00000, 0x000000008bc00000| Untracked 
| 163|0x000000008bd00000, 0x000000008bd86980, 0x000000008be00000| 52%| E|  |TAMS 0x000000008bd00000, 0x000000008bd00000| Complete 

Card table byte_map: [0x000002859a130000,0x000002859a530000] _byte_map_base: 0x0000028599d23000

Marking Bits (Prev, Next): (CMBitMap*) 0x0000028583220690, (CMBitMap*) 0x00000285832206d0
 Prev Bits: [0x000002859a930000, 0x000002859c8c8000)
 Next Bits: [0x000002859c8d0000, 0x000002859e868000)

Polling page: 0x00000285811f0000

Metaspace:

Usage:
  Non-class:     24.82 MB used.
      Class:      3.02 MB used.
       Both:     27.84 MB used.

Virtual space:
  Non-class space:       32.00 MB reserved,      25.00 MB ( 78%) committed,  4 nodes.
      Class space:        1.00 GB reserved,       3.19 MB ( <1%) committed,  1 nodes.
             Both:        1.03 GB reserved,      28.19 MB (  3%) committed. 

Chunk freelists:
   Non-Class:  2.22 MB
       Class:  874.00 KB
        Both:  3.07 MB

MaxMetaspaceSize: unlimited
CompressedClassSpaceSize: 1.00 GB
Initial GC threshold: 21.00 MB
Current GC threshold: 44.81 MB
CDS: on
MetaspaceReclaimPolicy: balanced
 - commit_granule_bytes: 65536.
 - commit_granule_words: 8192.
 - virtual_space_node_default_size: 1048576.
 - enlarge_chunks_in_place: 1.
 - new_chunks_are_fully_committed: 0.
 - uncommit_free_chunks: 1.
 - use_allocation_guard: 0.
 - handle_deallocations: 1.


Internal statistics:

num_allocs_failed_limit: 3.
num_arena_births: 180.
num_arena_deaths: 0.
num_vsnodes_births: 5.
num_vsnodes_deaths: 0.
num_space_committed: 451.
num_space_uncommitted: 0.
num_chunks_returned_to_freelist: 3.
num_chunks_taken_from_freelist: 1181.
num_chunk_merges: 3.
num_chunk_splits: 841.
num_chunks_enlarged: 669.
num_purges: 0.
num_inconsistent_stats: 0.

CodeHeap 'non-profiled nmethods': size=120000Kb used=3686Kb max_used=3686Kb free=116313Kb
 bounds [0x00000285924c0000, 0x0000028592860000, 0x00000285999f0000]
CodeHeap 'profiled nmethods': size=120000Kb used=13629Kb max_used=13629Kb free=106370Kb
 bounds [0x000002858af90000, 0x000002858bce0000, 0x00000285924c0000]
CodeHeap 'non-nmethods': size=5760Kb used=1214Kb max_used=1293Kb free=4546Kb
 bounds [0x000002858a9f0000, 0x000002858ac60000, 0x000002858af90000]
 total_blobs=7302 nmethods=6786 adapters=428
 compilation: enabled
              stopped_count=0, restarted_count=0
 full_count=0

Compilation events (20 events):
Event: 13.371 Thread 0x00000285a125ea00 nmethod 7643 0x000002858bcce690 code [0x000002858bcce840, 0x000002858bcceae8]
Event: 13.371 Thread 0x00000285a125ea00 7645       3       java.io.FileInputStream::available (5 bytes)
Event: 13.371 Thread 0x00000285a125ea00 nmethod 7645 0x000002858bccec10 code [0x000002858bcceda0, 0x000002858bcceee8]
Event: 13.374 Thread 0x00000285a125ea00 7646       1       java.util.concurrent.atomic.AtomicInteger::get (5 bytes)
Event: 13.375 Thread 0x00000285a125ea00 nmethod 7646 0x0000028592858010 code [0x00000285928581a0, 0x0000028592858278]
Event: 13.375 Thread 0x00000285a125ea00 7648       3       java.util.concurrent.locks.ReentrantLock$Sync::isHeldExclusively (16 bytes)
Event: 13.375 Thread 0x00000285a125df60 7647       4       java.io.StringWriter::write (11 bytes)
Event: 13.375 Thread 0x00000285a125ea00 nmethod 7648 0x000002858bccef90 code [0x000002858bccf120, 0x000002858bccf2b8]
Event: 13.378 Thread 0x00000285a125ea00 7649       3       java.io.FileInputStream::read (8 bytes)
Event: 13.378 Thread 0x00000285a125ea00 nmethod 7649 0x000002858bccf390 code [0x000002858bccf520, 0x000002858bccf668]
Event: 13.384 Thread 0x00000285a125df60 nmethod 7647 0x0000028592858310 code [0x00000285928584c0, 0x0000028592858d88]
Event: 13.389 Thread 0x00000285a125df60 7650  s!   4       jdk.internal.loader.URLClassPath::getLoader (194 bytes)
Event: 13.417 Thread 0x00000285a125ea00 7651       3       java.io.PrintWriter::ensureOpen (18 bytes)
Event: 13.417 Thread 0x00000285a125ea00 nmethod 7651 0x000002858bccf710 code [0x000002858bccf8c0, 0x000002858bccfac8]
Event: 13.417 Thread 0x00000285a125ea00 7654   !   3       java.io.PrintWriter::write (58 bytes)
Event: 13.418 Thread 0x00000285a125ea00 nmethod 7654 0x000002858bccfb90 code [0x000002858bccfda0, 0x000002858bcd0388]
Event: 13.418 Thread 0x00000285a125ea00 7652       3       java.io.PrintWriter::write (11 bytes)
Event: 13.419 Thread 0x00000285a125ea00 nmethod 7652 0x000002858bcd0690 code [0x000002858bcd0840, 0x000002858bcd0a88]
Event: 13.419 Thread 0x00000285a125ea00 7655       3       org.apache.maven.plugin.surefire.report.PrettyPrintXMLWriter::write (9 bytes)
Event: 13.420 Thread 0x00000285a125ea00 nmethod 7655 0x000002858bcd0c10 code [0x000002858bcd0de0, 0x000002858bcd10a8]

GC Heap History (20 events):
Event: 9.503 GC heap before
{Heap before GC invocations=7 (full 0):
 garbage-first heap   total 55296K, used 38793K [0x0000000081a00000, 0x0000000100000000)
  region size 1024K, 25 young (25600K), 9 survivors (9216K)
 Metaspace       used 24499K, committed 24768K, reserved 1073152K
  class space    used 2756K, committed 2880K, reserved 1048576K
}
Event: 9.519 GC heap after
{Heap after GC invocations=8 (full 0):
 garbage-first heap   total 55296K, used 25988K [0x0000000081a00000, 0x0000000100000000)
  region size 1024K, 4 young (4096K), 4 survivors (4096K)
 Metaspace       used 24499K, committed 24768K, reserved 1073152K
  class space    used 2756K, committed 2880K, reserved 1048576K
}
Event: 9.931 GC heap before
{Heap before GC invocations=8 (full 0):
 garbage-first heap   total 55296K, used 39300K [0x0000000081a00000, 0x0000000100000000)
  region size 1024K, 17 young (17408K), 4 survivors (4096K)
 Metaspace       used 26017K, committed 26368K, reserved 1073152K
  class space    used 2926K, committed 3072K, reserved 1048576K
}
Event: 9.942 GC heap after
{Heap after GC invocations=9 (full 0):
 garbage-first heap   total 55296K, used 28041K [0x0000000081a00000, 0x0000000100000000)
  region size 1024K, 2 young (2048K), 2 survivors (2048K)
 Metaspace       used 26017K, committed 26368K, reserved 1073152K
  class space    used 2926K, committed 3072K, reserved 1048576K
}
Event: 10.359 GC heap before
{Heap before GC invocations=9 (full 0):
 garbage-first heap   total 55296K, used 40329K [0x0000000081a00000, 0x0000000100000000)
  region size 1024K, 14 young (14336K), 2 survivors (2048K)
 Metaspace       used 26470K, committed 26752K, reserved 1073152K
  class space    used 2942K, committed 3072K, reserved 1048576K
}
Event: 10.369 GC heap after
{Heap after GC invocations=10 (full 0):
 garbage-first heap   total 55296K, used 29540K [0x0000000081a00000, 0x0000000100000000)
  region size 1024K, 2 young (2048K), 2 survivors (2048K)
 Metaspace       used 26470K, committed 26752K, reserved 1073152K
  class space    used 2942K, committed 3072K, reserved 1048576K
}
Event: 10.676 GC heap before
{Heap before GC invocations=11 (full 0):
 garbage-first heap   total 55296K, used 40804K [0x0000000081a00000, 0x0000000100000000)
  region size 1024K, 14 young (14336K), 2 survivors (2048K)
 Metaspace       used 26731K, committed 27072K, reserved 1073152K
  class space    used 2951K, committed 3136K, reserved 1048576K
}
Event: 10.681 GC heap after
{Heap after GC invocations=12 (full 0):
 garbage-first heap   total 55296K, used 29846K [0x0000000081a00000, 0x0000000100000000)
  region size 1024K, 2 young (2048K), 2 survivors (2048K)
 Metaspace       used 26731K, committed 27072K, reserved 1073152K
  class space    used 2951K, committed 3136K, reserved 1048576K
}
Event: 10.872 GC heap before
{Heap before GC invocations=12 (full 0):
 garbage-first heap   total 55296K, used 41110K [0x0000000081a00000, 0x0000000100000000)
  region size 1024K, 14 young (14336K), 2 survivors (2048K)
 Metaspace       used 26785K, committed 27136K, reserved 1073152K
  class space    used 2952K, committed 3136K, reserved 1048576K
}
Event: 10.882 GC heap after
{Heap after GC invocations=13 (full 0):
 garbage-first heap   total 80896K, used 32897K [0x0000000081a00000, 0x0000000100000000)
  region size 1024K, 2 young (2048K), 2 survivors (2048K)
 Metaspace       used 26785K, committed 27136K, reserved 1073152K
  class space    used 2952K, committed 3136K, reserved 1048576K
}
Event: 11.202 GC heap before
{Heap before GC invocations=14 (full 0):
 garbage-first heap   total 80896K, used 57473K [0x0000000081a00000, 0x0000000100000000)
  region size 1024K, 27 young (27648K), 2 survivors (2048K)
 Metaspace       used 26838K, committed 27200K, reserved 1073152K
  class space    used 2952K, committed 3136K, reserved 1048576K
}
Event: 11.212 GC heap after
{Heap after GC invocations=15 (full 0):
 garbage-first heap   total 80896K, used 38622K [0x0000000081a00000, 0x0000000100000000)
  region size 1024K, 4 young (4096K), 4 survivors (4096K)
 Metaspace       used 26838K, committed 27200K, reserved 1073152K
  class space    used 2952K, committed 3136K, reserved 1048576K
}
Event: 11.358 GC heap before
{Heap before GC invocations=15 (full 0):
 garbage-first heap   total 80896K, used 62174K [0x0000000081a00000, 0x0000000100000000)
  region size 1024K, 25 young (25600K), 4 survivors (4096K)
 Metaspace       used 26908K, committed 27264K, reserved 1073152K
  class space    used 2954K, committed 3136K, reserved 1048576K
}
Event: 11.369 GC heap after
{Heap after GC invocations=16 (full 0):
 garbage-first heap   total 80896K, used 44701K [0x0000000081a00000, 0x0000000100000000)
  region size 1024K, 4 young (4096K), 4 survivors (4096K)
 Metaspace       used 26908K, committed 27264K, reserved 1073152K
  class space    used 2954K, committed 3136K, reserved 1048576K
}
Event: 11.589 GC heap before
{Heap before GC invocations=16 (full 0):
 garbage-first heap   total 80896K, used 62109K [0x0000000081a00000, 0x0000000100000000)
  region size 1024K, 21 young (21504K), 4 survivors (4096K)
 Metaspace       used 27184K, committed 27520K, reserved 1073152K
  class space    used 2986K, committed 3136K, reserved 1048576K
}
Event: 11.601 GC heap after
{Heap after GC invocations=17 (full 0):
 garbage-first heap   total 80896K, used 46545K [0x0000000081a00000, 0x0000000100000000)
  region size 1024K, 2 young (2048K), 2 survivors (2048K)
 Metaspace       used 27184K, committed 27520K, reserved 1073152K
  class space    used 2986K, committed 3136K, reserved 1048576K
}
Event: 11.843 GC heap before
{Heap before GC invocations=18 (full 0):
 garbage-first heap   total 83968K, used 62929K [0x0000000081a00000, 0x0000000100000000)
  region size 1024K, 19 young (19456K), 2 survivors (2048K)
 Metaspace       used 27300K, committed 27584K, reserved 1073152K
  class space    used 2989K, committed 3136K, reserved 1048576K
}
Event: 11.847 GC heap after
{Heap after GC invocations=19 (full 0):
 garbage-first heap   total 83968K, used 45782K [0x0000000081a00000, 0x0000000100000000)
  region size 1024K, 2 young (2048K), 2 survivors (2048K)
 Metaspace       used 27300K, committed 27584K, reserved 1073152K
  class space    used 2989K, committed 3136K, reserved 1048576K
}
Event: 11.881 GC heap before
{Heap before GC invocations=19 (full 0):
 garbage-first heap   total 83968K, used 47830K [0x0000000081a00000, 0x0000000100000000)
  region size 1024K, 4 young (4096K), 2 survivors (2048K)
 Metaspace       used 27330K, committed 27648K, reserved 1073152K
  class space    used 2989K, committed 3136K, reserved 1048576K
}
Event: 11.893 GC heap after
{Heap after GC invocations=20 (full 0):
 garbage-first heap   total 83968K, used 39641K [0x0000000081a00000, 0x0000000100000000)
  region size 1024K, 1 young (1024K), 1 survivors (1024K)
 Metaspace       used 27330K, committed 27648K, reserved 1073152K
  class space    used 2989K, committed 3136K, reserved 1048576K
}

Deoptimization events (20 events):
Event: 13.397 Thread 0x00000285a54feb30 Uncommon trap: trap_request=0xffffffde fr.pc=0x00000285925cb1c8 relative=0x0000000000000228
Event: 13.397 Thread 0x00000285a54feb30 Uncommon trap: reason=class_check action=maybe_recompile pc=0x00000285925cb1c8 method=java.io.BufferedOutputStream.flushBuffer()V @ 20 c2
Event: 13.397 Thread 0x00000285a54feb30 DEOPT PACKING pc=0x00000285925cb1c8 sp=0x000000a7096feef0
Event: 13.397 Thread 0x00000285a54feb30 DEOPT UNPACKING pc=0x000002858aa423a3 sp=0x000000a7096fee38 mode 2
Event: 13.398 Thread 0x00000285a54feb30 Uncommon trap: trap_request=0xffffffc6 fr.pc=0x00000285927fe120 relative=0x00000000000003e0
Event: 13.398 Thread 0x00000285a54feb30 Uncommon trap: reason=bimorphic_or_optimized_type_check action=maybe_recompile pc=0x00000285927fe120 method=java.util.stream.AbstractPipeline.wrapSink(Ljava/util/stream/Sink;)Ljava/util/stream/Sink; @ 23 c2
Event: 13.398 Thread 0x00000285a54feb30 DEOPT PACKING pc=0x00000285927fe120 sp=0x000000a7096fea00
Event: 13.398 Thread 0x00000285a54feb30 DEOPT UNPACKING pc=0x000002858aa423a3 sp=0x000000a7096fe9b8 mode 2
Event: 13.398 Thread 0x00000285a54feb30 Uncommon trap: trap_request=0xffffffc6 fr.pc=0x00000285928014e4 relative=0x0000000000000ba4
Event: 13.398 Thread 0x00000285a54feb30 Uncommon trap: reason=bimorphic_or_optimized_type_check action=maybe_recompile pc=0x00000285928014e4 method=java.util.stream.AbstractPipeline.copyIntoWithCancel(Ljava/util/stream/Sink;Ljava/util/Spliterator;)Z @ 19 c2
Event: 13.398 Thread 0x00000285a54feb30 DEOPT PACKING pc=0x00000285928014e4 sp=0x000000a7096fea00
Event: 13.398 Thread 0x00000285a54feb30 DEOPT UNPACKING pc=0x000002858aa423a3 sp=0x000000a7096fe940 mode 2
Event: 13.400 Thread 0x00000285a54feb30 Uncommon trap: trap_request=0xffffffc6 fr.pc=0x000002859280c030 relative=0x00000000000008b0
Event: 13.400 Thread 0x00000285a54feb30 Uncommon trap: reason=bimorphic_or_optimized_type_check action=maybe_recompile pc=0x000002859280c030 method=sun.nio.cs.StreamEncoder.writeBytes()V @ 127 c2
Event: 13.400 Thread 0x00000285a54feb30 DEOPT PACKING pc=0x000002859280c030 sp=0x000000a7096fee50
Event: 13.400 Thread 0x00000285a54feb30 DEOPT UNPACKING pc=0x000002858aa423a3 sp=0x000000a7096fee10 mode 2
Event: 13.400 Thread 0x00000285a54feb30 Uncommon trap: trap_request=0xffffffde fr.pc=0x00000285925cb1c8 relative=0x0000000000000228
Event: 13.400 Thread 0x00000285a54feb30 Uncommon trap: reason=class_check action=maybe_recompile pc=0x00000285925cb1c8 method=java.io.BufferedOutputStream.flushBuffer()V @ 20 c2
Event: 13.400 Thread 0x00000285a54feb30 DEOPT PACKING pc=0x00000285925cb1c8 sp=0x000000a7096feec0
Event: 13.400 Thread 0x00000285a54feb30 DEOPT UNPACKING pc=0x000002858aa423a3 sp=0x000000a7096fee08 mode 2

Classes unloaded (0 events):
No events

Classes redefined (0 events):
No events

Internal exceptions (20 events):
Event: 11.624 Thread 0x00000285831e77b0 Exception <a 'sun/nio/fs/WindowsException'{0x0000000089617030}> (0x0000000089617030) 
thrown [t:\workspace\open\src\hotspot\share\prims\jni.cpp, line 516]
Event: 11.625 Thread 0x00000285831e77b0 Exception <a 'sun/nio/fs/WindowsException'{0x0000000089671568}> (0x0000000089671568) 
thrown [t:\workspace\open\src\hotspot\share\prims\jni.cpp, line 516]
Event: 11.625 Thread 0x00000285831e77b0 Exception <a 'sun/nio/fs/WindowsException'{0x00000000896719a0}> (0x00000000896719a0) 
thrown [t:\workspace\open\src\hotspot\share\prims\jni.cpp, line 516]
Event: 11.625 Thread 0x00000285831e77b0 Exception <a 'sun/nio/fs/WindowsException'{0x0000000089673518}> (0x0000000089673518) 
thrown [t:\workspace\open\src\hotspot\share\prims\jni.cpp, line 516]
Event: 11.625 Thread 0x00000285831e77b0 Exception <a 'sun/nio/fs/WindowsException'{0x0000000089673a18}> (0x0000000089673a18) 
thrown [t:\workspace\open\src\hotspot\share\prims\jni.cpp, line 516]
Event: 11.642 Thread 0x00000285a123ca70 Implicit null exception at 0x000002859252cd81 to 0x000002859252cfb8
Event: 11.642 Thread 0x00000285a123ca70 Implicit null exception at 0x000002859252f9d3 to 0x000002859252fbb0
Event: 11.664 Thread 0x00000285831e77b0 Exception <a 'sun/nio/fs/WindowsException'{0x00000000893fee40}> (0x00000000893fee40) 
thrown [t:\workspace\open\src\hotspot\share\prims\jni.cpp, line 516]
Event: 11.682 Thread 0x00000285831e77b0 Exception <a 'sun/nio/fs/WindowsException'{0x0000000086322228}> (0x0000000086322228) 
thrown [t:\workspace\open\src\hotspot\share\prims\jni.cpp, line 516]
Event: 11.691 Thread 0x00000285831e77b0 Exception <a 'sun/nio/fs/WindowsException'{0x00000000862583f0}> (0x00000000862583f0) 
thrown [t:\workspace\open\src\hotspot\share\prims\jni.cpp, line 516]
Event: 11.700 Thread 0x00000285831e77b0 Exception <a 'sun/nio/fs/WindowsException'{0x00000000862ba0b8}> (0x00000000862ba0b8) 
thrown [t:\workspace\open\src\hotspot\share\prims\jni.cpp, line 516]
Event: 11.708 Thread 0x00000285831e77b0 Exception <a 'sun/nio/fs/WindowsException'{0x000000008611c260}> (0x000000008611c260) 
thrown [t:\workspace\open\src\hotspot\share\prims\jni.cpp, line 516]
Event: 11.719 Thread 0x00000285831e77b0 Exception <a 'sun/nio/fs/WindowsException'{0x000000008607cd78}> (0x000000008607cd78) 
thrown [t:\workspace\open\src\hotspot\share\prims\jni.cpp, line 516]
Event: 11.729 Thread 0x00000285831e77b0 Exception <a 'sun/nio/fs/WindowsException'{0x0000000085fc1b88}> (0x0000000085fc1b88) 
thrown [t:\workspace\open\src\hotspot\share\prims\jni.cpp, line 516]
Event: 11.736 Thread 0x00000285831e77b0 Exception <a 'sun/nio/fs/WindowsException'{0x0000000085e247f8}> (0x0000000085e247f8) 
thrown [t:\workspace\open\src\hotspot\share\prims\jni.cpp, line 516]
Event: 12.573 Thread 0x00000285831e77b0 Exception <a 'java/lang/NoSuchMethodError'{0x00000000854c7210}: 'void java.lang.invoke.DirectMethodHandle$Holder.invokeStatic(java.lang.Object, long)'> (0x00000000854c7210) 
thrown [t:\workspace\open\src\hotspot\share\interpreter\linkResolver.cpp, line 766]
Event: 12.574 Thread 0x00000285831e77b0 Exception <a 'java/lang/NoSuchMethodError'{0x00000000854cc860}: 'java.lang.Object java.lang.invoke.DirectMethodHandle$Holder.newInvokeSpecial(java.lang.Object, long)'> (0x00000000854cc860) 
thrown [t:\workspace\open\src\hotspot\share\interpreter\linkResolver.cpp, line 766]
Event: 12.578 Thread 0x00000285831e77b0 Exception <a 'java/lang/NoSuchMethodError'{0x00000000854d7198}: 'java.lang.Object java.lang.invoke.DirectMethodHandle$Holder.invokeStaticInit(java.lang.Object, java.lang.Object, long, java.lang.Object)'> (0x00000000854d7198) 
thrown [t:\workspace\open\src\hotspot\share\interpreter\linkResolver.cpp, line 766]
Event: 12.578 Thread 0x00000285831e77b0 Exception <a 'java/lang/NoSuchMethodError'{0x00000000854dd7e0}: 'java.lang.Object java.lang.invoke.DirectMethodHandle$Holder.newInvokeSpecial(java.lang.Object, java.lang.Object, long)'> (0x00000000854dd7e0) 
thrown [t:\workspace\open\src\hotspot\share\interpreter\linkResolver.cpp, line 766]
Event: 12.579 Thread 0x00000285831e77b0 Exception <a 'java/lang/NoSuchMethodError'{0x00000000854e1350}: 'java.lang.Object java.lang.invoke.Invokers$Holder.linkToTargetMethod(java.lang.Object, long, java.lang.Object)'> (0x00000000854e1350) 
thrown [t:\workspace\open\src\hotspot\share\interpreter\linkResolver.cpp, line 766]

VM Operations (20 events):
Event: 11.202 Executing VM operation: G1CollectForAllocation
Event: 11.212 Executing VM operation: G1CollectForAllocation done
Event: 11.358 Executing VM operation: G1CollectForAllocation
Event: 11.369 Executing VM operation: G1CollectForAllocation done
Event: 11.589 Executing VM operation: ICBufferFull
Event: 11.589 Executing VM operation: ICBufferFull done
Event: 11.589 Executing VM operation: G1CollectForAllocation
Event: 11.601 Executing VM operation: G1CollectForAllocation done
Event: 11.631 Executing VM operation: G1Concurrent
Event: 11.639 Executing VM operation: G1Concurrent done
Event: 11.657 Executing VM operation: G1Concurrent
Event: 11.658 Executing VM operation: G1Concurrent done
Event: 11.843 Executing VM operation: G1CollectForAllocation
Event: 11.847 Executing VM operation: G1CollectForAllocation done
Event: 11.881 Executing VM operation: G1CollectForAllocation
Event: 11.893 Executing VM operation: G1CollectForAllocation done
Event: 12.581 Executing VM operation: HandshakeAllThreads
Event: 12.581 Executing VM operation: HandshakeAllThreads done
Event: 12.594 Executing VM operation: HandshakeAllThreads
Event: 12.594 Executing VM operation: HandshakeAllThreads done

Events (20 events):
Event: 12.580 loading class java/util/concurrent/SynchronousQueue$TransferStack done
Event: 12.580 loading class java/util/concurrent/SynchronousQueue$TransferStack$SNode
Event: 12.580 loading class java/util/concurrent/SynchronousQueue$TransferStack$SNode done
Event: 12.580 loading class java/lang/ProcessImpl$2
Event: 12.580 loading class java/lang/ProcessImpl$2 done
Event: 12.580 loading class java/lang/Process$PipeInputStream
Event: 12.580 loading class java/lang/Process$PipeInputStream done
Event: 12.581 loading class jdk/internal/event/ProcessStartEvent
Event: 12.586 loading class jdk/internal/event/Event
Event: 12.587 loading class jdk/internal/event/Event done
Event: 12.591 loading class jdk/internal/event/ProcessStartEvent done
Event: 12.592 Thread 0x00000285a56832f0 Thread added: 0x00000285a56832f0
Event: 12.592 Thread 0x00000285a4c06ce0 Thread added: 0x00000285a4c06ce0
Event: 12.593 loading class java/security/AccessControlException
Event: 12.593 loading class java/security/AccessControlException done
Event: 13.370 Thread 0x00000285a4d40830 Thread exited: 0x00000285a4d40830
Event: 13.399 loading class java/text/DecimalFormat$FastPathData
Event: 13.399 loading class java/text/DecimalFormat$FastPathData done
Event: 13.399 loading class java/text/DecimalFormat$DigitArrays
Event: 13.399 loading class java/text/DecimalFormat$DigitArrays done


Dynamic libraries:
0x00007ff7dc5f0000 - 0x00007ff7dc600000 	C:\Program Files\Java\jdk-17\bin\java.exe
0x00007ffcf9110000 - 0x00007ffcf9305000 	C:\WINDOWS\SYSTEM32\ntdll.dll
0x00007ffcf7600000 - 0x00007ffcf76bd000 	C:\WINDOWS\System32\KERNEL32.DLL
0x00007ffcf6b60000 - 0x00007ffcf6e2d000 	C:\WINDOWS\System32\KERNELBASE.dll
0x00007ffcf6a60000 - 0x00007ffcf6b60000 	C:\WINDOWS\System32\ucrtbase.dll
0x00007ffcf23d0000 - 0x00007ffcf23ea000 	C:\Program Files\Java\jdk-17\bin\VCRUNTIME140.dll
0x00007ffcef5f0000 - 0x00007ffcef608000 	C:\Program Files\Java\jdk-17\bin\jli.dll
0x00007ffcf7450000 - 0x00007ffcf74fe000 	C:\WINDOWS\System32\ADVAPI32.dll
0x00007ffcf8270000 - 0x00007ffcf830e000 	C:\WINDOWS\System32\msvcrt.dll
0x00007ffcf7500000 - 0x00007ffcf759c000 	C:\WINDOWS\System32\sechost.dll
0x00007ffcf7160000 - 0x00007ffcf7285000 	C:\WINDOWS\System32\RPCRT4.dll
0x00007ffcf89f0000 - 0x00007ffcf8b90000 	C:\WINDOWS\System32\USER32.dll
0x00007ffcdb9a0000 - 0x00007ffcdbc3a000 	C:\WINDOWS\WinSxS\amd64_microsoft.windows.common-controls_6595b64144ccf1df_6.0.19041.1110_none_60b5254171f9507e\COMCTL32.dll
0x00007ffcf6990000 - 0x00007ffcf69b2000 	C:\WINDOWS\System32\win32u.dll
0x00007ffcf7340000 - 0x00007ffcf736a000 	C:\WINDOWS\System32\GDI32.dll
0x00007ffcf7050000 - 0x00007ffcf715b000 	C:\WINDOWS\System32\gdi32full.dll
0x00007ffceef30000 - 0x00007ffceef3a000 	C:\WINDOWS\SYSTEM32\VERSION.dll
0x00007ffcf69c0000 - 0x00007ffcf6a5d000 	C:\WINDOWS\System32\msvcp_win.dll
0x00007ffcf8440000 - 0x00007ffcf8470000 	C:\WINDOWS\System32\IMM32.DLL
0x00007ffcef5e0000 - 0x00007ffcef5ec000 	C:\Program Files\Java\jdk-17\bin\vcruntime140_1.dll
0x00007ffcc8880000 - 0x00007ffcc890d000 	C:\Program Files\Java\jdk-17\bin\msvcp140.dll
0x00007ffc8e230000 - 0x00007ffc8edee000 	C:\Program Files\Java\jdk-17\bin\server\jvm.dll
0x00007ffcf7fe0000 - 0x00007ffcf7fe8000 	C:\WINDOWS\System32\PSAPI.DLL
0x00007ffcd8e80000 - 0x00007ffcd8e89000 	C:\WINDOWS\SYSTEM32\WSOCK32.dll
0x00007ffcf0880000 - 0x00007ffcf08a7000 	C:\WINDOWS\SYSTEM32\WINMM.dll
0x00007ffcf8050000 - 0x00007ffcf80bb000 	C:\WINDOWS\System32\WS2_32.dll
0x00007ffcf46e0000 - 0x00007ffcf46f2000 	C:\WINDOWS\SYSTEM32\kernel.appcore.dll
0x00007ffce0ec0000 - 0x00007ffce0eca000 	C:\Program Files\Java\jdk-17\bin\jimage.dll
0x00007ffced0b0000 - 0x00007ffced294000 	C:\WINDOWS\SYSTEM32\DBGHELP.DLL
0x00007ffcd5b30000 - 0x00007ffcd5b5c000 	C:\WINDOWS\SYSTEM32\dbgcore.DLL
0x00007ffcf6850000 - 0x00007ffcf68d2000 	C:\WINDOWS\System32\bcryptPrimitives.dll
0x00007ffcefa90000 - 0x00007ffcefa9e000 	C:\Program Files\Java\jdk-17\bin\instrument.dll
0x00007ffcdcda0000 - 0x00007ffcdcdc5000 	C:\Program Files\Java\jdk-17\bin\java.dll
0x00007ffcc46f0000 - 0x00007ffcc47c6000 	C:\Program Files\Java\jdk-17\bin\svml.dll
0x00007ffcf76f0000 - 0x00007ffcf7e34000 	C:\WINDOWS\System32\SHELL32.dll
0x00007ffcf48e0000 - 0x00007ffcf5074000 	C:\WINDOWS\SYSTEM32\windows.storage.dll
0x00007ffcf8520000 - 0x00007ffcf8874000 	C:\WINDOWS\System32\combase.dll
0x00007ffcf6280000 - 0x00007ffcf62ac000 	C:\WINDOWS\SYSTEM32\Wldp.dll
0x00007ffcf7290000 - 0x00007ffcf733d000 	C:\WINDOWS\System32\SHCORE.dll
0x00007ffcf8b90000 - 0x00007ffcf8be5000 	C:\WINDOWS\System32\shlwapi.dll
0x00007ffcf6760000 - 0x00007ffcf677f000 	C:\WINDOWS\SYSTEM32\profapi.dll
0x00007ffcdb950000 - 0x00007ffcdb968000 	C:\Program Files\Java\jdk-17\bin\zip.dll
0x00007ffce0ea0000 - 0x00007ffce0eb9000 	C:\Program Files\Java\jdk-17\bin\net.dll
0x00007ffcefb00000 - 0x00007ffcefc0a000 	C:\WINDOWS\SYSTEM32\WINHTTP.dll
0x00007ffcf5f90000 - 0x00007ffcf5ffa000 	C:\WINDOWS\system32\mswsock.dll
0x00007ffcdc990000 - 0x00007ffcdc9a5000 	C:\Program Files\Java\jdk-17\bin\nio.dll
0x00007ffcdb0c0000 - 0x00007ffcdb0da000 	C:\Program Files\JetBrains\IntelliJ IDEA Community Edition 2022.1\bin\breakgen64.dll
0x00007ffcef740000 - 0x00007ffcef750000 	C:\Program Files\Java\jdk-17\bin\verify.dll
0x00007ffcf6150000 - 0x00007ffcf6168000 	C:\WINDOWS\SYSTEM32\CRYPTSP.dll
0x00007ffcf58b0000 - 0x00007ffcf58e4000 	C:\WINDOWS\system32\rsaenh.dll
0x00007ffcf6820000 - 0x00007ffcf6847000 	C:\WINDOWS\System32\bcrypt.dll
0x00007ffcf6720000 - 0x00007ffcf674e000 	C:\WINDOWS\SYSTEM32\USERENV.dll
0x00007ffcf6140000 - 0x00007ffcf614c000 	C:\WINDOWS\SYSTEM32\CRYPTBASE.dll
0x00007ffcf5c40000 - 0x00007ffcf5c7b000 	C:\WINDOWS\SYSTEM32\IPHLPAPI.DLL
0x00007ffcf8910000 - 0x00007ffcf8918000 	C:\WINDOWS\System32\NSI.dll
0x00007ffcefdf0000 - 0x00007ffcefe07000 	C:\WINDOWS\SYSTEM32\dhcpcsvc6.DLL
0x00007ffcefd90000 - 0x00007ffcefdad000 	C:\WINDOWS\SYSTEM32\dhcpcsvc.DLL
0x00007ffcf5c80000 - 0x00007ffcf5d4b000 	C:\WINDOWS\SYSTEM32\DNSAPI.dll
0x00007ffcec630000 - 0x00007ffcec63a000 	C:\Users\Erika\AppData\Local\Temp\jansi-1.17.1-940792032589926496.dll
0x00007ffcec620000 - 0x00007ffcec62a000 	C:\Users\Erika\AppData\Local\Temp\jansi-1.17.1-16772838382661350540.dll

dbghelp: loaded successfully - version: 4.0.5 - missing functions: none
symbol engine: initialized successfully - sym options: 0x614 - pdb path: .;C:\Program Files\Java\jdk-17\bin;C:\WINDOWS\SYSTEM32;C:\WINDOWS\WinSxS\amd64_microsoft.windows.common-controls_6595b64144ccf1df_6.0.19041.1110_none_60b5254171f9507e;C:\Program Files\Java\jdk-17\bin\server;C:\Program Files\JetBrains\IntelliJ IDEA Community Edition 2022.1\bin;C:\Users\Erika\AppData\Local\Temp

VM Arguments:
jvm_args: -Dmaven.multiModuleProjectDirectory=G:\erika\Facultate\an2\an2sem2\Fund de Ing Software (FIS)\BeautySalonApplication\BeautySalonApp -Dmaven.home=C:\Users\Erika\.m2\wrapper\dists\apache-maven-3.6.3-bin\1iopthnavndlasol9gbrbg6bf2\apache-maven-3.6.3 -Dclassworlds.conf=C:\Users\Erika\.m2\wrapper\dists\apache-maven-3.6.3-bin\1iopthnavndlasol9gbrbg6bf2\apache-maven-3.6.3\bin\m2.conf -Dmaven.ext.class.path=C:\Program Files\JetBrains\IntelliJ IDEA Community Edition 2022.1\plugins\maven\lib\maven-event-listener.jar -javaagent:C:\Program Files\JetBrains\IntelliJ IDEA Community Edition 2022.1\lib\idea_rt.jar=56518:C:\Program Files\JetBrains\IntelliJ IDEA Community Edition 2022.1\bin -Dfile.encoding=UTF-8 
java_command: org.codehaus.classworlds.Launcher -Didea.version=2022.1 clean install javafx:run
java_class_path (initial): C:\Users\Erika\.m2\wrapper\dists\apache-maven-3.6.3-bin\1iopthnavndlasol9gbrbg6bf2\apache-maven-3.6.3\boot\plexus-classworlds-2.6.0.jar;C:\Users\Erika\.m2\wrapper\dists\apache-maven-3.6.3-bin\1iopthnavndlasol9gbrbg6bf2\apache-maven-3.6.3\boot\plexus-classworlds.license
Launcher Type: SUN_STANDARD

[Global flags]
     intx CICompilerCount                          = 4                                         {product} {ergonomic}
     uint ConcGCThreads                            = 2                                         {product} {ergonomic}
     uint G1ConcRefinementThreads                  = 8                                         {product} {ergonomic}
   size_t G1HeapRegionSize                         = 1048576                                   {product} {ergonomic}
    uintx GCDrainStackTargetSize                   = 64                                        {product} {ergonomic}
   size_t InitialHeapSize                          = 134217728                                 {product} {ergonomic}
   size_t MarkStackSize                            = 4194304                                   {product} {ergonomic}
   size_t MaxHeapSize                              = 2120220672                                {product} {ergonomic}
   size_t MaxNewSize                               = 1271922688                                {product} {ergonomic}
   size_t MinHeapDeltaBytes                        = 1048576                                   {product} {ergonomic}
   size_t MinHeapSize                              = 8388608                                   {product} {ergonomic}
    uintx NonNMethodCodeHeapSize                   = 5839372                                {pd product} {ergonomic}
    uintx NonProfiledCodeHeapSize                  = 122909434                              {pd product} {ergonomic}
    uintx ProfiledCodeHeapSize                     = 122909434                              {pd product} {ergonomic}
    uintx ReservedCodeCacheSize                    = 251658240                              {pd product} {ergonomic}
     bool SegmentedCodeCache                       = true                                      {product} {ergonomic}
   size_t SoftMaxHeapSize                          = 2120220672                             {manageable} {ergonomic}
     bool UseCompressedClassPointers               = true                           {product lp64_product} {ergonomic}
     bool UseCompressedOops                        = true                           {product lp64_product} {ergonomic}
     bool UseG1GC                                  = true                                      {product} {ergonomic}
     bool UseLargePagesIndividualAllocation        = false                                  {pd product} {ergonomic}

Logging:
Log output configuration:
 #0: stdout all=warning uptime,level,tags
 #1: stderr all=off uptime,level,tags

Environment Variables:
JAVA_HOME=C:\Program Files\Java\jdk-17
PATH=C:\Program Files\Python310\Scripts\;C:\Program Files\Python310\;C:\Program Files\Common Files\Oracle\Java\javapath;C:\Program Files (x86)\Common Files\Oracle\Java\javapath;C:\Program Files (x86)\Common Files\Intel\Shared Libraries\redist\intel64_win\compiler;C:\ProgramData\Oracle\Java\javapath;C:\Windows\system32;C:\Windows;C:\Windows\System32\Wbem;C:\Windows\System32\WindowsPowerShell\v1.0\;C:\Windows\System32\OpenSSH\;C:\Program Files\NVIDIA Corporation\NVIDIA NvDLISR;C:\Program Files (x86)\NVIDIA Corporation\PhysX\Common;C:\WINDOWS\system32;C:\WINDOWS;C:\WINDOWS\System32\Wbem;C:\WINDOWS\System32\WindowsPowerShell\v1.0\;C:\WINDOWS\System32\OpenSSH\;C:\Program Files\MATLAB\R2021b\runtime\win64;C:\Program Files\MATLAB\R2021b\bin;C:\PROGRA~2\TableCurve2Dv5.01;C:\Program Files\Java\jdk-17\bin;C:\Program Files\Git\cmd;C:\Program Files (x86)\dBI\QDD\Drivers;C:\Gradle\gradle-7.4.2\bin;C:\Program Files (x86)\Objective Caml\bin;C:\apache-maven-3.8.5\bin;;C:\Program Files\Docker\Docker\resources\bin;C:\ProgramData\DockerDesktop\version-bin;C:\Users\Erika\AppData\Local\Microsoft\WindowsApps;;C:\Users\Erika\AppData\Local\Programs\Microsoft VS Code\bin;C:\Program Files\JetBrains\IntelliJ IDEA Community Edition 2022.1\bin;;C:\ghcup\bin
USERNAME=Erika
OS=Windows_NT
PROCESSOR_IDENTIFIER=Intel64 Family 6 Model 94 Stepping 3, GenuineIntel



---------------  S Y S T E M  ---------------

OS:
 Windows 10 , 64 bit Build 19041 (10.0.19041.1706)
OS uptime: 0 days 15:25 hours
Hyper-V role detected

CPU: total 8 (initial active 8) (4 cores per cpu, 2 threads per core) family 6 model 94 stepping 3 microcode 0xcc, cx8, cmov, fxsr, ht, mmx, 3dnowpref, sse, sse2, sse3, ssse3, sse4.1, sse4.2, popcnt, lzcnt, tsc, tscinvbit, avx, avx2, aes, erms, clmul, bmi1, bmi2, rtm, adx, fma, vzeroupper, clflush, clflushopt, hv

Memory: 4k page, system-wide physical 8087M (390M free)
TotalPageFile size 16279M (AvailPageFile size 149M)
current process WorkingSet (physical memory assigned to process): 217M, peak: 224M
current process commit charge ("private bytes"): 334M, peak: 334M

vm_info: Java HotSpot(TM) 64-Bit Server VM (17+35-LTS-2724) for windows-amd64 JRE (17+35-LTS-2724), built on Aug  5 2021 23:28:28 by "mach5one" with MS VC++ 16.8 (VS2019)

END.
