#
# There is insufficient memory for the Java Runtime Environment to continue.
# Native memory allocation (mmap) failed to map 65536 bytes for Failed to commit metaspace.
# Possible reasons:
#   The system is out of physical RAM or swap space
#   The process is running with CompressedOops enabled, and the Java Heap may be blocking the growth of the native heap
# Possible solutions:
#   Reduce memory load on the system
#   Increase physical memory or swap space
#   Check if swap backing store is full
#   Decrease Java heap size (-Xmx/-Xms)
#   Decrease number of Java threads
#   Decrease Java thread stack sizes (-Xss)
#   Set larger code cache with -XX:ReservedCodeCacheSize=
#   JVM is running with Unscaled Compressed Oops mode in which the Java heap is
#     placed in the first 4GB address space. The Java Heap base address is the
#     maximum limit for the native heap growth. Please use -XX:HeapBaseMinAddress
#     to set the Java Heap base and to place the Java Heap above 4GB virtual address.
# This output file may be truncated or incomplete.
#
#  Out of Memory Error (virtualSpaceNode.cpp:110), pid=12100, tid=4576
#
# JRE version: Java(TM) SE Runtime Environment (17.0+35) (build 17+35-LTS-2724)
# Java VM: Java HotSpot(TM) 64-Bit Server VM (17+35-LTS-2724, mixed mode, sharing, tiered, compressed oops, compressed class ptrs, g1 gc, windows-amd64)
# No core dump will be written. Minidumps are not enabled by default on client versions of Windows
#

---------------  S U M M A R Y ------------

Command Line: --module-path=C:\Users\Erika\.m2\repository\org\openjfx\javafx-base\15.0.1\javafx-base-15.0.1-win.jar;C:\Users\Erika\.m2\repository\org\openjfx\javafx-base\15.0.1\javafx-base-15.0.1.jar;C:\Users\Erika\.m2\repository\org\openjfx\javafx-controls\15.0.1\javafx-controls-15.0.1-win.jar;C:\Users\Erika\.m2\repository\org\openjfx\javafx-controls\15.0.1\javafx-controls-15.0.1.jar;C:\Users\Erika\.m2\repository\org\openjfx\javafx-fxml\15.0.1\javafx-fxml-15.0.1-win.jar;C:\Users\Erika\.m2\repository\org\openjfx\javafx-fxml\15.0.1\javafx-fxml-15.0.1.jar;C:\Users\Erika\.m2\repository\org\openjfx\javafx-graphics\15.0.1\javafx-graphics-15.0.1-win.jar;C:\Users\Erika\.m2\repository\org\openjfx\javafx-graphics\15.0.1\javafx-graphics-15.0.1.jar --add-modules=javafx.base,javafx.controls,javafx.fxml,javafx.graphics org.loose.fis.bsa.Main

Host: Intel(R) Core(TM) i7-6700HQ CPU @ 2.60GHz, 8 cores, 7G,  Windows 10 , 64 bit Build 19041 (10.0.19041.1645)
Time: Tue May  3 02:06:05 2022 GTB Daylight Time elapsed time: 1.059770 seconds (0d 0h 0m 1s)

---------------  T H R E A D  ---------------

Current thread (0x000002043ffef960):  JavaThread "JavaFX Application Thread" [_thread_in_vm, id=4576, stack(0x0000009deb300000,0x0000009deb400000)]

Stack: [0x0000009deb300000,0x0000009deb400000]
Native frames: (J=compiled Java code, j=interpreted, Vv=VM code, C=native code)
V  [jvm.dll+0x66f8ea]
V  [jvm.dll+0x7ce224]
V  [jvm.dll+0x7cf9ce]
V  [jvm.dll+0x7d0033]
V  [jvm.dll+0x242bb5]
V  [jvm.dll+0x7ca1cb]
V  [jvm.dll+0x615a46]
V  [jvm.dll+0x1be28e]
V  [jvm.dll+0x618381]
V  [jvm.dll+0x6163e6]
V  [jvm.dll+0x367892]
V  [jvm.dll+0x1dfb6b]
V  [jvm.dll+0x5375e9]
V  [jvm.dll+0x749598]
V  [jvm.dll+0x749684]
V  [jvm.dll+0x4088c5]
V  [jvm.dll+0x40e918]
C  [java.dll+0x17ec]

Java frames: (J=compiled Java code, j=interpreted, Vv=VM code)
j  java.lang.ClassLoader.defineClass1(Ljava/lang/ClassLoader;Ljava/lang/String;[BIILjava/security/ProtectionDomain;Ljava/lang/String;)Ljava/lang/Class;+0 java.base@17
j  java.lang.ClassLoader.defineClass(Ljava/lang/String;[BIILjava/security/ProtectionDomain;)Ljava/lang/Class;+27 java.base@17
j  java.lang.ClassLoader.defineClass(Ljava/lang/String;Ljava/nio/ByteBuffer;Ljava/security/ProtectionDomain;)Ljava/lang/Class;+38 java.base@17
j  java.security.SecureClassLoader.defineClass(Ljava/lang/String;Ljava/nio/ByteBuffer;Ljava/security/CodeSource;)Ljava/lang/Class;+8 java.base@17
J 857 c1 jdk.internal.loader.BuiltinClassLoader.defineClass(Ljava/lang/String;Ljdk/internal/loader/BuiltinClassLoader$LoadedModule;)Ljava/lang/Class; java.base@17 (162 bytes) @ 0x000002042847c1d4 [0x000002042847a6a0+0x0000000000001b34]
J 739 c1 jdk.internal.loader.BuiltinClassLoader.loadClassOrNull(Ljava/lang/String;Z)Ljava/lang/Class; java.base@17 (143 bytes) @ 0x0000020428442bb4 [0x00000204284425c0+0x00000000000005f4]
J 849 c1 jdk.internal.loader.ClassLoaders$AppClassLoader.loadClass(Ljava/lang/String;Z)Ljava/lang/Class; java.base@17 (40 bytes) @ 0x0000020428475604 [0x0000020428474fe0+0x0000000000000624]
J 749 c1 java.lang.ClassLoader.loadClass(Ljava/lang/String;)Ljava/lang/Class; java.base@17 (7 bytes) @ 0x00000204284476cc [0x00000204284475c0+0x000000000000010c]
v  ~StubRoutines::call_stub
j  javafx.stage.Window.<init>()V+34 javafx.graphics
j  javafx.stage.Stage.<init>(Ljavafx/stage/StageStyle;)V+1 javafx.graphics
j  javafx.stage.Stage.<init>()V+4 javafx.graphics
j  com.sun.javafx.application.LauncherImpl.lambda$launchApplication1$9(Ljava/util/concurrent/atomic/AtomicBoolean;Ljavafx/application/Application;)V+9 javafx.graphics
j  com.sun.javafx.application.LauncherImpl$$Lambda$104+0x0000000800c84000.run()V+8 javafx.graphics
j  com.sun.javafx.application.PlatformImpl.lambda$runAndWait$12(Ljava/lang/Runnable;Ljava/util/concurrent/CountDownLatch;)V+1 javafx.graphics
j  com.sun.javafx.application.PlatformImpl$$Lambda$97+0x0000000800c3d698.run()V+8 javafx.graphics
j  com.sun.javafx.application.PlatformImpl.lambda$runLater$10(Ljava/lang/Runnable;)Ljava/lang/Void;+1 javafx.graphics
j  com.sun.javafx.application.PlatformImpl$$Lambda$99+0x0000000800c3eb08.run()Ljava/lang/Object;+4 javafx.graphics
j  java.security.AccessController.executePrivileged(Ljava/security/PrivilegedAction;Ljava/security/AccessControlContext;Ljava/lang/Class;)Ljava/lang/Object;+29 java.base@17
j  java.security.AccessController.doPrivileged(Ljava/security/PrivilegedAction;Ljava/security/AccessControlContext;)Ljava/lang/Object;+13 java.base@17
j  com.sun.javafx.application.PlatformImpl.lambda$runLater$11(Ljava/lang/Runnable;Ljava/security/AccessControlContext;)V+7 javafx.graphics
j  com.sun.javafx.application.PlatformImpl$$Lambda$98+0x0000000800c3dab8.run()V+8 javafx.graphics
j  com.sun.glass.ui.InvokeLaterDispatcher$Future.run()V+4 javafx.graphics
v  ~StubRoutines::call_stub
j  com.sun.glass.ui.win.WinApplication._runLoop(Ljava/lang/Runnable;)V+0 javafx.graphics
j  com.sun.glass.ui.win.WinApplication.lambda$runLoop$3(ILjava/lang/Runnable;)V+8 javafx.graphics
j  com.sun.glass.ui.win.WinApplication$$Lambda$87+0x0000000800c2c640.run()V+12 javafx.graphics
j  java.lang.Thread.run()V+11 java.base@17
v  ~StubRoutines::call_stub

---------------  P R O C E S S  ---------------

Threads class SMR info:
_java_thread_list=0x0000020440206760, length=17, elements={
0x000002041edc3670, 0x000002043edcefd0, 0x000002043edcfe40, 0x000002043ede6a90,
0x000002043ede7440, 0x000002043ede7df0, 0x000002043ede87a0, 0x000002043ede9b40,
0x000002043edf5f00, 0x000002043edfa120, 0x000002043edb68a0, 0x000002043fb563f0,
0x000002043ff734e0, 0x000002043ffee920, 0x000002043ffef960, 0x00000204401e0ea0,
0x000002044022f560
}

Java Threads: ( => current thread )
  0x000002041edc3670 JavaThread "main" [_thread_blocked, id=4196, stack(0x0000009de9e00000,0x0000009de9f00000)]
  0x000002043edcefd0 JavaThread "Reference Handler" daemon [_thread_blocked, id=24096, stack(0x0000009dea500000,0x0000009dea600000)]
  0x000002043edcfe40 JavaThread "Finalizer" daemon [_thread_blocked, id=14548, stack(0x0000009dea600000,0x0000009dea700000)]
  0x000002043ede6a90 JavaThread "Signal Dispatcher" daemon [_thread_blocked, id=22232, stack(0x0000009dea700000,0x0000009dea800000)]
  0x000002043ede7440 JavaThread "Attach Listener" daemon [_thread_blocked, id=4324, stack(0x0000009dea800000,0x0000009dea900000)]
  0x000002043ede7df0 JavaThread "Service Thread" daemon [_thread_blocked, id=13384, stack(0x0000009dea900000,0x0000009deaa00000)]
  0x000002043ede87a0 JavaThread "Monitor Deflation Thread" daemon [_thread_blocked, id=22652, stack(0x0000009deaa00000,0x0000009deab00000)]
  0x000002043ede9b40 JavaThread "C2 CompilerThread0" daemon [_thread_blocked, id=19368, stack(0x0000009deab00000,0x0000009deac00000)]
  0x000002043edf5f00 JavaThread "C1 CompilerThread0" daemon [_thread_blocked, id=22572, stack(0x0000009deac00000,0x0000009dead00000)]
  0x000002043edfa120 JavaThread "Sweeper thread" daemon [_thread_blocked, id=3160, stack(0x0000009dead00000,0x0000009deae00000)]
  0x000002043edb68a0 JavaThread "Common-Cleaner" daemon [_thread_blocked, id=16956, stack(0x0000009deae00000,0x0000009deaf00000)]
  0x000002043fb563f0 JavaThread "Notification Thread" daemon [_thread_blocked, id=12228, stack(0x0000009deb000000,0x0000009deb100000)]
  0x000002043ff734e0 JavaThread "QuantumRenderer-0" daemon [_thread_blocked, id=13304, stack(0x0000009deaf00000,0x0000009deb000000)]
  0x000002043ffee920 JavaThread "InvokeLaterDispatcher" daemon [_thread_blocked, id=17392, stack(0x0000009deb200000,0x0000009deb300000)]
=>0x000002043ffef960 JavaThread "JavaFX Application Thread" [_thread_in_vm, id=4576, stack(0x0000009deb300000,0x0000009deb400000)]
  0x00000204401e0ea0 JavaThread "JavaFX-Launcher" [_thread_blocked, id=21148, stack(0x0000009deb700000,0x0000009deb800000)]
  0x000002044022f560 JavaThread "Thread-2" daemon [_thread_in_native, id=15288, stack(0x0000009deb600000,0x0000009deb700000)]

Other Threads:
  0x000002043edca310 VMThread "VM Thread" [stack: 0x0000009dea400000,0x0000009dea500000] [id=8700]
  0x000002041ee275d0 WatcherThread [stack: 0x0000009deb100000,0x0000009deb200000] [id=20536]
  0x000002041ee025c0 GCTaskThread "GC Thread#0" [stack: 0x0000009de9f00000,0x0000009dea000000] [id=23740]
  0x000002041ee131c0 ConcurrentGCThread "G1 Main Marker" [stack: 0x0000009dea000000,0x0000009dea100000] [id=21744]
  0x000002041ee13bd0 ConcurrentGCThread "G1 Conc#0" [stack: 0x0000009dea100000,0x0000009dea200000] [id=13148]
  0x000002043ec90090 ConcurrentGCThread "G1 Refine#0" [stack: 0x0000009dea200000,0x0000009dea300000] [id=4384]
  0x000002043ec90ab0 ConcurrentGCThread "G1 Service" [stack: 0x0000009dea300000,0x0000009dea400000] [id=15896]

Threads with active compile tasks:

VM state: not at safepoint (normal execution)

VM Mutex/Monitor currently owned by a thread:  ([mutex/lock_event])
[0x000002041edbf110] Metaspace_lock - owner thread: 0x000002043ffef960

Heap address: 0x0000000081a00000, size: 2022 MB, Compressed Oops mode: 32-bit

CDS archive(s) mapped at: [0x0000000800000000-0x0000000800bc0000-0x0000000800bc0000), size 12320768, SharedBaseAddress: 0x0000000800000000, ArchiveRelocationMode: 0.
Compressed class space mapped at: 0x0000000800c00000-0x0000000840c00000, reserved size: 1073741824
Narrow klass base: 0x0000000800000000, Narrow klass shift: 0, Narrow klass range: 0x100000000

GC Precious Log:
 CPUs: 8 total, 8 available
 Memory: 8087M
 Large Page Support: Disabled
 NUMA Support: Disabled
 Compressed Oops: Enabled (32-bit)
 Heap Region Size: 1M
 Heap Min Capacity: 8M
 Heap Initial Capacity: 128M
 Heap Max Capacity: 2022M
 Pre-touch: Disabled
 Parallel Workers: 8
 Concurrent Workers: 2
 Concurrent Refinement Workers: 8
 Periodic GC: Disabled

Heap:
 garbage-first heap   total 131072K, used 18432K [0x0000000081a00000, 0x0000000100000000)
  region size 1024K, 20 young (20480K), 0 survivors (0K)
 Metaspace       used 3889K, committed 4096K, reserved 1056768K
  class space    used 432K, committed 512K, reserved 1048576K

Heap Regions: E=young(eden), S=young(survivor), O=old, HS=humongous(starts), HC=humongous(continues), CS=collection set, F=free, OA=open archive, CA=closed archive, TAMS=top-at-mark-start (previous, next)
|   0|0x0000000081a00000, 0x0000000081a00000, 0x0000000081b00000|  0%| F|  |TAMS 0x0000000081a00000, 0x0000000081a00000| Untracked 
|   1|0x0000000081b00000, 0x0000000081b00000, 0x0000000081c00000|  0%| F|  |TAMS 0x0000000081b00000, 0x0000000081b00000| Untracked 
|   2|0x0000000081c00000, 0x0000000081c00000, 0x0000000081d00000|  0%| F|  |TAMS 0x0000000081c00000, 0x0000000081c00000| Untracked 
|   3|0x0000000081d00000, 0x0000000081d00000, 0x0000000081e00000|  0%| F|  |TAMS 0x0000000081d00000, 0x0000000081d00000| Untracked 
|   4|0x0000000081e00000, 0x0000000081e00000, 0x0000000081f00000|  0%| F|  |TAMS 0x0000000081e00000, 0x0000000081e00000| Untracked 
|   5|0x0000000081f00000, 0x0000000081f00000, 0x0000000082000000|  0%| F|  |TAMS 0x0000000081f00000, 0x0000000081f00000| Untracked 
|   6|0x0000000082000000, 0x0000000082000000, 0x0000000082100000|  0%| F|  |TAMS 0x0000000082000000, 0x0000000082000000| Untracked 
|   7|0x0000000082100000, 0x0000000082100000, 0x0000000082200000|  0%| F|  |TAMS 0x0000000082100000, 0x0000000082100000| Untracked 
|   8|0x0000000082200000, 0x0000000082200000, 0x0000000082300000|  0%| F|  |TAMS 0x0000000082200000, 0x0000000082200000| Untracked 
|   9|0x0000000082300000, 0x0000000082300000, 0x0000000082400000|  0%| F|  |TAMS 0x0000000082300000, 0x0000000082300000| Untracked 
|  10|0x0000000082400000, 0x0000000082400000, 0x0000000082500000|  0%| F|  |TAMS 0x0000000082400000, 0x0000000082400000| Untracked 
|  11|0x0000000082500000, 0x0000000082500000, 0x0000000082600000|  0%| F|  |TAMS 0x0000000082500000, 0x0000000082500000| Untracked 
|  12|0x0000000082600000, 0x0000000082600000, 0x0000000082700000|  0%| F|  |TAMS 0x0000000082600000, 0x0000000082600000| Untracked 
|  13|0x0000000082700000, 0x0000000082700000, 0x0000000082800000|  0%| F|  |TAMS 0x0000000082700000, 0x0000000082700000| Untracked 
|  14|0x0000000082800000, 0x0000000082800000, 0x0000000082900000|  0%| F|  |TAMS 0x0000000082800000, 0x0000000082800000| Untracked 
|  15|0x0000000082900000, 0x0000000082900000, 0x0000000082a00000|  0%| F|  |TAMS 0x0000000082900000, 0x0000000082900000| Untracked 
|  16|0x0000000082a00000, 0x0000000082a00000, 0x0000000082b00000|  0%| F|  |TAMS 0x0000000082a00000, 0x0000000082a00000| Untracked 
|  17|0x0000000082b00000, 0x0000000082b00000, 0x0000000082c00000|  0%| F|  |TAMS 0x0000000082b00000, 0x0000000082b00000| Untracked 
|  18|0x0000000082c00000, 0x0000000082c00000, 0x0000000082d00000|  0%| F|  |TAMS 0x0000000082c00000, 0x0000000082c00000| Untracked 
|  19|0x0000000082d00000, 0x0000000082d00000, 0x0000000082e00000|  0%| F|  |TAMS 0x0000000082d00000, 0x0000000082d00000| Untracked 
|  20|0x0000000082e00000, 0x0000000082e00000, 0x0000000082f00000|  0%| F|  |TAMS 0x0000000082e00000, 0x0000000082e00000| Untracked 
|  21|0x0000000082f00000, 0x0000000082f00000, 0x0000000083000000|  0%| F|  |TAMS 0x0000000082f00000, 0x0000000082f00000| Untracked 
|  22|0x0000000083000000, 0x0000000083000000, 0x0000000083100000|  0%| F|  |TAMS 0x0000000083000000, 0x0000000083000000| Untracked 
|  23|0x0000000083100000, 0x0000000083100000, 0x0000000083200000|  0%| F|  |TAMS 0x0000000083100000, 0x0000000083100000| Untracked 
|  24|0x0000000083200000, 0x0000000083200000, 0x0000000083300000|  0%| F|  |TAMS 0x0000000083200000, 0x0000000083200000| Untracked 
|  25|0x0000000083300000, 0x0000000083300000, 0x0000000083400000|  0%| F|  |TAMS 0x0000000083300000, 0x0000000083300000| Untracked 
|  26|0x0000000083400000, 0x0000000083400000, 0x0000000083500000|  0%| F|  |TAMS 0x0000000083400000, 0x0000000083400000| Untracked 
|  27|0x0000000083500000, 0x0000000083500000, 0x0000000083600000|  0%| F|  |TAMS 0x0000000083500000, 0x0000000083500000| Untracked 
|  28|0x0000000083600000, 0x0000000083600000, 0x0000000083700000|  0%| F|  |TAMS 0x0000000083600000, 0x0000000083600000| Untracked 
|  29|0x0000000083700000, 0x0000000083700000, 0x0000000083800000|  0%| F|  |TAMS 0x0000000083700000, 0x0000000083700000| Untracked 
|  30|0x0000000083800000, 0x0000000083800000, 0x0000000083900000|  0%| F|  |TAMS 0x0000000083800000, 0x0000000083800000| Untracked 
|  31|0x0000000083900000, 0x0000000083900000, 0x0000000083a00000|  0%| F|  |TAMS 0x0000000083900000, 0x0000000083900000| Untracked 
|  32|0x0000000083a00000, 0x0000000083a00000, 0x0000000083b00000|  0%| F|  |TAMS 0x0000000083a00000, 0x0000000083a00000| Untracked 
|  33|0x0000000083b00000, 0x0000000083b00000, 0x0000000083c00000|  0%| F|  |TAMS 0x0000000083b00000, 0x0000000083b00000| Untracked 
|  34|0x0000000083c00000, 0x0000000083c00000, 0x0000000083d00000|  0%| F|  |TAMS 0x0000000083c00000, 0x0000000083c00000| Untracked 
|  35|0x0000000083d00000, 0x0000000083d00000, 0x0000000083e00000|  0%| F|  |TAMS 0x0000000083d00000, 0x0000000083d00000| Untracked 
|  36|0x0000000083e00000, 0x0000000083e00000, 0x0000000083f00000|  0%| F|  |TAMS 0x0000000083e00000, 0x0000000083e00000| Untracked 
|  37|0x0000000083f00000, 0x0000000083f00000, 0x0000000084000000|  0%| F|  |TAMS 0x0000000083f00000, 0x0000000083f00000| Untracked 
|  38|0x0000000084000000, 0x0000000084000000, 0x0000000084100000|  0%| F|  |TAMS 0x0000000084000000, 0x0000000084000000| Untracked 
|  39|0x0000000084100000, 0x0000000084100000, 0x0000000084200000|  0%| F|  |TAMS 0x0000000084100000, 0x0000000084100000| Untracked 
|  40|0x0000000084200000, 0x0000000084200000, 0x0000000084300000|  0%| F|  |TAMS 0x0000000084200000, 0x0000000084200000| Untracked 
|  41|0x0000000084300000, 0x0000000084300000, 0x0000000084400000|  0%| F|  |TAMS 0x0000000084300000, 0x0000000084300000| Untracked 
|  42|0x0000000084400000, 0x0000000084400000, 0x0000000084500000|  0%| F|  |TAMS 0x0000000084400000, 0x0000000084400000| Untracked 
|  43|0x0000000084500000, 0x0000000084500000, 0x0000000084600000|  0%| F|  |TAMS 0x0000000084500000, 0x0000000084500000| Untracked 
|  44|0x0000000084600000, 0x0000000084600000, 0x0000000084700000|  0%| F|  |TAMS 0x0000000084600000, 0x0000000084600000| Untracked 
|  45|0x0000000084700000, 0x0000000084700000, 0x0000000084800000|  0%| F|  |TAMS 0x0000000084700000, 0x0000000084700000| Untracked 
|  46|0x0000000084800000, 0x0000000084800000, 0x0000000084900000|  0%| F|  |TAMS 0x0000000084800000, 0x0000000084800000| Untracked 
|  47|0x0000000084900000, 0x0000000084900000, 0x0000000084a00000|  0%| F|  |TAMS 0x0000000084900000, 0x0000000084900000| Untracked 
|  48|0x0000000084a00000, 0x0000000084a00000, 0x0000000084b00000|  0%| F|  |TAMS 0x0000000084a00000, 0x0000000084a00000| Untracked 
|  49|0x0000000084b00000, 0x0000000084b00000, 0x0000000084c00000|  0%| F|  |TAMS 0x0000000084b00000, 0x0000000084b00000| Untracked 
|  50|0x0000000084c00000, 0x0000000084c00000, 0x0000000084d00000|  0%| F|  |TAMS 0x0000000084c00000, 0x0000000084c00000| Untracked 
|  51|0x0000000084d00000, 0x0000000084d00000, 0x0000000084e00000|  0%| F|  |TAMS 0x0000000084d00000, 0x0000000084d00000| Untracked 
|  52|0x0000000084e00000, 0x0000000084e00000, 0x0000000084f00000|  0%| F|  |TAMS 0x0000000084e00000, 0x0000000084e00000| Untracked 
|  53|0x0000000084f00000, 0x0000000084f00000, 0x0000000085000000|  0%| F|  |TAMS 0x0000000084f00000, 0x0000000084f00000| Untracked 
|  54|0x0000000085000000, 0x0000000085000000, 0x0000000085100000|  0%| F|  |TAMS 0x0000000085000000, 0x0000000085000000| Untracked 
|  55|0x0000000085100000, 0x0000000085100000, 0x0000000085200000|  0%| F|  |TAMS 0x0000000085100000, 0x0000000085100000| Untracked 
|  56|0x0000000085200000, 0x0000000085200000, 0x0000000085300000|  0%| F|  |TAMS 0x0000000085200000, 0x0000000085200000| Untracked 
|  57|0x0000000085300000, 0x0000000085300000, 0x0000000085400000|  0%| F|  |TAMS 0x0000000085300000, 0x0000000085300000| Untracked 
|  58|0x0000000085400000, 0x0000000085400000, 0x0000000085500000|  0%| F|  |TAMS 0x0000000085400000, 0x0000000085400000| Untracked 
|  59|0x0000000085500000, 0x0000000085500000, 0x0000000085600000|  0%| F|  |TAMS 0x0000000085500000, 0x0000000085500000| Untracked 
|  60|0x0000000085600000, 0x0000000085600000, 0x0000000085700000|  0%| F|  |TAMS 0x0000000085600000, 0x0000000085600000| Untracked 
|  61|0x0000000085700000, 0x0000000085700000, 0x0000000085800000|  0%| F|  |TAMS 0x0000000085700000, 0x0000000085700000| Untracked 
|  62|0x0000000085800000, 0x0000000085800000, 0x0000000085900000|  0%| F|  |TAMS 0x0000000085800000, 0x0000000085800000| Untracked 
|  63|0x0000000085900000, 0x0000000085900000, 0x0000000085a00000|  0%| F|  |TAMS 0x0000000085900000, 0x0000000085900000| Untracked 
|  64|0x0000000085a00000, 0x0000000085a00000, 0x0000000085b00000|  0%| F|  |TAMS 0x0000000085a00000, 0x0000000085a00000| Untracked 
|  65|0x0000000085b00000, 0x0000000085b00000, 0x0000000085c00000|  0%| F|  |TAMS 0x0000000085b00000, 0x0000000085b00000| Untracked 
|  66|0x0000000085c00000, 0x0000000085c00000, 0x0000000085d00000|  0%| F|  |TAMS 0x0000000085c00000, 0x0000000085c00000| Untracked 
|  67|0x0000000085d00000, 0x0000000085d00000, 0x0000000085e00000|  0%| F|  |TAMS 0x0000000085d00000, 0x0000000085d00000| Untracked 
|  68|0x0000000085e00000, 0x0000000085e00000, 0x0000000085f00000|  0%| F|  |TAMS 0x0000000085e00000, 0x0000000085e00000| Untracked 
|  69|0x0000000085f00000, 0x0000000085f00000, 0x0000000086000000|  0%| F|  |TAMS 0x0000000085f00000, 0x0000000085f00000| Untracked 
|  70|0x0000000086000000, 0x0000000086000000, 0x0000000086100000|  0%| F|  |TAMS 0x0000000086000000, 0x0000000086000000| Untracked 
|  71|0x0000000086100000, 0x0000000086100000, 0x0000000086200000|  0%| F|  |TAMS 0x0000000086100000, 0x0000000086100000| Untracked 
|  72|0x0000000086200000, 0x0000000086200000, 0x0000000086300000|  0%| F|  |TAMS 0x0000000086200000, 0x0000000086200000| Untracked 
|  73|0x0000000086300000, 0x0000000086300000, 0x0000000086400000|  0%| F|  |TAMS 0x0000000086300000, 0x0000000086300000| Untracked 
|  74|0x0000000086400000, 0x0000000086400000, 0x0000000086500000|  0%| F|  |TAMS 0x0000000086400000, 0x0000000086400000| Untracked 
|  75|0x0000000086500000, 0x0000000086500000, 0x0000000086600000|  0%| F|  |TAMS 0x0000000086500000, 0x0000000086500000| Untracked 
|  76|0x0000000086600000, 0x0000000086600000, 0x0000000086700000|  0%| F|  |TAMS 0x0000000086600000, 0x0000000086600000| Untracked 
|  77|0x0000000086700000, 0x0000000086700000, 0x0000000086800000|  0%| F|  |TAMS 0x0000000086700000, 0x0000000086700000| Untracked 
|  78|0x0000000086800000, 0x0000000086800000, 0x0000000086900000|  0%| F|  |TAMS 0x0000000086800000, 0x0000000086800000| Untracked 
|  79|0x0000000086900000, 0x0000000086900000, 0x0000000086a00000|  0%| F|  |TAMS 0x0000000086900000, 0x0000000086900000| Untracked 
|  80|0x0000000086a00000, 0x0000000086a00000, 0x0000000086b00000|  0%| F|  |TAMS 0x0000000086a00000, 0x0000000086a00000| Untracked 
|  81|0x0000000086b00000, 0x0000000086b00000, 0x0000000086c00000|  0%| F|  |TAMS 0x0000000086b00000, 0x0000000086b00000| Untracked 
|  82|0x0000000086c00000, 0x0000000086c00000, 0x0000000086d00000|  0%| F|  |TAMS 0x0000000086c00000, 0x0000000086c00000| Untracked 
|  83|0x0000000086d00000, 0x0000000086d00000, 0x0000000086e00000|  0%| F|  |TAMS 0x0000000086d00000, 0x0000000086d00000| Untracked 
|  84|0x0000000086e00000, 0x0000000086e00000, 0x0000000086f00000|  0%| F|  |TAMS 0x0000000086e00000, 0x0000000086e00000| Untracked 
|  85|0x0000000086f00000, 0x0000000086f00000, 0x0000000087000000|  0%| F|  |TAMS 0x0000000086f00000, 0x0000000086f00000| Untracked 
|  86|0x0000000087000000, 0x0000000087000000, 0x0000000087100000|  0%| F|  |TAMS 0x0000000087000000, 0x0000000087000000| Untracked 
|  87|0x0000000087100000, 0x0000000087100000, 0x0000000087200000|  0%| F|  |TAMS 0x0000000087100000, 0x0000000087100000| Untracked 
|  88|0x0000000087200000, 0x0000000087200000, 0x0000000087300000|  0%| F|  |TAMS 0x0000000087200000, 0x0000000087200000| Untracked 
|  89|0x0000000087300000, 0x0000000087300000, 0x0000000087400000|  0%| F|  |TAMS 0x0000000087300000, 0x0000000087300000| Untracked 
|  90|0x0000000087400000, 0x0000000087400000, 0x0000000087500000|  0%| F|  |TAMS 0x0000000087400000, 0x0000000087400000| Untracked 
|  91|0x0000000087500000, 0x0000000087500000, 0x0000000087600000|  0%| F|  |TAMS 0x0000000087500000, 0x0000000087500000| Untracked 
|  92|0x0000000087600000, 0x0000000087600000, 0x0000000087700000|  0%| F|  |TAMS 0x0000000087600000, 0x0000000087600000| Untracked 
|  93|0x0000000087700000, 0x0000000087700000, 0x0000000087800000|  0%| F|  |TAMS 0x0000000087700000, 0x0000000087700000| Untracked 
|  94|0x0000000087800000, 0x0000000087800000, 0x0000000087900000|  0%| F|  |TAMS 0x0000000087800000, 0x0000000087800000| Untracked 
|  95|0x0000000087900000, 0x0000000087900000, 0x0000000087a00000|  0%| F|  |TAMS 0x0000000087900000, 0x0000000087900000| Untracked 
|  96|0x0000000087a00000, 0x0000000087a00000, 0x0000000087b00000|  0%| F|  |TAMS 0x0000000087a00000, 0x0000000087a00000| Untracked 
|  97|0x0000000087b00000, 0x0000000087b00000, 0x0000000087c00000|  0%| F|  |TAMS 0x0000000087b00000, 0x0000000087b00000| Untracked 
|  98|0x0000000087c00000, 0x0000000087c00000, 0x0000000087d00000|  0%| F|  |TAMS 0x0000000087c00000, 0x0000000087c00000| Untracked 
|  99|0x0000000087d00000, 0x0000000087d00000, 0x0000000087e00000|  0%| F|  |TAMS 0x0000000087d00000, 0x0000000087d00000| Untracked 
| 100|0x0000000087e00000, 0x0000000087e00000, 0x0000000087f00000|  0%| F|  |TAMS 0x0000000087e00000, 0x0000000087e00000| Untracked 
| 101|0x0000000087f00000, 0x0000000087f00000, 0x0000000088000000|  0%| F|  |TAMS 0x0000000087f00000, 0x0000000087f00000| Untracked 
| 102|0x0000000088000000, 0x0000000088000000, 0x0000000088100000|  0%| F|  |TAMS 0x0000000088000000, 0x0000000088000000| Untracked 
| 103|0x0000000088100000, 0x0000000088100000, 0x0000000088200000|  0%| F|  |TAMS 0x0000000088100000, 0x0000000088100000| Untracked 
| 104|0x0000000088200000, 0x0000000088200000, 0x0000000088300000|  0%| F|  |TAMS 0x0000000088200000, 0x0000000088200000| Untracked 
| 105|0x0000000088300000, 0x0000000088300000, 0x0000000088400000|  0%| F|  |TAMS 0x0000000088300000, 0x0000000088300000| Untracked 
| 106|0x0000000088400000, 0x0000000088400000, 0x0000000088500000|  0%| F|  |TAMS 0x0000000088400000, 0x0000000088400000| Untracked 
| 107|0x0000000088500000, 0x0000000088500000, 0x0000000088600000|  0%| F|  |TAMS 0x0000000088500000, 0x0000000088500000| Untracked 
| 108|0x0000000088600000, 0x00000000886768e0, 0x0000000088700000| 46%| E|  |TAMS 0x0000000088600000, 0x0000000088600000| Complete 
| 109|0x0000000088700000, 0x0000000088800000, 0x0000000088800000|100%| E|CS|TAMS 0x0000000088700000, 0x0000000088700000| Complete 
| 110|0x0000000088800000, 0x0000000088900000, 0x0000000088900000|100%| E|CS|TAMS 0x0000000088800000, 0x0000000088800000| Complete 
| 111|0x0000000088900000, 0x0000000088a00000, 0x0000000088a00000|100%| E|CS|TAMS 0x0000000088900000, 0x0000000088900000| Complete 
| 112|0x0000000088a00000, 0x0000000088b00000, 0x0000000088b00000|100%| E|CS|TAMS 0x0000000088a00000, 0x0000000088a00000| Complete 
| 113|0x0000000088b00000, 0x0000000088c00000, 0x0000000088c00000|100%| E|CS|TAMS 0x0000000088b00000, 0x0000000088b00000| Complete 
| 114|0x0000000088c00000, 0x0000000088d00000, 0x0000000088d00000|100%| E|CS|TAMS 0x0000000088c00000, 0x0000000088c00000| Complete 
| 115|0x0000000088d00000, 0x0000000088e00000, 0x0000000088e00000|100%| E|CS|TAMS 0x0000000088d00000, 0x0000000088d00000| Complete 
| 116|0x0000000088e00000, 0x0000000088f00000, 0x0000000088f00000|100%| E|CS|TAMS 0x0000000088e00000, 0x0000000088e00000| Complete 
| 117|0x0000000088f00000, 0x0000000089000000, 0x0000000089000000|100%| E|  |TAMS 0x0000000088f00000, 0x0000000088f00000| Complete 
| 118|0x0000000089000000, 0x0000000089100000, 0x0000000089100000|100%| E|CS|TAMS 0x0000000089000000, 0x0000000089000000| Complete 
| 119|0x0000000089100000, 0x0000000089200000, 0x0000000089200000|100%| E|CS|TAMS 0x0000000089100000, 0x0000000089100000| Complete 
| 120|0x0000000089200000, 0x0000000089300000, 0x0000000089300000|100%| E|CS|TAMS 0x0000000089200000, 0x0000000089200000| Complete 
| 121|0x0000000089300000, 0x0000000089400000, 0x0000000089400000|100%| E|CS|TAMS 0x0000000089300000, 0x0000000089300000| Complete 
| 122|0x0000000089400000, 0x0000000089500000, 0x0000000089500000|100%| E|CS|TAMS 0x0000000089400000, 0x0000000089400000| Complete 
| 123|0x0000000089500000, 0x0000000089600000, 0x0000000089600000|100%| E|CS|TAMS 0x0000000089500000, 0x0000000089500000| Complete 
| 124|0x0000000089600000, 0x0000000089700000, 0x0000000089700000|100%| E|CS|TAMS 0x0000000089600000, 0x0000000089600000| Complete 
| 125|0x0000000089700000, 0x0000000089800000, 0x0000000089800000|100%| E|CS|TAMS 0x0000000089700000, 0x0000000089700000| Complete 
| 126|0x0000000089800000, 0x0000000089900000, 0x0000000089900000|100%| E|CS|TAMS 0x0000000089800000, 0x0000000089800000| Complete 
| 127|0x0000000089900000, 0x0000000089a00000, 0x0000000089a00000|100%| E|CS|TAMS 0x0000000089900000, 0x0000000089900000| Complete 

Card table byte_map: [0x0000020437c20000,0x0000020438020000] _byte_map_base: 0x0000020437813000

Marking Bits (Prev, Next): (CMBitMap*) 0x000002041ee02bd0, (CMBitMap*) 0x000002041ee02c10
 Prev Bits: [0x0000020438420000, 0x000002043a3b8000)
 Next Bits: [0x000002043a3c0000, 0x000002043c358000)

Polling page: 0x000002041eea0000

Metaspace:

Usage:
  Non-class:      3.38 MB used.
      Class:    432.12 KB used.
       Both:      3.80 MB used.

Virtual space:
  Non-class space:        8.00 MB reserved,       3.50 MB ( 44%) committed,  1 nodes.
      Class space:        1.00 GB reserved,     512.00 KB ( <1%) committed,  1 nodes.
             Both:        1.01 GB reserved,       4.00 MB ( <1%) committed. 

Chunk freelists:
   Non-Class:  2.11 MB
       Class:  3.42 MB
        Both:  5.53 MB

MaxMetaspaceSize: unlimited
CompressedClassSpaceSize: 1.00 GB
Initial GC threshold: 21.00 MB
Current GC threshold: 21.00 MB
CDS: on
MetaspaceReclaimPolicy: balanced
 - commit_granule_bytes: 65536.
 - commit_granule_words: 8192.
 - virtual_space_node_default_size: 1048576.
 - enlarge_chunks_in_place: 1.
 - new_chunks_are_fully_committed: 0.
 - uncommit_free_chunks: 1.
 - use_allocation_guard: 0.
 - handle_deallocations: 1.


Internal statistics:

num_allocs_failed_limit: 0.
num_arena_births: 90.
num_arena_deaths: 0.
num_vsnodes_births: 2.
num_vsnodes_deaths: 0.
num_space_committed: 64.
num_space_uncommitted: 0.
num_chunks_returned_to_freelist: 0.
num_chunks_taken_from_freelist: 200.
num_chunk_merges: 0.
num_chunk_splits: 130.
num_chunks_enlarged: 96.
num_purges: 0.
num_inconsistent_stats: 0.

CodeHeap 'non-profiled nmethods': size=120000Kb used=274Kb max_used=274Kb free=119725Kb
 bounds [0x000002042f870000, 0x000002042fae0000, 0x0000020436da0000]
CodeHeap 'profiled nmethods': size=120000Kb used=1275Kb max_used=1275Kb free=118724Kb
 bounds [0x0000020428340000, 0x00000204285b0000, 0x000002042f870000]
CodeHeap 'non-nmethods': size=5760Kb used=1191Kb max_used=1206Kb free=4568Kb
 bounds [0x0000020427da0000, 0x0000020428010000, 0x0000020428340000]
 total_blobs=1352 nmethods=860 adapters=405
 compilation: enabled
              stopped_count=0, restarted_count=0
 full_count=0

Compilation events (20 events):
Event: 1.049 Thread 0x000002043edf5f00  851   !   3       java.util.zip.ZipFile::getInputStream (275 bytes)
Event: 1.050 Thread 0x000002043edf5f00 nmethod 851 0x0000020428476310 code [0x0000020428476600, 0x0000020428477768]
Event: 1.050 Thread 0x000002043edf5f00  852       3       java.util.concurrent.locks.ReentrantReadWriteLock$ReadLock::lock (9 bytes)
Event: 1.050 Thread 0x000002043edf5f00 nmethod 852 0x0000020428478210 code [0x00000204284783c0, 0x0000020428478508]
Event: 1.050 Thread 0x000002043edf5f00  853       3       java.util.concurrent.locks.AbstractQueuedSynchronizer::acquireShared (20 bytes)
Event: 1.050 Thread 0x000002043edf5f00 nmethod 853 0x0000020428478610 code [0x00000204284787c0, 0x0000020428478a38]
Event: 1.050 Thread 0x000002043edf5f00  854       3       java.util.concurrent.locks.ReentrantReadWriteLock$Sync::tryAcquireShared (177 bytes)
Event: 1.051 Thread 0x000002043edf5f00 nmethod 854 0x0000020428478b10 code [0x0000020428478d60, 0x00000204284798a8]
Event: 1.051 Thread 0x000002043edf5f00  855       3       java.util.concurrent.locks.ReentrantReadWriteLock$Sync::exclusiveCount (5 bytes)
Event: 1.051 Thread 0x000002043edf5f00 nmethod 855 0x0000020428479c10 code [0x0000020428479da0, 0x0000020428479e98]
Event: 1.051 Thread 0x000002043edf5f00  856       3       java.util.concurrent.locks.ReentrantReadWriteLock$Sync::sharedCount (5 bytes)
Event: 1.051 Thread 0x000002043edf5f00 nmethod 856 0x0000020428479f10 code [0x000002042847a0a0, 0x000002042847a198]
Event: 1.051 Thread 0x000002043edf5f00  857   !   3       jdk.internal.loader.BuiltinClassLoader::defineClass (162 bytes)
Event: 1.052 Thread 0x000002043ede9b40  858       4       java.util.Optional::isPresent (13 bytes)
Event: 1.053 Thread 0x000002043ede9b40 nmethod 858 0x000002042f8b4690 code [0x000002042f8b4800, 0x000002042f8b4898]
Event: 1.054 Thread 0x000002043edf5f00 nmethod 857 0x000002042847a210 code [0x000002042847a6a0, 0x000002042847cd18]
Event: 1.054 Thread 0x000002043edf5f00  859       3       java.util.ArrayDeque::add (7 bytes)
Event: 1.054 Thread 0x000002043edf5f00 nmethod 859 0x000002042847de90 code [0x000002042847e040, 0x000002042847e188]
Event: 1.054 Thread 0x000002043edf5f00  860       3       java.lang.ClassLoader::compareCerts (197 bytes)
Event: 1.055 Thread 0x000002043edf5f00 nmethod 860 0x000002042847e210 code [0x000002042847e420, 0x000002042847ecd8]

GC Heap History (0 events):
No events

Deoptimization events (20 events):
Event: 0.196 Thread 0x000002041edc3670 DEOPT PACKING pc=0x000002042f879b78 sp=0x0000009de9efeeb0
Event: 0.196 Thread 0x000002041edc3670 DEOPT UNPACKING pc=0x0000020427df23a3 sp=0x0000009de9efedf0 mode 2
Event: 0.276 Thread 0x000002041edc3670 Uncommon trap: trap_request=0xffffff45 fr.pc=0x000002042f881cf8 relative=0x00000000000007b8
Event: 0.276 Thread 0x000002041edc3670 Uncommon trap: reason=unstable_if action=reinterpret pc=0x000002042f881cf8 method=java.lang.String.isEmpty()Z @ 5 c2
Event: 0.276 Thread 0x000002041edc3670 DEOPT PACKING pc=0x000002042f881cf8 sp=0x0000009de9efe280
Event: 0.276 Thread 0x000002041edc3670 DEOPT UNPACKING pc=0x0000020427df23a3 sp=0x0000009de9efe1c0 mode 2
Event: 0.596 Thread 0x000002041edc3670 DEOPT PACKING pc=0x0000020428407377 sp=0x0000009de9efe160
Event: 0.596 Thread 0x000002041edc3670 DEOPT UNPACKING pc=0x0000020427df2b43 sp=0x0000009de9efd580 mode 0
Event: 0.607 Thread 0x000002041edc3670 DEOPT PACKING pc=0x0000020428401252 sp=0x0000009de9efe130
Event: 0.607 Thread 0x000002041edc3670 DEOPT UNPACKING pc=0x0000020427df2b43 sp=0x0000009de9efd5c8 mode 0
Event: 0.640 Thread 0x000002041edc3670 DEOPT PACKING pc=0x0000020428393227 sp=0x0000009de9ef9f60
Event: 0.640 Thread 0x000002041edc3670 DEOPT UNPACKING pc=0x0000020427df2b43 sp=0x0000009de9ef93c0 mode 0
Event: 0.915 Thread 0x000002043ffef960 Uncommon trap: trap_request=0xffffff45 fr.pc=0x000002042f8a1f40 relative=0x0000000000000280
Event: 0.915 Thread 0x000002043ffef960 Uncommon trap: reason=unstable_if action=reinterpret pc=0x000002042f8a1f40 method=java.lang.invoke.VarHandle.checkExactAccessMode(Ljava/lang/invoke/VarHandle$AccessDescriptor;)V @ 4 c2
Event: 0.915 Thread 0x000002043ffef960 DEOPT PACKING pc=0x000002042f8a1f40 sp=0x0000009deb3fe850
Event: 0.915 Thread 0x000002043ffef960 DEOPT UNPACKING pc=0x0000020427df23a3 sp=0x0000009deb3fe7c0 mode 2
Event: 0.920 Thread 0x000002043ff734e0 Uncommon trap: trap_request=0xffffff45 fr.pc=0x000002042f8a2838 relative=0x0000000000000198
Event: 0.920 Thread 0x000002043ff734e0 Uncommon trap: reason=unstable_if action=reinterpret pc=0x000002042f8a2838 method=java.lang.invoke.VarHandle.checkExactAccessMode(Ljava/lang/invoke/VarHandle$AccessDescriptor;)V @ 4 c2
Event: 0.920 Thread 0x000002043ff734e0 DEOPT PACKING pc=0x000002042f8a2838 sp=0x0000009deafff170
Event: 0.920 Thread 0x000002043ff734e0 DEOPT UNPACKING pc=0x0000020427df23a3 sp=0x0000009deafff150 mode 2

Classes unloaded (0 events):
No events

Classes redefined (0 events):
No events

Internal exceptions (11 events):
Event: 0.214 Thread 0x000002041edc3670 Exception <a 'java/lang/NoSuchMethodError'{0x00000000892094a0}: 'java.lang.Object java.lang.invoke.DirectMethodHandle$Holder.invokeStaticInit(java.lang.Object)'> (0x00000000892094a0) 
thrown [t:\workspace\open\src\hotspot\share\interpreter\linkResolver.cpp, line 766]
Event: 0.217 Thread 0x000002041edc3670 Exception <a 'java/lang/NoSuchMethodError'{0x000000008920fd68}: 'void java.lang.invoke.DirectMethodHandle$Holder.invokeStatic(java.lang.Object, java.lang.Object)'> (0x000000008920fd68) 
thrown [t:\workspace\open\src\hotspot\share\interpreter\linkResolver.cpp, line 766]
Event: 0.669 Thread 0x000002041edc3670 Exception <a 'java/lang/NoSuchMethodError'{0x0000000088dd04e0}: 'void java.lang.invoke.DirectMethodHandle$Holder.invokeSpecial(java.lang.Object, java.lang.Object, java.lang.Object)'> (0x0000000088dd04e0) 
thrown [t:\workspace\open\src\hotspot\share\interpreter\linkResolver.cpp, line 766]
Event: 0.682 Thread 0x000002041edc3670 Exception <a 'java/lang/NoSuchMethodError'{0x0000000088c07a30}: 'void java.lang.invoke.DirectMethodHandle$Holder.invokeStatic(java.lang.Object, java.lang.Object, java.lang.Object)'> (0x0000000088c07a30) 
thrown [t:\workspace\open\src\hotspot\share\interpreter\linkResolver.cpp, line 766]
Event: 0.853 Thread 0x000002041edc3670 Exception <a 'java/lang/NoSuchMethodError'{0x0000000088c24560}: 'int java.lang.invoke.DirectMethodHandle$Holder.invokeStaticInit(java.lang.Object, java.lang.Object, java.lang.Object)'> (0x0000000088c24560) 
thrown [t:\workspace\open\src\hotspot\share\interpreter\linkResolver.cpp, line 766]
Event: 0.891 Thread 0x000002041edc3670 Exception <a 'java/lang/NoSuchMethodError'{0x0000000088b5b5c8}: 'java.lang.Object java.lang.invoke.DirectMethodHandle$Holder.newInvokeSpecial(java.lang.Object, java.lang.Object, int, java.lang.Object)'> (0x0000000088b5b5c8) 
thrown [t:\workspace\open\src\hotspot\share\interpreter\linkResolver.cpp, line 766]
Event: 0.892 Thread 0x000002041edc3670 Exception <a 'java/lang/NoSuchMethodError'{0x0000000088b5f9a8}: 'java.lang.Object java.lang.invoke.DirectMethodHandle$Holder.invokeSpecial(java.lang.Object, java.lang.Object, java.lang.Object, int, java.lang.Object)'> (0x0000000088b5f9a8) 
thrown [t:\workspace\open\src\hotspot\share\interpreter\linkResolver.cpp, line 766]
Event: 1.020 Thread 0x000002043ffef960 Exception <a 'java/lang/NoSuchMethodError'{0x0000000088813268}: 'void java.lang.invoke.DirectMethodHandle$Holder.invokeStaticInit(java.lang.Object)'> (0x0000000088813268) 
thrown [t:\workspace\open\src\hotspot\share\interpreter\linkResolver.cpp, line 766]
Event: 1.025 Thread 0x000002041edc3670 Exception <a 'java/lang/NoSuchMethodError'{0x0000000088b74a40}: 'java.lang.Object java.lang.invoke.DirectMethodHandle$Holder.newInvokeSpecial(java.lang.Object, java.lang.Object, java.lang.Object, java.lang.Object, java.lang.Object, java.lang.Object)'> (0x0000000088b74a40) 
thrown [t:\workspace\open\src\hotspot\share\interpreter\linkResolver.cpp, line 766]
Event: 1.032 Thread 0x000002041edc3670 Exception <a 'java/lang/NoSuchMethodError'{0x00000000888a4ed8}: 'java.lang.Object java.lang.invoke.DirectMethodHandle$Holder.newInvokeSpecial(java.lang.Object, java.lang.Object, java.lang.Object, java.lang.Object, java.lang.Object)'> (0x00000000888a4ed8) 
thrown [t:\workspace\open\src\hotspot\share\interpreter\linkResolver.cpp, line 766]
Event: 1.034 Thread 0x00000204401e0ea0 Exception <a 'java/lang/NoSuchMethodError'{0x00000000888f1f10}: 'void java.lang.invoke.DirectMethodHandle$Holder.invokeStatic(java.lang.Object, java.lang.Object, java.lang.Object, java.lang.Object)'> (0x00000000888f1f10) 
thrown [t:\workspace\open\src\hotspot\share\interpreter\linkResolver.cpp, line 766]

VM Operations (6 events):
Event: 0.138 Executing VM operation: HandshakeAllThreads
Event: 0.138 Executing VM operation: HandshakeAllThreads done
Event: 0.183 Executing VM operation: HandshakeAllThreads
Event: 0.184 Executing VM operation: HandshakeAllThreads done
Event: 0.867 Executing VM operation: HandshakeAllThreads
Event: 0.867 Executing VM operation: HandshakeAllThreads done

Events (20 events):
Event: 0.920 loading class java/util/concurrent/CancellationException
Event: 0.920 loading class java/util/concurrent/CancellationException done
Event: 0.920 loading class java/util/concurrent/ExecutionException
Event: 0.920 loading class java/util/concurrent/ExecutionException done
Event: 0.920 loading class java/util/concurrent/FutureTask$WaitNode
Event: 0.920 loading class java/util/concurrent/FutureTask$WaitNode done
Event: 0.920 loading class java/util/concurrent/Executors$RunnableAdapter
Event: 0.920 loading class java/util/concurrent/Executors$RunnableAdapter done
Event: 1.007 loading class java/util/NoSuchElementException
Event: 1.007 loading class java/util/NoSuchElementException done
Event: 1.023 loading class java/util/AbstractList$Itr
Event: 1.023 loading class java/util/AbstractList$Itr done
Event: 1.025 loading class java/lang/NumberFormatException
Event: 1.025 loading class java/lang/NumberFormatException done
Event: 1.026 loading class java/util/concurrent/LinkedBlockingDeque$Node
Event: 1.026 loading class java/util/concurrent/LinkedBlockingDeque$Node done
Event: 1.030 loading class java/lang/StackTraceElement$HashedModules
Event: 1.030 loading class java/lang/StackTraceElement$HashedModules done
Event: 1.032 Thread 0x00000204401e0ea0 Thread added: 0x00000204401e0ea0
Event: 1.044 Thread 0x000002044022f560 Thread added: 0x000002044022f560


Dynamic libraries:
0x00007ff689480000 - 0x00007ff689490000 	C:\Program Files\Java\jdk-17\bin\java.exe
0x00007ffbe88b0000 - 0x00007ffbe8aa5000 	C:\WINDOWS\SYSTEM32\ntdll.dll
0x00007ffbe7020000 - 0x00007ffbe70de000 	C:\WINDOWS\System32\KERNEL32.DLL
0x00007ffbe6640000 - 0x00007ffbe6908000 	C:\WINDOWS\System32\KERNELBASE.dll
0x00007ffbe6000000 - 0x00007ffbe6100000 	C:\WINDOWS\System32\ucrtbase.dll
0x00007ffbc9f00000 - 0x00007ffbc9f1a000 	C:\Program Files\Java\jdk-17\bin\VCRUNTIME140.dll
0x00007ffbc9f40000 - 0x00007ffbc9f58000 	C:\Program Files\Java\jdk-17\bin\jli.dll
0x00007ffbe7220000 - 0x00007ffbe72ce000 	C:\WINDOWS\System32\ADVAPI32.dll
0x00007ffbe6910000 - 0x00007ffbe69ae000 	C:\WINDOWS\System32\msvcrt.dll
0x00007ffbe82e0000 - 0x00007ffbe837c000 	C:\WINDOWS\System32\sechost.dll
0x00007ffbe73f0000 - 0x00007ffbe7515000 	C:\WINDOWS\System32\RPCRT4.dll
0x00007ffbe7e10000 - 0x00007ffbe7fb0000 	C:\WINDOWS\System32\USER32.dll
0x00007ffbcac30000 - 0x00007ffbcaeca000 	C:\WINDOWS\WinSxS\amd64_microsoft.windows.common-controls_6595b64144ccf1df_6.0.19041.1110_none_60b5254171f9507e\COMCTL32.dll
0x00007ffbe62c0000 - 0x00007ffbe62e2000 	C:\WINDOWS\System32\win32u.dll
0x00007ffbe7520000 - 0x00007ffbe754a000 	C:\WINDOWS\System32\GDI32.dll
0x00007ffbe6100000 - 0x00007ffbe620b000 	C:\WINDOWS\System32\gdi32full.dll
0x00007ffbdf2b0000 - 0x00007ffbdf2ba000 	C:\WINDOWS\SYSTEM32\VERSION.dll
0x00007ffbe65a0000 - 0x00007ffbe663d000 	C:\WINDOWS\System32\msvcp_win.dll
0x00007ffbe6c60000 - 0x00007ffbe6c90000 	C:\WINDOWS\System32\IMM32.DLL
0x00007ffbdd6d0000 - 0x00007ffbdd6dc000 	C:\Program Files\Java\jdk-17\bin\vcruntime140_1.dll
0x00007ffba7750000 - 0x00007ffba77dd000 	C:\Program Files\Java\jdk-17\bin\msvcp140.dll
0x00007ffb69c20000 - 0x00007ffb6a7de000 	C:\Program Files\Java\jdk-17\bin\server\jvm.dll
0x00007ffbe7010000 - 0x00007ffbe7018000 	C:\WINDOWS\System32\PSAPI.DLL
0x00007ffbc8660000 - 0x00007ffbc8669000 	C:\WINDOWS\SYSTEM32\WSOCK32.dll
0x00007ffbe05c0000 - 0x00007ffbe05e7000 	C:\WINDOWS\SYSTEM32\WINMM.dll
0x00007ffbe72d0000 - 0x00007ffbe733b000 	C:\WINDOWS\System32\WS2_32.dll
0x00007ffbe3eb0000 - 0x00007ffbe3ec2000 	C:\WINDOWS\SYSTEM32\kernel.appcore.dll
0x00007ffbdd590000 - 0x00007ffbdd59a000 	C:\Program Files\Java\jdk-17\bin\jimage.dll
0x00007ffbdcb50000 - 0x00007ffbdcd34000 	C:\WINDOWS\SYSTEM32\DBGHELP.DLL
0x00007ffbc4fe0000 - 0x00007ffbc500c000 	C:\WINDOWS\SYSTEM32\dbgcore.DLL
0x00007ffbe62f0000 - 0x00007ffbe6372000 	C:\WINDOWS\System32\bcryptPrimitives.dll
0x00007ffbbc980000 - 0x00007ffbbc9a5000 	C:\Program Files\Java\jdk-17\bin\java.dll
0x00007ffb9f070000 - 0x00007ffb9f146000 	C:\Program Files\Java\jdk-17\bin\svml.dll
0x00007ffbe76c0000 - 0x00007ffbe7e04000 	C:\WINDOWS\System32\SHELL32.dll
0x00007ffbe40b0000 - 0x00007ffbe4844000 	C:\WINDOWS\SYSTEM32\windows.storage.dll
0x00007ffbe6cb0000 - 0x00007ffbe7004000 	C:\WINDOWS\System32\combase.dll
0x00007ffbe5a20000 - 0x00007ffbe5a4c000 	C:\WINDOWS\SYSTEM32\Wldp.dll
0x00007ffbe7340000 - 0x00007ffbe73ed000 	C:\WINDOWS\System32\SHCORE.dll
0x00007ffbe7660000 - 0x00007ffbe76b5000 	C:\WINDOWS\System32\shlwapi.dll
0x00007ffbe5f10000 - 0x00007ffbe5f2f000 	C:\WINDOWS\SYSTEM32\profapi.dll
0x00007ffbc7390000 - 0x00007ffbc73a9000 	C:\Program Files\Java\jdk-17\bin\net.dll
0x00007ffbde950000 - 0x00007ffbdea5a000 	C:\WINDOWS\SYSTEM32\WINHTTP.dll
0x00007ffbe5740000 - 0x00007ffbe57aa000 	C:\WINDOWS\system32\mswsock.dll
0x00007ffbbc160000 - 0x00007ffbbc175000 	C:\Program Files\Java\jdk-17\bin\nio.dll
0x00007ffbb6df0000 - 0x00007ffbb6e08000 	C:\Program Files\Java\jdk-17\bin\zip.dll
0x000002043efb0000 - 0x000002043efb3000 	C:\Users\Erika\.openjfx\cache\15.0.1\api-ms-win-core-console-l1-1-0.dll
0x000002043efc0000 - 0x000002043efc3000 	C:\Users\Erika\.openjfx\cache\15.0.1\api-ms-win-core-console-l1-2-0.dll
0x000002043efd0000 - 0x000002043efd3000 	C:\Users\Erika\.openjfx\cache\15.0.1\api-ms-win-core-datetime-l1-1-0.dll
0x000002043efe0000 - 0x000002043efe3000 	C:\Users\Erika\.openjfx\cache\15.0.1\api-ms-win-core-debug-l1-1-0.dll
0x000002043eff0000 - 0x000002043eff3000 	C:\Users\Erika\.openjfx\cache\15.0.1\api-ms-win-core-errorhandling-l1-1-0.dll
0x0000020440400000 - 0x0000020440404000 	C:\Users\Erika\.openjfx\cache\15.0.1\api-ms-win-core-file-l1-1-0.dll
0x0000020440410000 - 0x0000020440413000 	C:\Users\Erika\.openjfx\cache\15.0.1\api-ms-win-core-file-l1-2-0.dll
0x0000020440420000 - 0x0000020440423000 	C:\Users\Erika\.openjfx\cache\15.0.1\api-ms-win-core-file-l2-1-0.dll
0x0000020440430000 - 0x0000020440433000 	C:\Users\Erika\.openjfx\cache\15.0.1\api-ms-win-core-handle-l1-1-0.dll
0x0000020440440000 - 0x0000020440443000 	C:\Users\Erika\.openjfx\cache\15.0.1\api-ms-win-core-heap-l1-1-0.dll
0x0000020440450000 - 0x0000020440453000 	C:\Users\Erika\.openjfx\cache\15.0.1\api-ms-win-core-interlocked-l1-1-0.dll
0x0000020440460000 - 0x0000020440463000 	C:\Users\Erika\.openjfx\cache\15.0.1\api-ms-win-core-libraryloader-l1-1-0.dll
0x0000020440470000 - 0x0000020440473000 	C:\Users\Erika\.openjfx\cache\15.0.1\api-ms-win-core-localization-l1-2-0.dll
0x0000020440480000 - 0x0000020440483000 	C:\Users\Erika\.openjfx\cache\15.0.1\api-ms-win-core-memory-l1-1-0.dll
0x0000020440490000 - 0x0000020440493000 	C:\Users\Erika\.openjfx\cache\15.0.1\api-ms-win-core-namedpipe-l1-1-0.dll
0x00000204404a0000 - 0x00000204404a3000 	C:\Users\Erika\.openjfx\cache\15.0.1\api-ms-win-core-processenvironment-l1-1-0.dll
0x00000204404b0000 - 0x00000204404b3000 	C:\Users\Erika\.openjfx\cache\15.0.1\api-ms-win-core-processthreads-l1-1-0.dll
0x00000204404c0000 - 0x00000204404c3000 	C:\Users\Erika\.openjfx\cache\15.0.1\api-ms-win-core-processthreads-l1-1-1.dll
0x00000204404d0000 - 0x00000204404d3000 	C:\Users\Erika\.openjfx\cache\15.0.1\api-ms-win-core-profile-l1-1-0.dll
0x00000204404e0000 - 0x00000204404e3000 	C:\Users\Erika\.openjfx\cache\15.0.1\api-ms-win-core-rtlsupport-l1-1-0.dll
0x00000204404f0000 - 0x00000204404f3000 	C:\Users\Erika\.openjfx\cache\15.0.1\api-ms-win-core-string-l1-1-0.dll
0x0000020440500000 - 0x0000020440503000 	C:\Users\Erika\.openjfx\cache\15.0.1\api-ms-win-core-synch-l1-1-0.dll
0x0000020440510000 - 0x0000020440513000 	C:\Users\Erika\.openjfx\cache\15.0.1\api-ms-win-core-synch-l1-2-0.dll
0x0000020440520000 - 0x0000020440523000 	C:\Users\Erika\.openjfx\cache\15.0.1\api-ms-win-core-sysinfo-l1-1-0.dll
0x0000020440530000 - 0x0000020440533000 	C:\Users\Erika\.openjfx\cache\15.0.1\api-ms-win-core-timezone-l1-1-0.dll
0x0000020440540000 - 0x0000020440543000 	C:\Users\Erika\.openjfx\cache\15.0.1\api-ms-win-core-util-l1-1-0.dll
0x0000020440550000 - 0x0000020440553000 	C:\Users\Erika\.openjfx\cache\15.0.1\api-ms-win-crt-conio-l1-1-0.dll
0x0000020440560000 - 0x0000020440564000 	C:\Users\Erika\.openjfx\cache\15.0.1\api-ms-win-crt-convert-l1-1-0.dll
0x0000020440570000 - 0x0000020440573000 	C:\Users\Erika\.openjfx\cache\15.0.1\api-ms-win-crt-environment-l1-1-0.dll
0x0000020440580000 - 0x0000020440583000 	C:\Users\Erika\.openjfx\cache\15.0.1\api-ms-win-crt-filesystem-l1-1-0.dll
0x0000020440590000 - 0x0000020440593000 	C:\Users\Erika\.openjfx\cache\15.0.1\api-ms-win-crt-heap-l1-1-0.dll
0x00000204405a0000 - 0x00000204405a3000 	C:\Users\Erika\.openjfx\cache\15.0.1\api-ms-win-crt-locale-l1-1-0.dll
0x00000204405b0000 - 0x00000204405b5000 	C:\Users\Erika\.openjfx\cache\15.0.1\api-ms-win-crt-math-l1-1-0.dll
0x00000204405c0000 - 0x00000204405c5000 	C:\Users\Erika\.openjfx\cache\15.0.1\api-ms-win-crt-multibyte-l1-1-0.dll
0x00000204405d0000 - 0x00000204405e0000 	C:\Users\Erika\.openjfx\cache\15.0.1\api-ms-win-crt-private-l1-1-0.dll
0x00000204405e0000 - 0x00000204405e3000 	C:\Users\Erika\.openjfx\cache\15.0.1\api-ms-win-crt-process-l1-1-0.dll
0x00000204405f0000 - 0x00000204405f4000 	C:\Users\Erika\.openjfx\cache\15.0.1\api-ms-win-crt-runtime-l1-1-0.dll
0x0000020440600000 - 0x0000020440604000 	C:\Users\Erika\.openjfx\cache\15.0.1\api-ms-win-crt-stdio-l1-1-0.dll
0x0000020440610000 - 0x0000020440614000 	C:\Users\Erika\.openjfx\cache\15.0.1\api-ms-win-crt-string-l1-1-0.dll
0x0000020440620000 - 0x0000020440623000 	C:\Users\Erika\.openjfx\cache\15.0.1\api-ms-win-crt-time-l1-1-0.dll
0x0000020440630000 - 0x0000020440633000 	C:\Users\Erika\.openjfx\cache\15.0.1\api-ms-win-crt-utility-l1-1-0.dll
0x00007ffba5dc0000 - 0x00007ffba5ebc000 	C:\Users\Erika\.openjfx\cache\15.0.1\ucrtbase.dll
0x00007ffbe1be0000 - 0x00007ffbe1bf5000 	C:\Users\Erika\.openjfx\cache\15.0.1\vcruntime140.dll
0x00007ffba5d20000 - 0x00007ffba5dbb000 	C:\Users\Erika\.openjfx\cache\15.0.1\msvcp140.dll
0x00007ffbddf90000 - 0x00007ffbddfb3000 	C:\Users\Erika\.openjfx\cache\15.0.1\prism_d3d.dll
0x00007ffbd0830000 - 0x00007ffbd09ff000 	C:\WINDOWS\system32\d3d9.dll
0x00007ffbe3ca0000 - 0x00007ffbe3ccf000 	C:\WINDOWS\SYSTEM32\dwmapi.dll
0x00007ffbe39d0000 - 0x00007ffbe3a6e000 	C:\WINDOWS\system32\uxtheme.dll
0x00007ffb8b7c0000 - 0x00007ffb8b962000 	C:\WINDOWS\System32\DriverStore\FileRepository\iigd_dch.inf_amd64_1dc9fc8d5e442f6a\igdumdim64.dll
0x00007ffbe6b30000 - 0x00007ffbe6c5a000 	C:\WINDOWS\System32\ole32.dll
0x00007ffbe5fd0000 - 0x00007ffbe5ff7000 	C:\WINDOWS\System32\bcrypt.dll
0x00007ffb87bb0000 - 0x00007ffb8b7c0000 	C:\WINDOWS\System32\DriverStore\FileRepository\iigd_dch.inf_amd64_1dc9fc8d5e442f6a\igd9dxva64.dll
0x00007ffbe69b0000 - 0x00007ffbe6a7d000 	C:\WINDOWS\System32\OLEAUT32.dll
0x00007ffbe8380000 - 0x00007ffbe87ea000 	C:\WINDOWS\System32\SETUPAPI.dll
0x00007ffbe6550000 - 0x00007ffbe659e000 	C:\WINDOWS\System32\cfgmgr32.dll
0x00007ffbd51d0000 - 0x00007ffbd5597000 	C:\WINDOWS\System32\DriverStore\FileRepository\iigd_dch.inf_amd64_1dc9fc8d5e442f6a\igdgmm64.dll
0x00007ffbcb300000 - 0x00007ffbcb345000 	C:\Users\Erika\.openjfx\cache\15.0.1\glass.dll
0x00007ffbe7140000 - 0x00007ffbe721b000 	C:\WINDOWS\System32\COMDLG32.dll
0x00007ffb72260000 - 0x00007ffb7236e000 	C:\Program Files (x86)\Razer\Razer Cortex\x64\k_fps64.dll
0x00007ffb72200000 - 0x00007ffb72257000 	C:\Program Files (x86)\Razer\Razer Cortex\x64\EasyHook64.dll
0x00007ffb72180000 - 0x00007ffb721ff000 	C:\Program Files (x86)\Razer\Razer Cortex\x64\d3dx10_43.dll
0x00007ffbabac0000 - 0x00007ffbabbe6000 	C:\WINDOWS\SYSTEM32\OPENGL32.dll
0x00007ffb71f10000 - 0x00007ffb7217f000 	C:\Program Files (x86)\Razer\Razer Cortex\x64\D3DCOMPILER_43.dll
0x00007ffb71ca0000 - 0x00007ffb71f03000 	C:\Program Files (x86)\Razer\Razer Cortex\x64\d3dx9_43.dll
0x00007ffbaba50000 - 0x00007ffbaba7c000 	C:\WINDOWS\SYSTEM32\GLU32.dll
0x00007ffbe7fb0000 - 0x00007ffbe80c5000 	C:\WINDOWS\System32\MSCTF.dll
0x00007ffbb3750000 - 0x00007ffbb3777000 	C:\WINDOWS\System32\DriverStore\FileRepository\iigd_dch.inf_amd64_1dc9fc8d5e442f6a\igdinfo64.dll
0x00007ffbd1c10000 - 0x00007ffbd51c2000 	C:\WINDOWS\System32\DriverStore\FileRepository\iigd_dch.inf_amd64_1dc9fc8d5e442f6a\igc64.dll
0x00007ffbd9c20000 - 0x00007ffbd9c5b000 	C:\WINDOWS\SYSTEM32\dxcore.dll

dbghelp: loaded successfully - version: 4.0.5 - missing functions: none
symbol engine: initialized successfully - sym options: 0x614 - pdb path: .;C:\Program Files\Java\jdk-17\bin;C:\WINDOWS\SYSTEM32;C:\WINDOWS\WinSxS\amd64_microsoft.windows.common-controls_6595b64144ccf1df_6.0.19041.1110_none_60b5254171f9507e;C:\Program Files\Java\jdk-17\bin\server;C:\Users\Erika\.openjfx\cache\15.0.1;C:\WINDOWS\System32\DriverStore\FileRepository\iigd_dch.inf_amd64_1dc9fc8d5e442f6a;C:\Program Files (x86)\Razer\Razer Cortex\x64

VM Arguments:
jvm_args: --module-path=C:\Users\Erika\.m2\repository\org\openjfx\javafx-base\15.0.1\javafx-base-15.0.1-win.jar;C:\Users\Erika\.m2\repository\org\openjfx\javafx-base\15.0.1\javafx-base-15.0.1.jar;C:\Users\Erika\.m2\repository\org\openjfx\javafx-controls\15.0.1\javafx-controls-15.0.1-win.jar;C:\Users\Erika\.m2\repository\org\openjfx\javafx-controls\15.0.1\javafx-controls-15.0.1.jar;C:\Users\Erika\.m2\repository\org\openjfx\javafx-fxml\15.0.1\javafx-fxml-15.0.1-win.jar;C:\Users\Erika\.m2\repository\org\openjfx\javafx-fxml\15.0.1\javafx-fxml-15.0.1.jar;C:\Users\Erika\.m2\repository\org\openjfx\javafx-graphics\15.0.1\javafx-graphics-15.0.1-win.jar;C:\Users\Erika\.m2\repository\org\openjfx\javafx-graphics\15.0.1\javafx-graphics-15.0.1.jar --add-modules=javafx.base,javafx.controls,javafx.fxml,javafx.graphics 
java_command: org.loose.fis.bsa.Main
java_class_path (initial): G:\erika\Facultate\an2\an2sem2\Fund de Ing Software (FIS)\BeautySalonApplication\BeautySalonApp\target\classes;C:\Users\Erika\.m2\repository\com\fasterxml\jackson\core\jackson-annotations\2.10.1\jackson-annotations-2.10.1.jar;C:\Users\Erika\.m2\repository\com\fasterxml\jackson\core\jackson-core\2.10.1\jackson-core-2.10.1.jar;C:\Users\Erika\.m2\repository\com\fasterxml\jackson\core\jackson-databind\2.10.1\jackson-databind-2.10.1.jar;C:\Users\Erika\.m2\repository\com\h2database\h2-mvstore\1.4.200\h2-mvstore-1.4.200.jar;C:\Users\Erika\.m2\repository\com\squareup\okhttp3\okhttp\4.3.1\okhttp-4.3.1.jar;C:\Users\Erika\.m2\repository\com\squareup\okio\okio\2.4.1\okio-2.4.1.jar;C:\Users\Erika\.m2\repository\javax\annotation\javax.annotation-api\1.3.2\javax.annotation-api-1.3.2.jar;C:\Users\Erika\.m2\repository\javax\validation\validation-api\1.1.0.Final\validation-api-1.1.0.Final.jar;C:\Users\Erika\.m2\repository\net\jcip\jcip-annotations\1.0\jcip-annotations-1.0.jar;C:\Users\Erika\.m2\repository\org\apache\commons\commons-lang3\3.8.1\commons-lang3-3.8.1.jar;C:\Users\Erika\.m2\repository\org\dizitart\nitrite\3.4.3\nitrite-3.4.3.jar;C:\Users\Erika\.m2\repository\org\jasypt\jasypt\1.9.3\jasypt-1.9.3.jar;C:\Users\Erika\.m2\repository\org\jetbrains\annotations\13.0\annotations-13.0.jar;C:\Users\Erika\.m2\repository\org\jetbrains\kotlin\kotlin-stdlib\1.3.61\kotlin-stdlib-1.3.61.jar;C:\Users\Erika\.m2\repository\org\jetbrains\kotlin\kotlin-stdlib-common\1.3.50\kotlin-stdlib-common-1.3.50.jar;C:\Users\Erika\.m2\repository\org\objenesis\objenesis\2.6\objenesis-2.6.jar;C:\Users\Erika\.m2\repository\org\slf4j\slf4j-api\1.7.30\slf4j-api-1.7.30.jar;C:\Users\Erika\.m2\repository\uk\co\jemos\podam\podam\7.2.3.RELEASE\podam-7.2.3.RELEASE.jar
Launcher Type: SUN_STANDARD

[Global flags]
     intx CICompilerCount                          = 4                                         {product} {ergonomic}
     uint ConcGCThreads                            = 2                                         {product} {ergonomic}
     uint G1ConcRefinementThreads                  = 8                                         {product} {ergonomic}
   size_t G1HeapRegionSize                         = 1048576                                   {product} {ergonomic}
    uintx GCDrainStackTargetSize                   = 64                                        {product} {ergonomic}
   size_t InitialHeapSize                          = 134217728                                 {product} {ergonomic}
   size_t MarkStackSize                            = 4194304                                   {product} {ergonomic}
   size_t MaxHeapSize                              = 2120220672                                {product} {ergonomic}
   size_t MaxNewSize                               = 1271922688                                {product} {ergonomic}
   size_t MinHeapDeltaBytes                        = 1048576                                   {product} {ergonomic}
   size_t MinHeapSize                              = 8388608                                   {product} {ergonomic}
    uintx NonNMethodCodeHeapSize                   = 5839372                                {pd product} {ergonomic}
    uintx NonProfiledCodeHeapSize                  = 122909434                              {pd product} {ergonomic}
    uintx ProfiledCodeHeapSize                     = 122909434                              {pd product} {ergonomic}
    uintx ReservedCodeCacheSize                    = 251658240                              {pd product} {ergonomic}
     bool SegmentedCodeCache                       = true                                      {product} {ergonomic}
   size_t SoftMaxHeapSize                          = 2120220672                             {manageable} {ergonomic}
     bool UseCompressedClassPointers               = true                           {product lp64_product} {ergonomic}
     bool UseCompressedOops                        = true                           {product lp64_product} {ergonomic}
     bool UseG1GC                                  = true                                      {product} {ergonomic}
     bool UseLargePagesIndividualAllocation        = false                                  {pd product} {ergonomic}

Logging:
Log output configuration:
 #0: stdout all=warning uptime,level,tags
 #1: stderr all=off uptime,level,tags

Environment Variables:
JAVA_HOME=C:\Program Files\Java\jdk-17
PATH=C:\Program Files\Python310\Scripts\;C:\Program Files\Python310\;C:\Program Files\Common Files\Oracle\Java\javapath;C:\Program Files (x86)\Common Files\Oracle\Java\javapath;C:\Program Files (x86)\Common Files\Intel\Shared Libraries\redist\intel64_win\compiler;C:\ProgramData\Oracle\Java\javapath;C:\Windows\system32;C:\Windows;C:\Windows\System32\Wbem;C:\Windows\System32\WindowsPowerShell\v1.0\;C:\Windows\System32\OpenSSH\;C:\Program Files\NVIDIA Corporation\NVIDIA NvDLISR;C:\Program Files (x86)\NVIDIA Corporation\PhysX\Common;C:\WINDOWS\system32;C:\WINDOWS;C:\WINDOWS\System32\Wbem;C:\WINDOWS\System32\WindowsPowerShell\v1.0\;C:\WINDOWS\System32\OpenSSH\;C:\Program Files\MATLAB\R2021b\runtime\win64;C:\Program Files\MATLAB\R2021b\bin;C:\PROGRA~2\TableCurve2Dv5.01;C:\Program Files\Java\jdk-17\bin;C:\Program Files\Git\cmd;C:\Program Files (x86)\dBI\QDD\Drivers;C:\Program Files\Docker\Docker\resources\bin;C:\ProgramData\DockerDesktop\version-bin;C:\Gradle\gradle-7.4.2\bin;C:\Program Files (x86)\Objective Caml\bin;C:\apache-maven-3.8.5\bin;C:\Users\Erika\AppData\Local\Microsoft\WindowsApps;;C:\Users\Erika\AppData\Local\Programs\Microsoft VS Code\bin;C:\Program Files\JetBrains\IntelliJ IDEA Community Edition 2022.1\bin;
USERNAME=Erika
OS=Windows_NT
PROCESSOR_IDENTIFIER=Intel64 Family 6 Model 94 Stepping 3, GenuineIntel



---------------  S Y S T E M  ---------------

OS:
 Windows 10 , 64 bit Build 19041 (10.0.19041.1645)
OS uptime: 0 days 7:28 hours
Hyper-V role detected

CPU: total 8 (initial active 8) (4 cores per cpu, 2 threads per core) family 6 model 94 stepping 3 microcode 0xcc, cx8, cmov, fxsr, ht, mmx, 3dnowpref, sse, sse2, sse3, ssse3, sse4.1, sse4.2, popcnt, lzcnt, tsc, tscinvbit, avx, avx2, aes, erms, clmul, bmi1, bmi2, rtm, adx, fma, vzeroupper, clflush, clflushopt, hv

Memory: 4k page, system-wide physical 8087M (452M free)
TotalPageFile size 16279M (AvailPageFile size 2M)
current process WorkingSet (physical memory assigned to process): 87M, peak: 87M
current process commit charge ("private bytes"): 245M, peak: 245M

vm_info: Java HotSpot(TM) 64-Bit Server VM (17+35-LTS-2724) for windows-amd64 JRE (17+35-LTS-2724), built on Aug  5 2021 23:28:28 by "mach5one" with MS VC++ 16.8 (VS2019)

END.
